{"C:\\workspace\\code\\aware\\backend\\src\\db.ts": {"path":"C:\\workspace\\code\\aware\\backend\\src\\db.ts","statementMap":{"0":{"start":{"line":8,"column":0},"end":{"line":8,"column":7}},"1":{"start":{"line":1,"column":0},"end":{"line":1,"column":26}},"2":{"start":{"line":2,"column":0},"end":{"line":2,"column":37}},"3":{"start":{"line":4,"column":13},"end":{"line":6,"column":3}},"4":{"start":{"line":9,"column":17},"end":{"line":9,"column":50}},"5":{"start":{"line":10,"column":2},"end":{"line":10,"column":16}}},"fnMap":{"0":{"name":"query","decl":{"start":{"line":8,"column":22},"end":{"line":8,"column":27}},"loc":{"start":{"line":8,"column":65},"end":{"line":11,"column":1}}}},"branchMap":{},"s":{"0":1,"1":1,"2":1,"3":1,"4":0,"5":0},"f":{"0":0},"b":{}}
,"C:\\workspace\\code\\aware\\backend\\src\\env.ts": {"path":"C:\\workspace\\code\\aware\\backend\\src\\env.ts","statementMap":{"0":{"start":{"line":1,"column":0},"end":{"line":1,"column":28}},"1":{"start":{"line":2,"column":0},"end":{"line":2,"column":24}},"2":{"start":{"line":4,"column":16},"end":{"line":4,"column":70}},"3":{"start":{"line":5,"column":0},"end":{"line":5,"column":62}},"4":{"start":{"line":7,"column":13},"end":{"line":7,"column":71}},"5":{"start":{"line":8,"column":13},"end":{"line":8,"column":71}},"6":{"start":{"line":9,"column":13},"end":{"line":9,"column":90}}},"fnMap":{},"branchMap":{"0":{"loc":{"start":{"line":4,"column":16},"end":{"line":4,"column":70}},"type":"cond-expr","locations":[{"start":{"line":4,"column":50},"end":{"line":4,"column":61}},{"start":{"line":4,"column":64},"end":{"line":4,"column":70}}]},"1":{"loc":{"start":{"line":7,"column":20},"end":{"line":7,"column":70}},"type":"cond-expr","locations":[{"start":{"line":7,"column":39},"end":{"line":7,"column":63}},{"start":{"line":7,"column":66},"end":{"line":7,"column":70}}]},"2":{"loc":{"start":{"line":8,"column":26},"end":{"line":8,"column":70}},"type":"binary-expr","locations":[{"start":{"line":8,"column":26},"end":{"line":8,"column":48}},{"start":{"line":8,"column":52},"end":{"line":8,"column":70}}]},"3":{"loc":{"start":{"line":9,"column":28},"end":{"line":9,"column":89}},"type":"binary-expr","locations":[{"start":{"line":9,"column":28},"end":{"line":9,"column":52}},{"start":{"line":9,"column":56},"end":{"line":9,"column":89}}]}},"s":{"0":1,"1":1,"2":1,"3":1,"4":1,"5":1,"6":1},"f":{},"b":{"0":[1,0],"1":[0,1],"2":[1,1],"3":[1,1]}}
,"C:\\workspace\\code\\aware\\backend\\src\\index.ts": {"path":"C:\\workspace\\code\\aware\\backend\\src\\index.ts","statementMap":{"0":{"start":{"line":1,"column":0},"end":{"line":1,"column":30}},"1":{"start":{"line":2,"column":0},"end":{"line":2,"column":24}},"2":{"start":{"line":3,"column":0},"end":{"line":3,"column":29}},"3":{"start":{"line":4,"column":0},"end":{"line":4,"column":39}},"4":{"start":{"line":5,"column":0},"end":{"line":5,"column":53}},"5":{"start":{"line":6,"column":0},"end":{"line":6,"column":39}},"6":{"start":{"line":7,"column":0},"end":{"line":7,"column":41}},"7":{"start":{"line":9,"column":12},"end":{"line":9,"column":21}},"8":{"start":{"line":11,"column":0},"end":{"line":11,"column":16}},"9":{"start":{"line":12,"column":0},"end":{"line":12,"column":24}},"10":{"start":{"line":14,"column":0},"end":{"line":14,"column":29}},"11":{"start":{"line":15,"column":0},"end":{"line":15,"column":43}},"12":{"start":{"line":16,"column":0},"end":{"line":16,"column":29}},"13":{"start":{"line":17,"column":0},"end":{"line":17,"column":31}},"14":{"start":{"line":19,"column":0},"end":{"line":21,"column":3}},"15":{"start":{"line":20,"column":2},"end":{"line":20,"column":29}},"16":{"start":{"line":25,"column":0},"end":{"line":30,"column":1}},"17":{"start":{"line":26,"column":2},"end":{"line":29,"column":5}},"18":{"start":{"line":28,"column":4},"end":{"line":28,"column":71}},"19":{"start":{"line":32,"column":0},"end":{"line":32,"column":19}}},"fnMap":{"0":{"name":"(anonymous_1)","decl":{"start":{"line":19,"column":13},"end":{"line":19,"column":14}},"loc":{"start":{"line":19,"column":27},"end":{"line":21,"column":1}}},"1":{"name":"(anonymous_2)","decl":{"start":{"line":26,"column":19},"end":{"line":26,"column":22}},"loc":{"start":{"line":26,"column":24},"end":{"line":29,"column":3}}}},"branchMap":{"0":{"loc":{"start":{"line":25,"column":0},"end":{"line":30,"column":1}},"type":"if","locations":[{"start":{"line":25,"column":0},"end":{"line":30,"column":1}}]}},"s":{"0":1,"1":1,"2":1,"3":1,"4":1,"5":1,"6":1,"7":1,"8":1,"9":1,"10":1,"11":1,"12":1,"13":1,"14":1,"15":1,"16":1,"17":0,"18":0,"19":1},"f":{"0":1,"1":0},"b":{"0":[0]}}
,"C:\\workspace\\code\\aware\\backend\\src\\middleware\\auth.ts": {"path":"C:\\workspace\\code\\aware\\backend\\src\\middleware\\auth.ts","statementMap":{"0":{"start":{"line":9,"column":0},"end":{"line":9,"column":16}},"1":{"start":{"line":2,"column":0},"end":{"line":2,"column":31}},"2":{"start":{"line":3,"column":0},"end":{"line":3,"column":36}},"3":{"start":{"line":10,"column":21},"end":{"line":10,"column":46}},"4":{"start":{"line":11,"column":2},"end":{"line":13,"column":3}},"5":{"start":{"line":12,"column":4},"end":{"line":12,"column":59}},"6":{"start":{"line":15,"column":16},"end":{"line":15,"column":40}},"7":{"start":{"line":16,"column":2},"end":{"line":22,"column":3}},"8":{"start":{"line":17,"column":20},"end":{"line":17,"column":68}},"9":{"start":{"line":18,"column":4},"end":{"line":18,"column":29}},"10":{"start":{"line":19,"column":4},"end":{"line":19,"column":18}},"11":{"start":{"line":21,"column":4},"end":{"line":21,"column":60}}},"fnMap":{"0":{"name":"requireAuth","decl":{"start":{"line":9,"column":16},"end":{"line":9,"column":27}},"loc":{"start":{"line":9,"column":79},"end":{"line":23,"column":1}}}},"branchMap":{"0":{"loc":{"start":{"line":11,"column":2},"end":{"line":13,"column":3}},"type":"if","locations":[{"start":{"line":11,"column":2},"end":{"line":13,"column":3}}]},"1":{"loc":{"start":{"line":11,"column":6},"end":{"line":11,"column":54}},"type":"binary-expr","locations":[{"start":{"line":11,"column":6},"end":{"line":11,"column":17}},{"start":{"line":11,"column":21},"end":{"line":11,"column":54}}]}},"s":{"0":1,"1":1,"2":1,"3":0,"4":0,"5":0,"6":0,"7":0,"8":0,"9":0,"10":0,"11":0},"f":{"0":0},"b":{"0":[0],"1":[0,0]}}
,"C:\\workspace\\code\\aware\\backend\\src\\routes\\auth.ts": {"path":"C:\\workspace\\code\\aware\\backend\\src\\routes\\auth.ts","statementMap":{"0":{"start":{"line":1,"column":0},"end":{"line":1,"column":33}},"1":{"start":{"line":2,"column":0},"end":{"line":2,"column":30}},"2":{"start":{"line":3,"column":0},"end":{"line":3,"column":31}},"3":{"start":{"line":4,"column":0},"end":{"line":4,"column":30}},"4":{"start":{"line":5,"column":0},"end":{"line":5,"column":36}},"5":{"start":{"line":7,"column":15},"end":{"line":7,"column":23}},"6":{"start":{"line":9,"column":0},"end":{"line":24,"column":3}},"7":{"start":{"line":10,"column":30},"end":{"line":10,"column":77}},"8":{"start":{"line":11,"column":2},"end":{"line":13,"column":3}},"9":{"start":{"line":12,"column":4},"end":{"line":12,"column":78}},"10":{"start":{"line":15,"column":17},"end":{"line":15,"column":48}},"11":{"start":{"line":16,"column":17},"end":{"line":18,"column":null}},"12":{"start":{"line":21,"column":15},"end":{"line":21,"column":29}},"13":{"start":{"line":22,"column":16},"end":{"line":22,"column":75}},"14":{"start":{"line":23,"column":2},"end":{"line":23,"column":35}},"15":{"start":{"line":26,"column":0},"end":{"line":46,"column":3}},"16":{"start":{"line":27,"column":30},"end":{"line":27,"column":77}},"17":{"start":{"line":28,"column":2},"end":{"line":30,"column":3}},"18":{"start":{"line":29,"column":4},"end":{"line":29,"column":78}},"19":{"start":{"line":32,"column":17},"end":{"line":32,"column":100}},"20":{"start":{"line":33,"column":15},"end":{"line":33,"column":29}},"21":{"start":{"line":35,"column":2},"end":{"line":37,"column":3}},"22":{"start":{"line":36,"column":4},"end":{"line":36,"column":66}},"23":{"start":{"line":39,"column":16},"end":{"line":39,"column":66}},"24":{"start":{"line":40,"column":2},"end":{"line":42,"column":3}},"25":{"start":{"line":41,"column":4},"end":{"line":41,"column":66}},"26":{"start":{"line":44,"column":16},"end":{"line":44,"column":75}},"27":{"start":{"line":45,"column":2},"end":{"line":45,"column":71}},"28":{"start":{"line":48,"column":0},"end":{"line":62,"column":3}},"29":{"start":{"line":49,"column":21},"end":{"line":49,"column":46}},"30":{"start":{"line":50,"column":2},"end":{"line":52,"column":3}},"31":{"start":{"line":51,"column":4},"end":{"line":51,"column":59}},"32":{"start":{"line":54,"column":16},"end":{"line":54,"column":40}},"33":{"start":{"line":55,"column":2},"end":{"line":61,"column":3}},"34":{"start":{"line":56,"column":20},"end":{"line":56,"column":68}},"35":{"start":{"line":57,"column":21},"end":{"line":57,"column":84}},"36":{"start":{"line":58,"column":4},"end":{"line":58,"column":41}},"37":{"start":{"line":60,"column":4},"end":{"line":60,"column":60}},"38":{"start":{"line":64,"column":0},"end":{"line":64,"column":22}}},"fnMap":{"0":{"name":"(anonymous_1)","decl":{"start":{"line":9,"column":25},"end":{"line":9,"column":30}},"loc":{"start":{"line":9,"column":44},"end":{"line":24,"column":1}}},"1":{"name":"(anonymous_2)","decl":{"start":{"line":26,"column":22},"end":{"line":26,"column":27}},"loc":{"start":{"line":26,"column":41},"end":{"line":46,"column":1}}},"2":{"name":"(anonymous_3)","decl":{"start":{"line":48,"column":24},"end":{"line":48,"column":25}},"loc":{"start":{"line":48,"column":37},"end":{"line":62,"column":1}}}},"branchMap":{"0":{"loc":{"start":{"line":11,"column":2},"end":{"line":13,"column":3}},"type":"if","locations":[{"start":{"line":11,"column":2},"end":{"line":13,"column":3}}]},"1":{"loc":{"start":{"line":11,"column":6},"end":{"line":11,"column":25}},"type":"binary-expr","locations":[{"start":{"line":11,"column":6},"end":{"line":11,"column":12}},{"start":{"line":11,"column":16},"end":{"line":11,"column":25}}]},"2":{"loc":{"start":{"line":28,"column":2},"end":{"line":30,"column":3}},"type":"if","locations":[{"start":{"line":28,"column":2},"end":{"line":30,"column":3}}]},"3":{"loc":{"start":{"line":28,"column":6},"end":{"line":28,"column":25}},"type":"binary-expr","locations":[{"start":{"line":28,"column":6},"end":{"line":28,"column":12}},{"start":{"line":28,"column":16},"end":{"line":28,"column":25}}]},"4":{"loc":{"start":{"line":35,"column":2},"end":{"line":37,"column":3}},"type":"if","locations":[{"start":{"line":35,"column":2},"end":{"line":37,"column":3}}]},"5":{"loc":{"start":{"line":40,"column":2},"end":{"line":42,"column":3}},"type":"if","locations":[{"start":{"line":40,"column":2},"end":{"line":42,"column":3}}]},"6":{"loc":{"start":{"line":50,"column":2},"end":{"line":52,"column":3}},"type":"if","locations":[{"start":{"line":50,"column":2},"end":{"line":52,"column":3}}]},"7":{"loc":{"start":{"line":50,"column":6},"end":{"line":50,"column":54}},"type":"binary-expr","locations":[{"start":{"line":50,"column":6},"end":{"line":50,"column":17}},{"start":{"line":50,"column":21},"end":{"line":50,"column":54}}]}},"s":{"0":1,"1":1,"2":1,"3":1,"4":1,"5":1,"6":1,"7":0,"8":0,"9":0,"10":0,"11":0,"12":0,"13":0,"14":0,"15":1,"16":0,"17":0,"18":0,"19":0,"20":0,"21":0,"22":0,"23":0,"24":0,"25":0,"26":0,"27":0,"28":1,"29":0,"30":0,"31":0,"32":0,"33":0,"34":0,"35":0,"36":0,"37":0,"38":1},"f":{"0":0,"1":0,"2":0},"b":{"0":[0],"1":[0,0],"2":[0],"3":[0,0],"4":[0],"5":[0],"6":[0],"7":[0,0]}}
,"C:\\workspace\\code\\aware\\backend\\src\\routes\\marketplace.ts": {"path":"C:\\workspace\\code\\aware\\backend\\src\\routes\\marketplace.ts","statementMap":{"0":{"start":{"line":1,"column":0},"end":{"line":1,"column":33}},"1":{"start":{"line":2,"column":0},"end":{"line":2,"column":30}},"2":{"start":{"line":4,"column":15},"end":{"line":4,"column":23}},"3":{"start":{"line":6,"column":0},"end":{"line":9,"column":3}},"4":{"start":{"line":7,"column":17},"end":{"line":7,"column":89}},"5":{"start":{"line":8,"column":2},"end":{"line":8,"column":31}},"6":{"start":{"line":11,"column":0},"end":{"line":32,"column":3}},"7":{"start":{"line":12,"column":19},"end":{"line":12,"column":59}},"8":{"start":{"line":13,"column":15},"end":{"line":13,"column":55}},"9":{"start":{"line":14,"column":16},"end":{"line":14,"column":60}},"10":{"start":{"line":15,"column":17},"end":{"line":15,"column":35}},"11":{"start":{"line":17,"column":24},"end":{"line":17,"column":39}},"12":{"start":{"line":18,"column":12},"end":{"line":18,"column":81}},"13":{"start":{"line":20,"column":2},"end":{"line":23,"column":3}},"14":{"start":{"line":21,"column":4},"end":{"line":21,"column":98}},"15":{"start":{"line":22,"column":4},"end":{"line":22,"column":26}},"16":{"start":{"line":25,"column":2},"end":{"line":25,"column":46}},"17":{"start":{"line":27,"column":17},"end":{"line":27,"column":41}},"18":{"start":{"line":28,"column":22},"end":{"line":28,"column":75}},"19":{"start":{"line":29,"column":16},"end":{"line":29,"column":49}},"20":{"start":{"line":31,"column":2},"end":{"line":31,"column":49}},"21":{"start":{"line":34,"column":0},"end":{"line":34,"column":22}}},"fnMap":{"0":{"name":"(anonymous_0)","decl":{"start":{"line":6,"column":26},"end":{"line":6,"column":31}},"loc":{"start":{"line":6,"column":45},"end":{"line":9,"column":1}}},"1":{"name":"(anonymous_1)","decl":{"start":{"line":11,"column":21},"end":{"line":11,"column":26}},"loc":{"start":{"line":11,"column":40},"end":{"line":32,"column":1}}}},"branchMap":{"0":{"loc":{"start":{"line":13,"column":27},"end":{"line":13,"column":54}},"type":"binary-expr","locations":[{"start":{"line":13,"column":27},"end":{"line":13,"column":49}},{"start":{"line":13,"column":53},"end":{"line":13,"column":54}}]},"1":{"loc":{"start":{"line":14,"column":30},"end":{"line":14,"column":59}},"type":"binary-expr","locations":[{"start":{"line":14,"column":30},"end":{"line":14,"column":53}},{"start":{"line":14,"column":57},"end":{"line":14,"column":59}}]},"2":{"loc":{"start":{"line":20,"column":2},"end":{"line":23,"column":3}},"type":"if","locations":[{"start":{"line":20,"column":2},"end":{"line":23,"column":3}}]}},"s":{"0":1,"1":1,"2":1,"3":1,"4":0,"5":0,"6":1,"7":0,"8":0,"9":0,"10":0,"11":0,"12":0,"13":0,"14":0,"15":0,"16":0,"17":0,"18":0,"19":0,"20":0,"21":1},"f":{"0":0,"1":0},"b":{"0":[0,0],"1":[0,0],"2":[0]}}
,"C:\\workspace\\code\\aware\\backend\\src\\routes\\proxy.ts": {"path":"C:\\workspace\\code\\aware\\backend\\src\\routes\\proxy.ts","statementMap":{"0":{"start":{"line":1,"column":0},"end":{"line":1,"column":33}},"1":{"start":{"line":3,"column":15},"end":{"line":3,"column":23}},"2":{"start":{"line":5,"column":0},"end":{"line":19,"column":3}},"3":{"start":{"line":6,"column":14},"end":{"line":6,"column":49}},"4":{"start":{"line":7,"column":2},"end":{"line":9,"column":3}},"5":{"start":{"line":8,"column":4},"end":{"line":8,"column":74}},"6":{"start":{"line":11,"column":2},"end":{"line":18,"column":3}},"7":{"start":{"line":12,"column":21},"end":{"line":12,"column":57}},"8":{"start":{"line":13,"column":17},"end":{"line":13,"column":38}},"9":{"start":{"line":14,"column":4},"end":{"line":14,"column":50}},"10":{"start":{"line":15,"column":4},"end":{"line":15,"column":26}},"11":{"start":{"line":17,"column":4},"end":{"line":17,"column":67}},"12":{"start":{"line":21,"column":0},"end":{"line":21,"column":22}}},"fnMap":{"0":{"name":"(anonymous_0)","decl":{"start":{"line":5,"column":20},"end":{"line":5,"column":25}},"loc":{"start":{"line":5,"column":39},"end":{"line":19,"column":1}}}},"branchMap":{"0":{"loc":{"start":{"line":7,"column":2},"end":{"line":9,"column":3}},"type":"if","locations":[{"start":{"line":7,"column":2},"end":{"line":9,"column":3}}]}},"s":{"0":1,"1":1,"2":1,"3":0,"4":0,"5":0,"6":0,"7":0,"8":0,"9":0,"10":0,"11":0,"12":1},"f":{"0":0},"b":{"0":[0]}}
,"C:\\workspace\\code\\aware\\backend\\src\\routes\\sync.ts": {"path":"C:\\workspace\\code\\aware\\backend\\src\\routes\\sync.ts","statementMap":{"0":{"start":{"line":1,"column":0},"end":{"line":1,"column":33}},"1":{"start":{"line":2,"column":0},"end":{"line":2,"column":49}},"2":{"start":{"line":3,"column":0},"end":{"line":3,"column":30}},"3":{"start":{"line":5,"column":15},"end":{"line":5,"column":23}},"4":{"start":{"line":7,"column":0},"end":{"line":20,"column":3}},"5":{"start":{"line":8,"column":19},"end":{"line":8,"column":59}},"6":{"start":{"line":9,"column":18},"end":{"line":9,"column":46}},"7":{"start":{"line":11,"column":14},"end":{"line":16,"column":4}},"8":{"start":{"line":18,"column":17},"end":{"line":18,"column":53}},"9":{"start":{"line":19,"column":2},"end":{"line":19,"column":47}},"10":{"start":{"line":22,"column":0},"end":{"line":58,"column":3}},"11":{"start":{"line":23,"column":18},"end":{"line":23,"column":46}},"12":{"start":{"line":24,"column":38},"end":{"line":24,"column":null}},"13":{"start":{"line":29,"column":14},"end":{"line":29,"column":38}},"14":{"start":{"line":30,"column":18},"end":{"line":30,"column":38}},"15":{"start":{"line":32,"column":2},"end":{"line":42,"column":3}},"16":{"start":{"line":33,"column":4},"end":{"line":41,"column":6}},"17":{"start":{"line":44,"column":2},"end":{"line":54,"column":3}},"18":{"start":{"line":45,"column":4},"end":{"line":53,"column":6}},"19":{"start":{"line":56,"column":2},"end":{"line":56,"column":29}},"20":{"start":{"line":57,"column":2},"end":{"line":57,"column":37}},"21":{"start":{"line":60,"column":0},"end":{"line":60,"column":22}}},"fnMap":{"0":{"name":"(anonymous_0)","decl":{"start":{"line":7,"column":36},"end":{"line":7,"column":41}},"loc":{"start":{"line":7,"column":55},"end":{"line":20,"column":1}}},"1":{"name":"(anonymous_1)","decl":{"start":{"line":22,"column":35},"end":{"line":22,"column":40}},"loc":{"start":{"line":22,"column":54},"end":{"line":58,"column":1}}}},"branchMap":{"0":{"loc":{"start":{"line":24,"column":10},"end":{"line":24,"column":19}},"type":"default-arg","locations":[{"start":{"line":24,"column":17},"end":{"line":24,"column":19}}]},"1":{"loc":{"start":{"line":24,"column":21},"end":{"line":24,"column":33}},"type":"default-arg","locations":[{"start":{"line":24,"column":31},"end":{"line":24,"column":33}}]}},"s":{"0":1,"1":1,"2":1,"3":1,"4":1,"5":0,"6":0,"7":0,"8":0,"9":0,"10":1,"11":0,"12":0,"13":0,"14":0,"15":0,"16":0,"17":0,"18":0,"19":0,"20":0,"21":1},"f":{"0":0,"1":0},"b":{"0":[0],"1":[0]}}
}
