TN:
SF:src\db.ts
FN:8,query
FNF:1
FNH:0
FNDA:0,query
DA:1,1
DA:2,1
DA:4,1
DA:8,1
DA:9,0
DA:10,0
LF:6
LH:4
BRF:0
BRH:0
end_of_record
TN:
SF:src\env.ts
FNF:0
FNH:0
DA:1,1
DA:2,1
DA:4,1
DA:5,1
DA:7,1
DA:8,1
DA:9,1
LF:7
LH:7
BRDA:4,0,0,1
BRDA:4,0,1,0
BRDA:7,1,0,0
BRDA:7,1,1,1
BRDA:8,2,0,1
BRDA:8,2,1,1
BRDA:9,3,0,1
BRDA:9,3,1,1
BRF:8
BRH:6
end_of_record
TN:
SF:src\index.ts
FN:19,(anonymous_1)
FN:26,(anonymous_2)
FNF:2
FNH:1
FNDA:1,(anonymous_1)
FNDA:0,(anonymous_2)
DA:1,1
DA:2,1
DA:3,1
DA:4,1
DA:5,1
DA:6,1
DA:7,1
DA:9,1
DA:11,1
DA:12,1
DA:14,1
DA:15,1
DA:16,1
DA:17,1
DA:19,1
DA:20,1
DA:25,1
DA:26,0
DA:28,0
DA:32,1
LF:20
LH:18
BRDA:25,0,0,0
BRF:1
BRH:0
end_of_record
TN:
SF:src\middleware\auth.ts
FN:9,requireAuth
FNF:1
FNH:0
FNDA:0,requireAuth
DA:2,1
DA:3,1
DA:9,1
DA:10,0
DA:11,0
DA:12,0
DA:15,0
DA:16,0
DA:17,0
DA:18,0
DA:19,0
DA:21,0
LF:12
LH:3
BRDA:11,0,0,0
BRDA:11,1,0,0
BRDA:11,1,1,0
BRF:3
BRH:0
end_of_record
TN:
SF:src\routes\auth.ts
FN:9,(anonymous_1)
FN:26,(anonymous_2)
FN:48,(anonymous_3)
FNF:3
FNH:0
FNDA:0,(anonymous_1)
FNDA:0,(anonymous_2)
FNDA:0,(anonymous_3)
DA:1,1
DA:2,1
DA:3,1
DA:4,1
DA:5,1
DA:7,1
DA:9,1
DA:10,0
DA:11,0
DA:12,0
DA:15,0
DA:16,0
DA:21,0
DA:22,0
DA:23,0
DA:26,1
DA:27,0
DA:28,0
DA:29,0
DA:32,0
DA:33,0
DA:35,0
DA:36,0
DA:39,0
DA:40,0
DA:41,0
DA:44,0
DA:45,0
DA:48,1
DA:49,0
DA:50,0
DA:51,0
DA:54,0
DA:55,0
DA:56,0
DA:57,0
DA:58,0
DA:60,0
DA:64,1
LF:39
LH:10
BRDA:11,0,0,0
BRDA:11,1,0,0
BRDA:11,1,1,0
BRDA:28,2,0,0
BRDA:28,3,0,0
BRDA:28,3,1,0
BRDA:35,4,0,0
BRDA:40,5,0,0
BRDA:50,6,0,0
BRDA:50,7,0,0
BRDA:50,7,1,0
BRF:11
BRH:0
end_of_record
TN:
SF:src\routes\marketplace.ts
FN:6,(anonymous_0)
FN:11,(anonymous_1)
FNF:2
FNH:0
FNDA:0,(anonymous_0)
FNDA:0,(anonymous_1)
DA:1,1
DA:2,1
DA:4,1
DA:6,1
DA:7,0
DA:8,0
DA:11,1
DA:12,0
DA:13,0
DA:14,0
DA:15,0
DA:17,0
DA:18,0
DA:20,0
DA:21,0
DA:22,0
DA:25,0
DA:27,0
DA:28,0
DA:29,0
DA:31,0
DA:34,1
LF:22
LH:6
BRDA:13,0,0,0
BRDA:13,0,1,0
BRDA:14,1,0,0
BRDA:14,1,1,0
BRDA:20,2,0,0
BRF:5
BRH:0
end_of_record
TN:
SF:src\routes\proxy.ts
FN:5,(anonymous_0)
FNF:1
FNH:0
FNDA:0,(anonymous_0)
DA:1,1
DA:3,1
DA:5,1
DA:6,0
DA:7,0
DA:8,0
DA:11,0
DA:12,0
DA:13,0
DA:14,0
DA:15,0
DA:17,0
DA:21,1
LF:13
LH:4
BRDA:7,0,0,0
BRF:1
BRH:0
end_of_record
TN:
SF:src\routes\sync.ts
FN:7,(anonymous_0)
FN:22,(anonymous_1)
FNF:2
FNH:0
FNDA:0,(anonymous_0)
FNDA:0,(anonymous_1)
DA:1,1
DA:2,1
DA:3,1
DA:5,1
DA:7,1
DA:8,0
DA:9,0
DA:11,0
DA:18,0
DA:19,0
DA:22,1
DA:23,0
DA:24,0
DA:29,0
DA:30,0
DA:32,0
DA:33,0
DA:44,0
DA:45,0
DA:56,0
DA:57,0
DA:60,1
LF:22
LH:7
BRDA:24,0,0,0
BRDA:24,1,0,0
BRF:2
BRH:0
end_of_record
