SF:lib\config.dart
DA:6,0
DA:11,4
DA:16,2
DA:18,8
DA:20,1
DA:29,1
DA:31,1
DA:32,1
DA:33,0
DA:34,0
DA:35,0
DA:36,0
DA:37,0
DA:43,0
LF:14
LH:7
end_of_record
SF:lib\providers\auth_provider.dart
DA:11,3
DA:12,2
DA:16,2
DA:19,2
DA:21,2
DA:23,2
DA:25,2
DA:26,3
DA:27,3
DA:28,3
DA:29,1
DA:32,1
DA:33,1
DA:34,2
DA:35,2
DA:36,3
DA:37,1
DA:38,2
DA:39,3
DA:40,1
DA:41,3
DA:44,1
DA:47,1
DA:48,1
DA:49,1
DA:50,1
DA:51,2
DA:52,2
DA:53,1
LF:29
LH:29
end_of_record
SF:lib\services\api_service.dart
DA:9,5
DA:11,2
DA:13,1
DA:14,1
DA:15,0
DA:17,1
DA:20,1
DA:21,2
DA:22,2
DA:23,3
DA:24,1
DA:25,2
DA:27,2
DA:28,3
DA:30,2
DA:33,1
DA:34,2
DA:35,2
DA:36,3
DA:37,1
DA:38,2
DA:40,2
DA:41,3
DA:43,2
DA:46,1
DA:47,2
DA:49,5
DA:50,2
DA:53,1
DA:55,3
DA:56,2
DA:57,1
DA:58,2
DA:60,2
DA:63,1
DA:64,2
DA:65,5
DA:66,1
DA:69,1
DA:74,2
DA:75,2
DA:76,3
DA:77,1
DA:79,1
DA:81,2
DA:83,2
DA:86,1
DA:88,3
DA:89,5
DA:90,1
DA:93,4
DA:94,2
LF:52
LH:51
end_of_record
SF:lib\services\storage_service.dart
DA:6,2
DA:15,2
DA:23,3
DA:24,3
DA:29,0
DA:31,2
DA:34,1
DA:35,1
DA:37,2
DA:40,2
DA:43,2
DA:44,2
DA:46,4
DA:50,4
DA:53,2
DA:54,2
DA:56,4
DA:60,4
LF:18
LH:17
end_of_record
SF:lib\models\article.dart
DA:15,8
DA:30,3
DA:31,3
DA:32,3
DA:33,3
DA:34,3
DA:35,3
DA:36,3
DA:37,3
DA:38,3
DA:39,3
DA:40,3
DA:41,3
DA:42,3
DA:43,3
DA:47,2
DA:48,2
DA:49,2
DA:50,2
DA:51,2
DA:52,2
DA:53,2
DA:54,2
DA:55,2
DA:56,2
DA:57,2
DA:58,2
DA:59,2
DA:60,2
DA:64,4
DA:78,4
DA:79,4
DA:80,1
DA:81,4
DA:82,4
DA:83,4
DA:84,4
DA:85,4
DA:86,4
DA:87,4
DA:88,4
DA:89,4
DA:90,4
LF:43
LH:43
end_of_record
SF:lib\models\feed.dart
DA:15,8
DA:30,3
DA:31,3
DA:32,3
DA:33,3
DA:34,3
DA:35,3
DA:36,3
DA:37,3
DA:38,3
DA:39,3
DA:40,3
DA:41,3
DA:42,3
DA:43,3
DA:47,3
DA:48,3
DA:49,3
DA:50,3
DA:51,3
DA:52,3
DA:53,3
DA:54,3
DA:55,3
DA:56,3
DA:57,6
DA:58,3
DA:59,3
DA:60,3
LF:29
LH:29
end_of_record
SF:lib\models\user_article_state.dart
DA:12,5
DA:24,2
DA:25,2
DA:26,2
DA:27,2
DA:28,2
DA:29,2
DA:30,2
DA:31,2
DA:32,2
DA:33,2
DA:34,2
DA:38,2
DA:39,2
DA:40,2
DA:41,2
DA:42,2
DA:43,2
DA:44,2
DA:45,2
DA:46,2
DA:47,2
DA:48,2
DA:50,2
LF:24
LH:24
end_of_record
SF:lib\providers\app_state.dart
DA:25,2
DA:33,1
DA:34,1
DA:35,6
DA:36,6
DA:37,6
DA:38,6
DA:39,6
DA:70,2
DA:71,1
DA:72,1
DA:73,1
DA:74,1
DA:77,2
DA:80,3
DA:81,3
DA:82,3
DA:83,3
DA:84,3
DA:85,6
DA:86,3
DA:87,3
DA:88,3
DA:89,3
DA:90,3
DA:91,3
DA:92,3
DA:93,6
DA:95,3
DA:97,1
DA:99,2
DA:100,1
DA:101,2
DA:102,1
DA:105,2
DA:106,1
DA:107,1
DA:108,1
DA:109,1
DA:110,1
DA:111,1
DA:112,1
DA:113,1
DA:114,1
DA:115,1
DA:116,1
DA:117,1
DA:119,2
DA:120,2
DA:121,2
DA:122,3
DA:125,3
DA:130,2
DA:131,4
DA:132,2
DA:133,1
DA:134,2
DA:135,2
DA:136,1
DA:137,1
DA:141,3
DA:142,3
DA:143,3
DA:146,3
DA:147,3
DA:148,1
DA:149,2
DA:150,1
DA:151,2
DA:152,1
DA:153,2
DA:154,1
DA:155,2
DA:156,1
DA:157,2
DA:158,1
DA:159,2
DA:160,3
DA:163,3
DA:164,3
DA:167,3
DA:168,3
DA:169,3
DA:170,3
DA:171,3
DA:172,3
DA:173,3
DA:174,1
DA:175,2
DA:178,4
DA:180,2
DA:182,6
DA:183,6
DA:184,6
DA:185,6
DA:186,6
DA:187,2
LF:97
LH:97
end_of_record
SF:lib\services\database_service.dart
DA:9,12
DA:10,8
DA:11,4
DA:16,2
DA:17,4
DA:18,4
DA:19,2
DA:22,2
DA:23,4
DA:24,2
DA:27,2
DA:28,2
DA:29,2
DA:33,1
DA:34,1
DA:51,1
DA:68,1
DA:84,0
DA:85,0
DA:86,0
DA:87,0
DA:88,0
DA:90,0
DA:93,0
DA:95,0
DA:97,0
DA:101,0
DA:103,0
DA:105,0
DA:107,0
DA:109,0
DA:111,0
DA:117,2
DA:119,2
DA:120,8
DA:122,0
DA:125,8
DA:127,0
DA:129,0
DA:131,0
DA:137,2
DA:138,2
DA:139,4
DA:143,1
DA:144,1
DA:145,2
DA:146,2
DA:149,1
DA:150,1
DA:151,1
DA:153,1
DA:155,1
DA:159,2
DA:160,2
DA:161,2
DA:162,10
DA:166,2
DA:167,2
DA:168,4
DA:172,1
DA:173,1
DA:175,2
DA:176,5
DA:179,1
DA:180,1
DA:183,1
DA:188,1
DA:190,1
DA:191,1
DA:195,1
DA:196,1
DA:197,5
DA:200,1
DA:201,1
DA:203,2
DA:204,1
DA:205,1
DA:208,1
DA:211,2
DA:212,2
DA:213,4
DA:214,8
DA:217,1
DA:218,1
DA:219,1
DA:220,1
DA:221,1
DA:222,1
DA:223,2
DA:224,2
DA:229,1
DA:230,1
DA:231,1
DA:232,2
DA:236,1
DA:237,1
DA:238,1
DA:239,1
DA:240,1
DA:241,2
DA:246,1
DA:247,1
DA:248,1
DA:249,1
DA:250,4
DA:253,1
DA:254,1
DA:255,1
DA:256,1
DA:258,1
DA:262,4
DA:265,1
DA:266,1
DA:267,1
DA:268,1
DA:276,5
DA:279,1
DA:280,1
DA:281,1
DA:282,1
DA:284,1
DA:288,4
DA:291,1
DA:292,1
DA:293,1
DA:295,5
DA:297,0
DA:301,5
DA:303,0
DA:305,0
DA:307,0
DA:311,1
DA:315,2
DA:317,4
DA:319,0
DA:320,0
DA:322,4
DA:325,4
DA:326,2
LF:139
LH:114
end_of_record
SF:lib\services\feed_service.dart
DA:19,0
DA:21,0
DA:28,2
DA:29,1
DA:30,1
DA:32,1
DA:33,1
DA:34,2
DA:35,2
DA:37,4
DA:38,2
DA:42,1
DA:43,1
DA:44,3
DA:45,2
DA:46,1
DA:49,2
DA:50,1
DA:51,2
DA:53,2
DA:54,2
DA:55,2
DA:57,1
DA:59,1
DA:65,1
DA:66,1
DA:67,3
DA:68,2
DA:69,1
DA:72,2
DA:73,1
DA:75,2
DA:76,2
DA:78,2
DA:79,2
DA:82,2
DA:83,2
DA:84,2
DA:85,1
DA:86,1
DA:87,1
DA:89,1
DA:90,2
DA:91,2
DA:92,1
DA:93,1
DA:94,1
DA:96,2
DA:98,2
DA:99,2
DA:100,2
DA:101,1
DA:102,2
DA:103,1
DA:105,1
DA:106,1
DA:107,4
DA:108,3
DA:110,1
DA:112,2
DA:113,1
DA:115,1
DA:117,1
DA:118,1
DA:119,1
DA:122,1
DA:124,1
DA:125,1
DA:126,1
DA:131,2
DA:134,1
DA:136,1
DA:141,1
DA:143,2
DA:144,3
DA:145,4
DA:146,2
DA:147,2
DA:148,1
DA:156,2
DA:157,2
DA:158,3
DA:159,4
DA:160,1
DA:163,2
DA:164,3
DA:167,2
DA:169,2
DA:173,2
DA:174,1
DA:175,1
DA:180,2
DA:181,3
DA:184,2
DA:185,1
DA:186,1
DA:187,1
DA:188,1
DA:190,1
DA:192,2
DA:194,2
DA:200,1
DA:201,1
DA:204,1
DA:205,1
DA:221,2
DA:223,3
DA:236,2
DA:238,2
DA:244,1
LF:110
LH:108
end_of_record
SF:lib\providers\article_provider.dart
DA:10,3
DA:14,3
DA:16,1
DA:17,2
DA:18,1
DA:19,1
DA:20,5
DA:23,1
DA:24,2
DA:27,1
DA:28,2
DA:31,1
DA:36,2
DA:43,1
DA:44,2
DA:47,1
DA:48,2
DA:49,1
DA:50,1
DA:52,2
DA:53,1
DA:54,1
DA:55,1
DA:56,1
DA:57,1
DA:58,1
DA:60,2
DA:61,2
DA:62,1
DA:65,1
DA:66,2
DA:67,1
DA:68,1
DA:70,1
DA:71,2
DA:72,1
DA:73,1
DA:74,1
DA:75,1
DA:76,1
DA:78,2
DA:79,2
DA:80,1
DA:83,1
DA:84,2
DA:85,1
DA:86,1
DA:88,1
DA:89,1
DA:90,2
DA:91,1
DA:92,1
DA:93,1
DA:94,1
DA:96,2
DA:97,2
DA:98,1
DA:101,1
DA:102,2
DA:103,1
DA:104,0
DA:106,0
DA:107,0
DA:108,0
DA:109,0
DA:110,2
DA:114,2
DA:115,2
DA:116,1
DA:119,1
DA:120,2
LF:71
LH:66
end_of_record
SF:lib\providers\feed_provider.dart
DA:11,2
DA:14,1
DA:15,1
DA:18,2
DA:20,1
DA:21,3
DA:22,1
DA:25,1
DA:26,1
DA:27,2
DA:28,1
DA:30,4
DA:31,1
DA:33,2
DA:34,2
DA:35,2
DA:36,2
DA:37,3
DA:39,1
DA:42,1
DA:43,2
DA:44,1
DA:47,1
DA:48,2
DA:49,1
LF:25
LH:25
end_of_record
SF:lib\providers\settings_provider.dart
DA:24,4
DA:27,2
DA:28,4
DA:29,1
DA:30,1
DA:34,2
DA:37,2
DA:40,2
DA:43,2
DA:46,4
DA:49,4
DA:51,1
DA:52,2
DA:53,1
DA:54,1
DA:55,1
DA:58,2
DA:59,2
DA:61,1
DA:64,1
DA:65,1
DA:67,1
DA:68,1
DA:71,1
DA:75,1
DA:76,1
DA:78,2
DA:80,3
DA:86,2
DA:87,2
DA:88,2
DA:89,3
DA:90,3
DA:95,1
DA:96,1
DA:97,2
DA:99,2
DA:100,1
DA:104,1
DA:105,1
DA:106,1
DA:107,1
DA:109,1
DA:112,1
DA:113,1
DA:116,1
DA:117,2
DA:118,1
DA:119,2
DA:120,2
DA:121,1
DA:124,1
DA:125,1
DA:126,1
DA:128,1
DA:130,1
DA:132,1
DA:135,1
DA:136,1
DA:137,1
DA:138,1
DA:139,1
DA:142,1
DA:143,2
DA:144,1
DA:145,2
DA:146,1
DA:149,1
DA:150,1
DA:151,1
DA:152,1
DA:153,1
DA:156,1
DA:157,2
DA:158,1
DA:159,2
DA:160,1
LF:77
LH:77
end_of_record
SF:lib\providers\sync_provider.dart
DA:12,2
DA:13,1
DA:14,1
DA:17,2
DA:19,2
DA:21,1
DA:22,2
DA:23,1
DA:24,1
DA:26,2
DA:28,3
DA:29,3
DA:30,1
DA:32,3
DA:33,3
DA:34,1
DA:36,3
DA:37,1
DA:38,1
LF:19
LH:19
end_of_record
SF:lib\screens\marketplace_screen.dart
DA:13,2
DA:15,1
DA:16,1
DA:30,1
DA:32,1
DA:33,1
DA:36,1
DA:38,2
DA:39,2
DA:40,1
DA:43,0
DA:44,0
DA:45,0
DA:47,0
DA:49,0
DA:50,0
DA:51,0
DA:52,0
DA:53,0
DA:54,0
DA:57,0
DA:58,0
DA:59,0
DA:60,0
DA:62,0
DA:63,0
DA:64,0
DA:71,0
DA:72,0
DA:74,0
DA:75,0
DA:76,0
DA:77,0
DA:79,0
DA:80,0
DA:82,0
DA:83,0
DA:89,0
DA:90,0
DA:91,0
DA:92,0
DA:95,1
DA:97,2
DA:98,0
DA:100,0
DA:102,0
DA:104,0
DA:105,0
DA:107,0
DA:108,0
DA:113,0
DA:114,0
DA:116,0
DA:117,0
DA:118,0
DA:119,0
DA:121,0
DA:122,0
DA:123,0
DA:124,0
DA:125,0
DA:127,0
DA:129,0
DA:130,0
DA:131,0
DA:132,0
DA:135,0
DA:136,0
DA:140,0
DA:142,0
DA:143,0
DA:144,0
DA:145,0
DA:150,0
DA:151,0
DA:153,0
DA:154,0
DA:155,0
DA:156,0
DA:157,0
DA:158,0
DA:159,0
DA:160,0
DA:161,0
DA:162,0
DA:163,0
DA:164,0
DA:165,0
DA:166,0
DA:172,1
DA:174,2
DA:175,2
DA:177,1
DA:178,1
DA:180,1
DA:182,1
DA:183,3
DA:184,1
DA:185,2
DA:186,1
DA:187,2
DA:191,1
DA:192,1
DA:194,2
DA:195,0
DA:199,1
DA:200,1
DA:201,1
DA:202,3
DA:205,0
DA:206,0
DA:207,0
DA:209,0
DA:211,0
DA:212,0
DA:214,0
DA:215,0
DA:217,0
DA:219,0
DA:220,0
DA:221,0
DA:222,0
DA:227,0
DA:228,0
DA:229,0
DA:230,0
DA:231,0
DA:239,0
DA:240,0
DA:241,0
DA:243,0
DA:245,0
DA:249,0
DA:250,0
DA:251,0
DA:252,0
DA:253,0
DA:258,0
DA:260,0
DA:262,0
DA:263,0
DA:265,0
DA:266,0
DA:267,0
DA:269,0
DA:271,0
DA:276,0
DA:277,0
DA:279,0
DA:280,0
DA:281,0
DA:282,0
DA:283,0
DA:286,0
DA:287,0
DA:288,0
DA:289,0
DA:293,0
DA:295,0
DA:296,0
DA:297,0
DA:298,0
DA:309,0
DA:310,0
DA:311,0
DA:314,0
DA:315,0
DA:316,0
DA:317,0
DA:318,0
DA:319,0
DA:320,0
DA:326,0
DA:328,0
DA:329,0
DA:331,0
DA:332,0
DA:333,0
DA:339,0
DA:340,0
DA:341,0
DA:343,0
DA:344,0
DA:345,0
DA:346,0
DA:348,0
DA:349,0
DA:351,0
DA:352,0
DA:353,0
DA:358,0
DA:359,0
DA:360,0
DA:365,0
DA:370,0
DA:371,0
DA:372,0
DA:373,0
DA:374,0
DA:377,0
DA:378,0
DA:379,0
DA:381,0
DA:382,0
DA:385,0
DA:386,0
DA:387,0
DA:389,0
DA:390,0
DA:392,0
DA:393,0
DA:394,0
DA:396,0
DA:397,0
DA:398,0
DA:399,0
DA:402,0
DA:403,0
DA:412,0
DA:413,0
DA:414,0
DA:415,0
DA:416,0
DA:417,0
DA:418,0
DA:420,0
DA:421,0
DA:422,0
DA:423,0
DA:424,0
DA:425,0
DA:426,0
DA:428,0
DA:429,0
DA:431,0
DA:432,0
DA:433,0
DA:434,0
DA:435,0
DA:436,0
DA:439,0
DA:440,0
DA:441,0
DA:444,0
DA:445,0
DA:446,0
DA:448,0
DA:450,0
DA:451,0
DA:452,0
DA:454,0
DA:455,0
DA:456,0
DA:459,0
DA:464,0
DA:467,0
DA:468,0
DA:469,0
DA:470,0
DA:471,0
DA:472,0
DA:473,0
DA:475,0
DA:478,0
DA:479,0
DA:481,0
DA:482,0
DA:483,0
DA:484,0
DA:485,0
DA:486,0
DA:487,0
DA:488,0
DA:489,0
DA:490,0
DA:497,0
DA:499,0
DA:500,0
DA:501,0
DA:504,0
DA:509,0
DA:510,0
DA:511,0
DA:512,0
DA:513,0
DA:514,0
DA:520,0
DA:522,0
DA:523,0
DA:524,0
DA:525,0
DA:526,0
DA:527,0
DA:529,0
DA:530,0
DA:533,0
DA:534,0
DA:536,0
DA:537,0
DA:538,0
DA:539,0
DA:540,0
DA:541,0
DA:542,0
DA:543,0
DA:545,0
DA:546,0
DA:547,0
DA:552,0
DA:553,0
DA:554,0
DA:555,0
DA:561,0
DA:563,0
DA:564,0
DA:565,0
DA:568,0
DA:570,0
DA:573,0
DA:574,0
DA:575,0
DA:577,0
DA:579,0
DA:580,0
DA:583,0
DA:585,0
DA:586,0
DA:588,0
DA:589,0
DA:590,0
DA:591,0
DA:592,0
DA:593,0
DA:597,0
DA:598,0
DA:599,0
DA:600,0
DA:601,0
DA:602,0
DA:605,0
DA:606,0
DA:614,0
DA:615,0
DA:617,0
DA:618,0
DA:621,0
DA:622,0
DA:626,0
DA:627,0
DA:628,0
DA:629,0
DA:632,0
DA:635,0
DA:636,0
DA:637,0
DA:640,0
DA:641,0
DA:656,0
DA:657,0
DA:658,0
DA:659,0
DA:660,0
DA:661,0
DA:662,0
DA:663,0
DA:664,0
DA:665,0
DA:666,0
DA:667,0
DA:668,0
DA:669,0
DA:670,0
DA:671,0
DA:672,0
DA:673,0
DA:674,0
DA:675,0
DA:676,0
DA:677,0
DA:678,0
DA:679,0
DA:680,0
DA:681,0
DA:682,0
DA:686,0
DA:687,0
DA:696,0
DA:704,1
DA:705,1
DA:706,3
DA:707,2
LF:391
LH:35
end_of_record
SF:lib\services\reader_audio_service.dart
DA:14,2
DA:18,0
DA:19,0
DA:30,1
DA:40,2
DA:49,1
DA:58,1
DA:59,0
DA:60,0
DA:61,0
DA:62,0
DA:64,0
DA:65,0
DA:66,0
DA:76,1
DA:84,0
DA:86,0
DA:88,0
DA:92,0
DA:93,0
DA:97,0
DA:99,0
DA:131,1
DA:132,0
DA:133,1
DA:136,0
DA:138,1
DA:139,3
DA:140,2
DA:141,3
DA:142,2
DA:143,2
DA:145,1
DA:146,0
DA:147,0
DA:148,0
DA:159,3
DA:160,0
DA:161,0
DA:162,0
DA:165,3
DA:166,1
DA:167,1
DA:168,3
DA:171,4
DA:173,1
DA:177,5
DA:178,2
DA:179,2
DA:180,1
DA:181,2
DA:182,1
DA:185,2
DA:186,1
DA:187,4
DA:189,2
DA:191,1
DA:192,1
DA:193,1
DA:194,3
DA:195,1
DA:197,1
DA:199,1
DA:201,5
DA:204,1
DA:210,6
DA:211,3
DA:212,1
DA:213,1
DA:217,2
DA:218,5
DA:219,3
DA:220,1
DA:221,1
DA:222,2
DA:223,0
DA:224,0
DA:225,0
DA:226,0
DA:229,5
DA:230,1
DA:232,2
DA:234,0
DA:235,0
DA:236,0
DA:237,0
DA:238,0
DA:239,0
DA:245,1
DA:250,4
DA:251,1
DA:253,4
DA:254,5
DA:255,1
DA:256,2
DA:259,2
DA:260,3
DA:263,1
DA:266,3
DA:268,3
DA:275,1
DA:276,2
DA:277,3
DA:278,4
DA:279,3
DA:280,1
DA:281,1
DA:285,3
DA:287,1
DA:292,6
DA:293,2
DA:294,3
DA:298,1
DA:299,2
DA:300,5
DA:302,3
DA:306,3
DA:307,2
DA:309,4
DA:312,1
DA:313,2
DA:315,1
DA:317,4
DA:318,1
DA:319,1
DA:320,1
DA:321,1
DA:323,4
DA:324,1
DA:325,1
DA:326,1
DA:327,3
DA:331,3
DA:332,5
DA:333,1
DA:334,1
DA:335,1
DA:341,3
DA:342,1
DA:343,2
DA:347,1
DA:348,4
DA:349,1
DA:352,1
DA:354,7
DA:355,1
DA:356,3
DA:357,1
DA:360,5
DA:361,2
DA:364,1
DA:366,7
DA:367,2
DA:368,3
DA:369,1
DA:370,1
DA:371,1
DA:372,1
DA:374,1
DA:375,3
DA:378,2
DA:379,1
DA:380,1
DA:381,1
DA:382,1
DA:383,3
DA:386,1
DA:388,3
DA:389,1
DA:390,2
DA:391,1
DA:392,1
DA:393,1
DA:394,1
DA:395,4
DA:396,1
DA:397,3
DA:400,1
DA:402,1
DA:403,5
DA:404,2
DA:405,3
DA:409,1
DA:410,5
DA:411,2
DA:413,4
DA:417,4
DA:418,2
DA:419,2
DA:421,1
DA:422,4
DA:423,1
DA:426,1
DA:428,8
DA:429,5
DA:430,3
DA:433,1
DA:434,2
DA:435,1
DA:440,1
DA:442,6
DA:443,2
DA:444,3
DA:447,2
DA:448,1
DA:450,1
DA:455,1
DA:456,5
DA:457,1
DA:458,2
DA:459,3
DA:460,1
DA:461,1
DA:462,1
DA:466,3
DA:467,1
DA:468,0
DA:469,0
DA:470,0
DA:471,0
DA:474,1
DA:475,6
DA:477,3
DA:478,0
DA:479,0
DA:481,0
DA:485,1
DA:486,1
DA:487,1
DA:488,1
DA:489,1
DA:490,3
DA:491,1
DA:492,1
DA:494,2
DA:497,1
DA:499,3
DA:501,2
DA:502,2
DA:503,5
DA:504,2
DA:506,4
DA:507,1
DA:508,1
DA:509,1
DA:510,1
DA:511,1
DA:513,3
DA:516,1
DA:517,5
DA:518,2
DA:521,1
DA:522,3
DA:523,3
DA:524,1
DA:525,1
DA:526,1
DA:527,1
DA:528,1
DA:531,3
DA:532,1
DA:533,2
DA:534,3
DA:538,5
DA:539,3
DA:540,1
DA:541,3
DA:543,1
DA:544,2
DA:545,2
DA:546,1
DA:553,2
DA:554,0
DA:557,1
DA:558,1
DA:559,1
DA:561,1
DA:563,1
DA:566,3
DA:567,5
DA:568,1
DA:570,3
DA:574,2
DA:575,6
DA:576,3
DA:577,4
DA:578,1
DA:582,3
DA:583,1
DA:584,1
DA:585,1
DA:586,1
DA:587,1
DA:589,6
DA:590,3
DA:591,3
DA:595,3
DA:596,3
DA:597,1
DA:598,1
DA:599,1
DA:600,1
DA:601,1
DA:602,1
DA:603,1
DA:609,3
DA:610,3
DA:611,1
DA:612,1
DA:613,1
DA:614,1
DA:617,3
DA:618,3
DA:619,1
DA:620,1
DA:621,1
DA:622,1
DA:626,1
DA:627,2
DA:628,2
DA:630,1
DA:631,3
DA:633,2
DA:635,1
DA:636,1
DA:637,1
DA:638,1
DA:642,1
DA:646,1
DA:648,4
DA:649,1
DA:650,4
DA:651,3
DA:652,3
DA:655,1
DA:656,2
DA:657,4
DA:660,1
DA:661,2
DA:662,2
DA:663,3
DA:666,1
DA:667,2
DA:668,2
DA:669,4
DA:670,2
DA:673,1
DA:674,2
DA:675,2
DA:676,2
DA:677,2
DA:678,1
DA:681,1
DA:688,1
DA:689,1
DA:691,4
DA:692,2
DA:693,1
DA:696,4
DA:698,5
DA:699,1
DA:702,2
DA:703,3
DA:704,1
DA:706,1
DA:707,2
DA:712,1
DA:714,3
DA:717,1
DA:726,3
DA:727,1
DA:728,1
DA:729,1
DA:730,1
DA:731,1
DA:732,4
DA:733,1
DA:735,11
DA:736,2
DA:739,1
DA:742,1
DA:744,1
DA:745,4
DA:746,1
DA:747,3
DA:750,2
DA:751,4
DA:752,1
DA:754,3
DA:755,1
DA:767,1
DA:769,2
DA:772,1
DA:776,3
LF:394
LH:352
end_of_record
SF:lib\l10n\app_localizations.dart
DA:75,6
DA:76,12
DA:80,6
DA:81,6
DA:1336,2
DA:1338,6
DA:1340,12
DA:1343,6
DA:1344,6
DA:1357,12
DA:1359,0
DA:1363,6
DA:1365,6
DA:1366,6
DA:1367,0
DA:1368,6
DA:1369,0
DA:1370,6
DA:1371,6
DA:1372,0
DA:1373,0
DA:1374,0
DA:1375,0
DA:1376,0
DA:1377,0
DA:1378,0
DA:1379,0
DA:1380,0
DA:1381,0
DA:1382,0
DA:1383,0
DA:1384,0
DA:1385,0
DA:1386,0
DA:1387,0
DA:1388,0
DA:1389,0
DA:1392,0
LF:38
LH:16
end_of_record
SF:lib\l10n\app_localizations_ar.dart
DA:9,0
DA:11,0
DA:14,0
DA:17,0
DA:20,0
DA:23,0
DA:26,0
DA:29,0
DA:32,0
DA:36,0
DA:39,0
DA:43,0
DA:46,0
DA:50,0
DA:53,0
DA:56,0
DA:59,0
DA:62,0
DA:65,0
DA:68,0
DA:71,0
DA:74,0
DA:77,0
DA:80,0
DA:83,0
DA:86,0
DA:88,0
DA:91,0
DA:94,0
DA:97,0
DA:100,0
DA:103,0
DA:107,0
DA:109,0
DA:112,0
DA:114,0
DA:117,0
DA:120,0
DA:123,0
DA:126,0
DA:129,0
DA:131,0
DA:134,0
DA:137,0
DA:141,0
DA:143,0
DA:146,0
DA:149,0
DA:152,0
DA:155,0
DA:158,0
DA:161,0
DA:164,0
DA:167,0
DA:170,0
DA:173,0
DA:176,0
DA:179,0
DA:182,0
DA:185,0
DA:187,0
DA:190,0
DA:193,0
DA:196,0
DA:199,0
DA:201,0
DA:203,0
DA:207,0
DA:210,0
DA:213,0
DA:216,0
DA:219,0
DA:222,0
DA:225,0
DA:228,0
DA:231,0
DA:234,0
DA:237,0
DA:240,0
DA:243,0
DA:246,0
DA:249,0
DA:252,0
DA:255,0
DA:258,0
DA:261,0
DA:264,0
DA:267,0
DA:270,0
DA:273,0
DA:276,0
DA:279,0
DA:282,0
DA:285,0
DA:288,0
DA:291,0
DA:294,0
DA:297,0
DA:300,0
DA:303,0
DA:306,0
DA:309,0
DA:312,0
DA:315,0
DA:318,0
DA:321,0
DA:323,0
DA:326,0
DA:328,0
DA:331,0
DA:333,0
DA:336,0
DA:338,0
DA:341,0
DA:343,0
DA:346,0
DA:348,0
DA:351,0
DA:354,0
DA:357,0
DA:360,0
DA:363,0
DA:366,0
DA:369,0
DA:372,0
DA:375,0
DA:378,0
DA:381,0
DA:384,0
DA:387,0
DA:391,0
DA:393,0
DA:396,0
DA:399,0
DA:402,0
DA:405,0
DA:408,0
DA:411,0
DA:413,0
DA:416,0
DA:420,0
DA:422,0
DA:425,0
DA:429,0
DA:432,0
DA:435,0
DA:438,0
DA:441,0
DA:444,0
DA:447,0
DA:450,0
DA:453,0
DA:456,0
DA:459,0
DA:462,0
DA:465,0
DA:468,0
DA:471,0
DA:474,0
DA:477,0
DA:480,0
DA:484,0
DA:487,0
DA:491,0
DA:494,0
DA:496,0
DA:499,0
DA:502,0
DA:505,0
DA:507,0
DA:510,0
DA:513,0
DA:516,0
DA:519,0
DA:523,0
DA:526,0
DA:529,0
DA:533,0
DA:536,0
DA:539,0
DA:542,0
DA:546,0
DA:549,0
DA:552,0
DA:555,0
DA:558,0
DA:561,0
DA:564,0
DA:567,0
DA:570,0
DA:573,0
DA:576,0
DA:579,0
DA:582,0
DA:585,0
DA:588,0
DA:591,0
DA:594,0
DA:597,0
DA:600,0
DA:603,0
DA:605,0
DA:607,0
DA:611,0
DA:614,0
DA:617,0
DA:619,0
DA:622,0
DA:625,0
DA:627,0
DA:630,0
DA:632,0
DA:635,0
DA:638,0
DA:641,0
DA:644,0
DA:647,0
DA:649,0
DA:652,0
DA:655,0
DA:658,0
DA:661,0
DA:665,0
DA:668,0
DA:672,0
DA:675,0
DA:679,0
DA:682,0
DA:686,0
DA:689,0
LF:230
LH:0
end_of_record
SF:lib\l10n\app_localizations_de.dart
DA:9,0
DA:11,0
DA:14,0
DA:17,0
DA:20,0
DA:23,0
DA:26,0
DA:30,0
DA:33,0
DA:37,0
DA:40,0
DA:44,0
DA:47,0
DA:51,0
DA:54,0
DA:57,0
DA:60,0
DA:63,0
DA:66,0
DA:69,0
DA:72,0
DA:75,0
DA:78,0
DA:81,0
DA:84,0
DA:87,0
DA:89,0
DA:92,0
DA:95,0
DA:98,0
DA:101,0
DA:105,0
DA:109,0
DA:111,0
DA:114,0
DA:116,0
DA:119,0
DA:122,0
DA:125,0
DA:128,0
DA:131,0
DA:133,0
DA:136,0
DA:139,0
DA:143,0
DA:145,0
DA:148,0
DA:151,0
DA:154,0
DA:157,0
DA:160,0
DA:163,0
DA:166,0
DA:170,0
DA:173,0
DA:176,0
DA:179,0
DA:182,0
DA:185,0
DA:188,0
DA:190,0
DA:193,0
DA:196,0
DA:199,0
DA:202,0
DA:204,0
DA:206,0
DA:210,0
DA:213,0
DA:216,0
DA:219,0
DA:222,0
DA:225,0
DA:228,0
DA:231,0
DA:234,0
DA:237,0
DA:240,0
DA:243,0
DA:246,0
DA:249,0
DA:252,0
DA:255,0
DA:258,0
DA:261,0
DA:264,0
DA:267,0
DA:270,0
DA:273,0
DA:276,0
DA:279,0
DA:282,0
DA:285,0
DA:288,0
DA:291,0
DA:295,0
DA:298,0
DA:301,0
DA:304,0
DA:307,0
DA:310,0
DA:313,0
DA:316,0
DA:319,0
DA:322,0
DA:325,0
DA:327,0
DA:330,0
DA:332,0
DA:335,0
DA:337,0
DA:340,0
DA:342,0
DA:345,0
DA:347,0
DA:350,0
DA:352,0
DA:355,0
DA:358,0
DA:361,0
DA:364,0
DA:367,0
DA:370,0
DA:373,0
DA:376,0
DA:379,0
DA:382,0
DA:385,0
DA:388,0
DA:391,0
DA:395,0
DA:397,0
DA:400,0
DA:404,0
DA:407,0
DA:410,0
DA:413,0
DA:416,0
DA:418,0
DA:421,0
DA:425,0
DA:427,0
DA:430,0
DA:434,0
DA:437,0
DA:440,0
DA:443,0
DA:447,0
DA:450,0
DA:453,0
DA:456,0
DA:459,0
DA:462,0
DA:465,0
DA:468,0
DA:471,0
DA:474,0
DA:477,0
DA:481,0
DA:484,0
DA:487,0
DA:491,0
DA:494,0
DA:498,0
DA:501,0
DA:503,0
DA:506,0
DA:509,0
DA:512,0
DA:514,0
DA:517,0
DA:520,0
DA:523,0
DA:526,0
DA:530,0
DA:533,0
DA:536,0
DA:540,0
DA:544,0
DA:547,0
DA:550,0
DA:554,0
DA:557,0
DA:560,0
DA:563,0
DA:566,0
DA:569,0
DA:572,0
DA:575,0
DA:578,0
DA:581,0
DA:584,0
DA:587,0
DA:590,0
DA:593,0
DA:596,0
DA:599,0
DA:602,0
DA:605,0
DA:608,0
DA:611,0
DA:613,0
DA:615,0
DA:619,0
DA:622,0
DA:625,0
DA:627,0
DA:630,0
DA:633,0
DA:635,0
DA:638,0
DA:640,0
DA:643,0
DA:646,0
DA:649,0
DA:652,0
DA:655,0
DA:657,0
DA:660,0
DA:663,0
DA:666,0
DA:669,0
DA:673,0
DA:676,0
DA:680,0
DA:683,0
DA:687,0
DA:690,0
DA:694,0
DA:697,0
LF:230
LH:0
end_of_record
SF:lib\l10n\app_localizations_en.dart
DA:9,12
DA:11,1
DA:14,0
DA:17,0
DA:20,1
DA:23,1
DA:26,1
DA:30,1
DA:33,1
DA:37,0
DA:40,0
DA:44,0
DA:47,0
DA:51,1
DA:54,0
DA:57,1
DA:60,2
DA:63,1
DA:66,1
DA:69,2
DA:72,0
DA:75,0
DA:78,0
DA:81,0
DA:84,0
DA:87,0
DA:89,0
DA:92,0
DA:95,1
DA:98,1
DA:101,0
DA:104,0
DA:108,0
DA:110,0
DA:113,0
DA:115,0
DA:118,0
DA:121,0
DA:124,0
DA:127,0
DA:130,0
DA:132,0
DA:135,0
DA:138,0
DA:142,0
DA:144,0
DA:147,0
DA:150,0
DA:153,0
DA:156,0
DA:159,0
DA:162,1
DA:165,1
DA:169,0
DA:172,0
DA:175,0
DA:178,0
DA:181,0
DA:184,0
DA:187,0
DA:189,0
DA:192,0
DA:195,0
DA:198,0
DA:201,0
DA:203,0
DA:205,0
DA:209,0
DA:212,0
DA:215,0
DA:218,0
DA:221,0
DA:224,0
DA:227,0
DA:230,0
DA:233,0
DA:236,0
DA:239,0
DA:242,0
DA:245,0
DA:248,0
DA:251,0
DA:254,0
DA:257,0
DA:260,0
DA:263,0
DA:266,0
DA:269,0
DA:272,0
DA:275,0
DA:278,0
DA:281,2
DA:284,2
DA:287,0
DA:290,0
DA:293,0
DA:296,0
DA:299,0
DA:302,0
DA:305,0
DA:308,0
DA:311,0
DA:314,0
DA:317,0
DA:320,0
DA:323,0
DA:325,0
DA:328,0
DA:330,0
DA:333,0
DA:335,0
DA:338,0
DA:340,0
DA:343,0
DA:345,0
DA:348,0
DA:350,0
DA:353,0
DA:356,0
DA:359,0
DA:362,0
DA:365,0
DA:368,0
DA:371,0
DA:374,0
DA:377,0
DA:380,0
DA:383,0
DA:386,0
DA:389,0
DA:393,0
DA:395,0
DA:398,0
DA:401,0
DA:404,0
DA:407,0
DA:410,0
DA:413,0
DA:415,0
DA:418,0
DA:422,0
DA:424,0
DA:427,0
DA:431,0
DA:434,0
DA:437,0
DA:440,0
DA:443,0
DA:446,0
DA:449,0
DA:452,0
DA:455,0
DA:458,0
DA:461,0
DA:464,0
DA:467,0
DA:470,0
DA:473,0
DA:477,0
DA:480,0
DA:483,0
DA:487,0
DA:490,0
DA:494,0
DA:497,0
DA:499,0
DA:502,0
DA:505,0
DA:508,0
DA:510,0
DA:513,0
DA:516,0
DA:519,0
DA:522,0
DA:526,0
DA:529,0
DA:532,0
DA:536,0
DA:539,0
DA:542,0
DA:545,0
DA:549,0
DA:552,0
DA:555,0
DA:558,0
DA:561,0
DA:564,0
DA:567,0
DA:570,0
DA:573,0
DA:576,0
DA:579,0
DA:582,0
DA:585,0
DA:588,0
DA:591,0
DA:594,0
DA:597,0
DA:600,0
DA:603,0
DA:606,0
DA:608,0
DA:610,0
DA:614,0
DA:617,0
DA:620,0
DA:622,0
DA:625,0
DA:628,0
DA:630,0
DA:633,0
DA:635,0
DA:638,0
DA:641,0
DA:644,0
DA:647,0
DA:650,2
DA:652,2
DA:655,1
DA:658,1
DA:661,1
DA:664,1
DA:668,1
DA:671,1
DA:675,1
DA:678,1
DA:682,1
DA:685,1
DA:689,0
DA:692,0
LF:230
LH:31
end_of_record
SF:lib\l10n\app_localizations_es.dart
DA:9,0
DA:11,0
DA:14,0
DA:17,0
DA:20,0
DA:23,0
DA:26,0
DA:30,0
DA:33,0
DA:37,0
DA:40,0
DA:44,0
DA:47,0
DA:51,0
DA:54,0
DA:57,0
DA:60,0
DA:63,0
DA:66,0
DA:69,0
DA:72,0
DA:75,0
DA:78,0
DA:81,0
DA:84,0
DA:87,0
DA:89,0
DA:92,0
DA:95,0
DA:98,0
DA:101,0
DA:104,0
DA:108,0
DA:110,0
DA:113,0
DA:115,0
DA:118,0
DA:121,0
DA:124,0
DA:127,0
DA:130,0
DA:132,0
DA:135,0
DA:138,0
DA:142,0
DA:144,0
DA:147,0
DA:150,0
DA:153,0
DA:156,0
DA:159,0
DA:162,0
DA:165,0
DA:169,0
DA:172,0
DA:175,0
DA:178,0
DA:181,0
DA:184,0
DA:187,0
DA:189,0
DA:192,0
DA:195,0
DA:198,0
DA:201,0
DA:203,0
DA:205,0
DA:209,0
DA:212,0
DA:215,0
DA:218,0
DA:221,0
DA:224,0
DA:227,0
DA:230,0
DA:233,0
DA:236,0
DA:239,0
DA:242,0
DA:245,0
DA:248,0
DA:251,0
DA:254,0
DA:257,0
DA:260,0
DA:263,0
DA:266,0
DA:269,0
DA:272,0
DA:275,0
DA:278,0
DA:281,0
DA:284,0
DA:287,0
DA:290,0
DA:294,0
DA:297,0
DA:300,0
DA:303,0
DA:306,0
DA:309,0
DA:312,0
DA:315,0
DA:318,0
DA:321,0
DA:324,0
DA:326,0
DA:329,0
DA:331,0
DA:334,0
DA:336,0
DA:339,0
DA:341,0
DA:344,0
DA:346,0
DA:349,0
DA:351,0
DA:354,0
DA:357,0
DA:360,0
DA:363,0
DA:366,0
DA:369,0
DA:373,0
DA:376,0
DA:379,0
DA:382,0
DA:385,0
DA:388,0
DA:391,0
DA:395,0
DA:397,0
DA:400,0
DA:403,0
DA:406,0
DA:409,0
DA:412,0
DA:415,0
DA:417,0
DA:420,0
DA:424,0
DA:426,0
DA:429,0
DA:433,0
DA:436,0
DA:439,0
DA:442,0
DA:446,0
DA:449,0
DA:452,0
DA:455,0
DA:458,0
DA:461,0
DA:464,0
DA:467,0
DA:470,0
DA:473,0
DA:476,0
DA:480,0
DA:483,0
DA:486,0
DA:490,0
DA:493,0
DA:497,0
DA:500,0
DA:502,0
DA:505,0
DA:508,0
DA:511,0
DA:513,0
DA:516,0
DA:519,0
DA:522,0
DA:525,0
DA:529,0
DA:532,0
DA:535,0
DA:539,0
DA:543,0
DA:546,0
DA:549,0
DA:553,0
DA:556,0
DA:559,0
DA:562,0
DA:565,0
DA:568,0
DA:571,0
DA:574,0
DA:577,0
DA:580,0
DA:583,0
DA:586,0
DA:589,0
DA:592,0
DA:595,0
DA:598,0
DA:601,0
DA:604,0
DA:607,0
DA:610,0
DA:612,0
DA:614,0
DA:618,0
DA:621,0
DA:624,0
DA:626,0
DA:629,0
DA:632,0
DA:634,0
DA:637,0
DA:639,0
DA:642,0
DA:645,0
DA:648,0
DA:651,0
DA:654,0
DA:656,0
DA:659,0
DA:662,0
DA:666,0
DA:669,0
DA:673,0
DA:676,0
DA:680,0
DA:683,0
DA:687,0
DA:690,0
DA:694,0
DA:697,0
LF:230
LH:0
end_of_record
SF:lib\l10n\app_localizations_fr.dart
DA:9,0
DA:11,0
DA:14,0
DA:17,0
DA:20,0
DA:23,0
DA:26,0
DA:30,0
DA:33,0
DA:37,0
DA:40,0
DA:44,0
DA:47,0
DA:51,0
DA:54,0
DA:57,0
DA:60,0
DA:63,0
DA:66,0
DA:69,0
DA:72,0
DA:75,0
DA:78,0
DA:81,0
DA:84,0
DA:87,0
DA:89,0
DA:92,0
DA:95,0
DA:98,0
DA:101,0
DA:104,0
DA:108,0
DA:110,0
DA:113,0
DA:115,0
DA:118,0
DA:121,0
DA:124,0
DA:127,0
DA:130,0
DA:132,0
DA:135,0
DA:138,0
DA:142,0
DA:144,0
DA:147,0
DA:150,0
DA:153,0
DA:156,0
DA:159,0
DA:162,0
DA:165,0
DA:169,0
DA:172,0
DA:175,0
DA:178,0
DA:181,0
DA:184,0
DA:187,0
DA:189,0
DA:192,0
DA:195,0
DA:198,0
DA:201,0
DA:203,0
DA:205,0
DA:209,0
DA:212,0
DA:215,0
DA:218,0
DA:221,0
DA:224,0
DA:227,0
DA:230,0
DA:233,0
DA:236,0
DA:239,0
DA:242,0
DA:245,0
DA:248,0
DA:251,0
DA:254,0
DA:257,0
DA:260,0
DA:263,0
DA:266,0
DA:269,0
DA:272,0
DA:275,0
DA:278,0
DA:281,0
DA:284,0
DA:287,0
DA:290,0
DA:294,0
DA:297,0
DA:300,0
DA:303,0
DA:306,0
DA:309,0
DA:312,0
DA:315,0
DA:318,0
DA:321,0
DA:324,0
DA:326,0
DA:329,0
DA:331,0
DA:334,0
DA:336,0
DA:339,0
DA:341,0
DA:344,0
DA:346,0
DA:349,0
DA:351,0
DA:354,0
DA:357,0
DA:360,0
DA:363,0
DA:366,0
DA:369,0
DA:373,0
DA:376,0
DA:379,0
DA:382,0
DA:385,0
DA:388,0
DA:391,0
DA:395,0
DA:397,0
DA:400,0
DA:403,0
DA:406,0
DA:409,0
DA:412,0
DA:415,0
DA:417,0
DA:420,0
DA:424,0
DA:426,0
DA:429,0
DA:433,0
DA:436,0
DA:439,0
DA:442,0
DA:446,0
DA:449,0
DA:452,0
DA:455,0
DA:458,0
DA:461,0
DA:465,0
DA:468,0
DA:471,0
DA:474,0
DA:477,0
DA:481,0
DA:484,0
DA:487,0
DA:491,0
DA:494,0
DA:498,0
DA:501,0
DA:503,0
DA:506,0
DA:509,0
DA:512,0
DA:514,0
DA:517,0
DA:520,0
DA:523,0
DA:526,0
DA:530,0
DA:533,0
DA:536,0
DA:540,0
DA:543,0
DA:546,0
DA:549,0
DA:553,0
DA:556,0
DA:559,0
DA:562,0
DA:565,0
DA:568,0
DA:571,0
DA:574,0
DA:577,0
DA:580,0
DA:583,0
DA:586,0
DA:589,0
DA:592,0
DA:595,0
DA:598,0
DA:601,0
DA:604,0
DA:607,0
DA:610,0
DA:612,0
DA:614,0
DA:618,0
DA:621,0
DA:624,0
DA:626,0
DA:629,0
DA:632,0
DA:634,0
DA:637,0
DA:639,0
DA:642,0
DA:645,0
DA:648,0
DA:651,0
DA:654,0
DA:656,0
DA:659,0
DA:662,0
DA:665,0
DA:668,0
DA:672,0
DA:675,0
DA:679,0
DA:682,0
DA:686,0
DA:689,0
DA:693,0
DA:696,0
LF:230
LH:0
end_of_record
SF:lib\l10n\app_localizations_hi.dart
DA:9,0
DA:11,0
DA:14,0
DA:17,0
DA:20,0
DA:23,0
DA:26,0
DA:30,0
DA:33,0
DA:37,0
DA:40,0
DA:44,0
DA:47,0
DA:51,0
DA:54,0
DA:57,0
DA:60,0
DA:63,0
DA:66,0
DA:69,0
DA:72,0
DA:75,0
DA:78,0
DA:81,0
DA:84,0
DA:87,0
DA:89,0
DA:92,0
DA:95,0
DA:98,0
DA:101,0
DA:104,0
DA:108,0
DA:110,0
DA:113,0
DA:115,0
DA:118,0
DA:121,0
DA:124,0
DA:127,0
DA:130,0
DA:132,0
DA:135,0
DA:138,0
DA:142,0
DA:144,0
DA:147,0
DA:150,0
DA:153,0
DA:156,0
DA:159,0
DA:162,0
DA:165,0
DA:169,0
DA:172,0
DA:175,0
DA:178,0
DA:181,0
DA:184,0
DA:187,0
DA:189,0
DA:192,0
DA:195,0
DA:198,0
DA:201,0
DA:203,0
DA:205,0
DA:209,0
DA:212,0
DA:215,0
DA:218,0
DA:221,0
DA:224,0
DA:227,0
DA:230,0
DA:233,0
DA:236,0
DA:239,0
DA:242,0
DA:245,0
DA:248,0
DA:251,0
DA:254,0
DA:257,0
DA:260,0
DA:263,0
DA:266,0
DA:269,0
DA:272,0
DA:275,0
DA:278,0
DA:281,0
DA:284,0
DA:287,0
DA:291,0
DA:294,0
DA:297,0
DA:300,0
DA:303,0
DA:306,0
DA:309,0
DA:312,0
DA:315,0
DA:318,0
DA:321,0
DA:324,0
DA:326,0
DA:329,0
DA:331,0
DA:334,0
DA:336,0
DA:339,0
DA:341,0
DA:344,0
DA:346,0
DA:349,0
DA:351,0
DA:354,0
DA:357,0
DA:360,0
DA:363,0
DA:366,0
DA:369,0
DA:372,0
DA:375,0
DA:378,0
DA:381,0
DA:384,0
DA:387,0
DA:390,0
DA:394,0
DA:396,0
DA:399,0
DA:402,0
DA:405,0
DA:408,0
DA:411,0
DA:414,0
DA:416,0
DA:419,0
DA:423,0
DA:425,0
DA:428,0
DA:432,0
DA:435,0
DA:438,0
DA:441,0
DA:444,0
DA:447,0
DA:450,0
DA:453,0
DA:456,0
DA:459,0
DA:462,0
DA:465,0
DA:468,0
DA:471,0
DA:474,0
DA:478,0
DA:481,0
DA:484,0
DA:488,0
DA:491,0
DA:495,0
DA:498,0
DA:500,0
DA:503,0
DA:506,0
DA:509,0
DA:511,0
DA:514,0
DA:517,0
DA:520,0
DA:523,0
DA:526,0
DA:529,0
DA:532,0
DA:536,0
DA:539,0
DA:542,0
DA:545,0
DA:549,0
DA:552,0
DA:555,0
DA:558,0
DA:562,0
DA:565,0
DA:568,0
DA:571,0
DA:574,0
DA:577,0
DA:580,0
DA:583,0
DA:586,0
DA:589,0
DA:592,0
DA:595,0
DA:598,0
DA:601,0
DA:604,0
DA:607,0
DA:609,0
DA:611,0
DA:615,0
DA:618,0
DA:621,0
DA:623,0
DA:626,0
DA:630,0
DA:632,0
DA:635,0
DA:637,0
DA:640,0
DA:643,0
DA:646,0
DA:649,0
DA:652,0
DA:654,0
DA:657,0
DA:660,0
DA:663,0
DA:666,0
DA:670,0
DA:673,0
DA:677,0
DA:680,0
DA:684,0
DA:687,0
DA:691,0
DA:694,0
LF:230
LH:0
end_of_record
SF:lib\l10n\app_localizations_it.dart
DA:9,0
DA:11,0
DA:14,0
DA:17,0
DA:20,0
DA:23,0
DA:26,0
DA:30,0
DA:33,0
DA:37,0
DA:40,0
DA:44,0
DA:47,0
DA:51,0
DA:54,0
DA:57,0
DA:60,0
DA:63,0
DA:66,0
DA:69,0
DA:72,0
DA:75,0
DA:78,0
DA:81,0
DA:84,0
DA:87,0
DA:89,0
DA:92,0
DA:95,0
DA:98,0
DA:101,0
DA:104,0
DA:108,0
DA:110,0
DA:113,0
DA:115,0
DA:118,0
DA:121,0
DA:124,0
DA:127,0
DA:130,0
DA:132,0
DA:135,0
DA:138,0
DA:142,0
DA:144,0
DA:147,0
DA:150,0
DA:153,0
DA:156,0
DA:159,0
DA:162,0
DA:165,0
DA:169,0
DA:172,0
DA:175,0
DA:178,0
DA:181,0
DA:184,0
DA:187,0
DA:189,0
DA:192,0
DA:195,0
DA:198,0
DA:201,0
DA:203,0
DA:205,0
DA:209,0
DA:212,0
DA:215,0
DA:218,0
DA:221,0
DA:224,0
DA:227,0
DA:230,0
DA:233,0
DA:236,0
DA:239,0
DA:242,0
DA:245,0
DA:248,0
DA:251,0
DA:254,0
DA:257,0
DA:260,0
DA:263,0
DA:266,0
DA:269,0
DA:272,0
DA:275,0
DA:278,0
DA:281,0
DA:284,0
DA:287,0
DA:290,0
DA:294,0
DA:297,0
DA:300,0
DA:303,0
DA:306,0
DA:309,0
DA:312,0
DA:315,0
DA:318,0
DA:321,0
DA:324,0
DA:326,0
DA:329,0
DA:331,0
DA:334,0
DA:336,0
DA:339,0
DA:341,0
DA:344,0
DA:346,0
DA:349,0
DA:351,0
DA:354,0
DA:357,0
DA:360,0
DA:363,0
DA:366,0
DA:369,0
DA:372,0
DA:375,0
DA:378,0
DA:381,0
DA:384,0
DA:387,0
DA:390,0
DA:394,0
DA:396,0
DA:399,0
DA:402,0
DA:405,0
DA:408,0
DA:411,0
DA:414,0
DA:416,0
DA:419,0
DA:423,0
DA:425,0
DA:428,0
DA:432,0
DA:435,0
DA:438,0
DA:441,0
DA:445,0
DA:448,0
DA:451,0
DA:454,0
DA:457,0
DA:460,0
DA:463,0
DA:466,0
DA:469,0
DA:472,0
DA:475,0
DA:479,0
DA:482,0
DA:485,0
DA:489,0
DA:492,0
DA:496,0
DA:499,0
DA:501,0
DA:504,0
DA:507,0
DA:510,0
DA:512,0
DA:515,0
DA:518,0
DA:521,0
DA:524,0
DA:528,0
DA:531,0
DA:534,0
DA:538,0
DA:541,0
DA:544,0
DA:547,0
DA:551,0
DA:554,0
DA:557,0
DA:560,0
DA:563,0
DA:566,0
DA:569,0
DA:572,0
DA:575,0
DA:578,0
DA:581,0
DA:584,0
DA:587,0
DA:590,0
DA:593,0
DA:596,0
DA:599,0
DA:602,0
DA:605,0
DA:608,0
DA:610,0
DA:612,0
DA:616,0
DA:619,0
DA:622,0
DA:624,0
DA:627,0
DA:630,0
DA:632,0
DA:635,0
DA:637,0
DA:640,0
DA:643,0
DA:646,0
DA:649,0
DA:652,0
DA:654,0
DA:657,0
DA:660,0
DA:663,0
DA:666,0
DA:670,0
DA:673,0
DA:677,0
DA:680,0
DA:684,0
DA:687,0
DA:691,0
DA:694,0
LF:230
LH:0
end_of_record
SF:lib\l10n\app_localizations_ja.dart
DA:9,0
DA:11,0
DA:14,0
DA:17,0
DA:20,0
DA:23,0
DA:26,0
DA:29,0
DA:32,0
DA:35,0
DA:38,0
DA:42,0
DA:45,0
DA:48,0
DA:51,0
DA:54,0
DA:57,0
DA:60,0
DA:63,0
DA:66,0
DA:69,0
DA:72,0
DA:75,0
DA:78,0
DA:81,0
DA:84,0
DA:86,0
DA:89,0
DA:92,0
DA:95,0
DA:98,0
DA:101,0
DA:105,0
DA:107,0
DA:110,0
DA:112,0
DA:115,0
DA:118,0
DA:121,0
DA:124,0
DA:127,0
DA:129,0
DA:132,0
DA:135,0
DA:138,0
DA:140,0
DA:143,0
DA:146,0
DA:149,0
DA:152,0
DA:155,0
DA:158,0
DA:161,0
DA:164,0
DA:167,0
DA:170,0
DA:173,0
DA:176,0
DA:179,0
DA:182,0
DA:184,0
DA:187,0
DA:190,0
DA:193,0
DA:196,0
DA:198,0
DA:201,0
DA:204,0
DA:207,0
DA:210,0
DA:213,0
DA:216,0
DA:219,0
DA:222,0
DA:225,0
DA:228,0
DA:231,0
DA:234,0
DA:237,0
DA:240,0
DA:243,0
DA:246,0
DA:249,0
DA:252,0
DA:255,0
DA:258,0
DA:261,0
DA:264,0
DA:267,0
DA:270,0
DA:273,0
DA:276,0
DA:279,0
DA:282,0
DA:285,0
DA:288,0
DA:291,0
DA:294,0
DA:297,0
DA:300,0
DA:303,0
DA:306,0
DA:309,0
DA:312,0
DA:314,0
DA:317,0
DA:319,0
DA:322,0
DA:324,0
DA:327,0
DA:329,0
DA:332,0
DA:334,0
DA:337,0
DA:339,0
DA:342,0
DA:345,0
DA:348,0
DA:351,0
DA:354,0
DA:357,0
DA:360,0
DA:363,0
DA:366,0
DA:369,0
DA:372,0
DA:375,0
DA:378,0
DA:382,0
DA:384,0
DA:387,0
DA:390,0
DA:393,0
DA:396,0
DA:399,0
DA:402,0
DA:404,0
DA:407,0
DA:410,0
DA:412,0
DA:415,0
DA:418,0
DA:421,0
DA:424,0
DA:427,0
DA:430,0
DA:433,0
DA:436,0
DA:439,0
DA:442,0
DA:445,0
DA:448,0
DA:451,0
DA:454,0
DA:457,0
DA:460,0
DA:463,0
DA:466,0
DA:469,0
DA:472,0
DA:475,0
DA:478,0
DA:481,0
DA:483,0
DA:486,0
DA:489,0
DA:492,0
DA:494,0
DA:497,0
DA:500,0
DA:503,0
DA:506,0
DA:509,0
DA:512,0
DA:515,0
DA:518,0
DA:521,0
DA:524,0
DA:527,0
DA:530,0
DA:533,0
DA:536,0
DA:539,0
DA:542,0
DA:545,0
DA:548,0
DA:551,0
DA:554,0
DA:557,0
DA:560,0
DA:563,0
DA:566,0
DA:569,0
DA:572,0
DA:575,0
DA:578,0
DA:581,0
DA:584,0
DA:587,0
DA:589,0
DA:592,0
DA:595,0
DA:597,0
DA:600,0
DA:603,0
DA:605,0
DA:608,0
DA:610,0
DA:613,0
DA:616,0
DA:619,0
DA:622,0
DA:625,0
DA:627,0
DA:630,0
DA:633,0
DA:636,0
DA:639,0
DA:643,0
DA:646,0
DA:650,0
DA:653,0
DA:657,0
DA:660,0
DA:664,0
DA:667,0
LF:226
LH:0
end_of_record
SF:lib\l10n\app_localizations_ko.dart
DA:9,0
DA:11,0
DA:14,0
DA:17,0
DA:20,0
DA:23,0
DA:26,0
DA:29,0
DA:32,0
DA:35,0
DA:38,0
DA:42,0
DA:45,0
DA:49,0
DA:52,0
DA:55,0
DA:58,0
DA:61,0
DA:64,0
DA:67,0
DA:70,0
DA:73,0
DA:76,0
DA:79,0
DA:82,0
DA:85,0
DA:87,0
DA:90,0
DA:93,0
DA:96,0
DA:99,0
DA:102,0
DA:106,0
DA:108,0
DA:111,0
DA:113,0
DA:116,0
DA:119,0
DA:122,0
DA:125,0
DA:128,0
DA:130,0
DA:133,0
DA:136,0
DA:139,0
DA:141,0
DA:144,0
DA:147,0
DA:150,0
DA:153,0
DA:156,0
DA:159,0
DA:162,0
DA:165,0
DA:168,0
DA:171,0
DA:174,0
DA:177,0
DA:180,0
DA:183,0
DA:185,0
DA:188,0
DA:191,0
DA:194,0
DA:197,0
DA:199,0
DA:202,0
DA:205,0
DA:208,0
DA:211,0
DA:214,0
DA:217,0
DA:220,0
DA:223,0
DA:226,0
DA:229,0
DA:232,0
DA:235,0
DA:238,0
DA:241,0
DA:244,0
DA:247,0
DA:250,0
DA:253,0
DA:256,0
DA:259,0
DA:262,0
DA:265,0
DA:268,0
DA:271,0
DA:274,0
DA:277,0
DA:280,0
DA:283,0
DA:286,0
DA:289,0
DA:292,0
DA:295,0
DA:298,0
DA:301,0
DA:304,0
DA:307,0
DA:310,0
DA:313,0
DA:315,0
DA:318,0
DA:320,0
DA:323,0
DA:325,0
DA:328,0
DA:330,0
DA:333,0
DA:335,0
DA:338,0
DA:340,0
DA:343,0
DA:346,0
DA:349,0
DA:352,0
DA:355,0
DA:358,0
DA:361,0
DA:364,0
DA:367,0
DA:370,0
DA:373,0
DA:376,0
DA:379,0
DA:383,0
DA:385,0
DA:388,0
DA:391,0
DA:394,0
DA:397,0
DA:400,0
DA:403,0
DA:405,0
DA:408,0
DA:411,0
DA:413,0
DA:416,0
DA:419,0
DA:422,0
DA:425,0
DA:428,0
DA:431,0
DA:434,0
DA:437,0
DA:440,0
DA:443,0
DA:446,0
DA:449,0
DA:452,0
DA:455,0
DA:458,0
DA:461,0
DA:464,0
DA:467,0
DA:470,0
DA:473,0
DA:476,0
DA:479,0
DA:482,0
DA:484,0
DA:487,0
DA:490,0
DA:493,0
DA:495,0
DA:498,0
DA:501,0
DA:504,0
DA:507,0
DA:510,0
DA:513,0
DA:516,0
DA:519,0
DA:522,0
DA:525,0
DA:528,0
DA:531,0
DA:534,0
DA:537,0
DA:540,0
DA:543,0
DA:546,0
DA:549,0
DA:552,0
DA:555,0
DA:558,0
DA:561,0
DA:564,0
DA:567,0
DA:570,0
DA:573,0
DA:576,0
DA:579,0
DA:582,0
DA:585,0
DA:588,0
DA:590,0
DA:593,0
DA:596,0
DA:598,0
DA:601,0
DA:604,0
DA:606,0
DA:609,0
DA:611,0
DA:614,0
DA:617,0
DA:620,0
DA:623,0
DA:626,0
DA:628,0
DA:631,0
DA:634,0
DA:637,0
DA:640,0
DA:644,0
DA:647,0
DA:651,0
DA:654,0
DA:658,0
DA:661,0
DA:665,0
DA:668,0
LF:226
LH:0
end_of_record
SF:lib\l10n\app_localizations_pt.dart
DA:9,0
DA:11,0
DA:14,0
DA:17,0
DA:20,0
DA:23,0
DA:26,0
DA:30,0
DA:33,0
DA:37,0
DA:40,0
DA:44,0
DA:47,0
DA:51,0
DA:54,0
DA:57,0
DA:60,0
DA:63,0
DA:66,0
DA:69,0
DA:72,0
DA:75,0
DA:78,0
DA:81,0
DA:84,0
DA:87,0
DA:89,0
DA:92,0
DA:95,0
DA:98,0
DA:101,0
DA:104,0
DA:108,0
DA:110,0
DA:113,0
DA:115,0
DA:118,0
DA:121,0
DA:124,0
DA:127,0
DA:130,0
DA:132,0
DA:135,0
DA:138,0
DA:142,0
DA:144,0
DA:147,0
DA:150,0
DA:153,0
DA:156,0
DA:159,0
DA:162,0
DA:165,0
DA:169,0
DA:172,0
DA:175,0
DA:178,0
DA:181,0
DA:184,0
DA:187,0
DA:189,0
DA:192,0
DA:195,0
DA:198,0
DA:201,0
DA:203,0
DA:205,0
DA:209,0
DA:212,0
DA:215,0
DA:218,0
DA:221,0
DA:224,0
DA:227,0
DA:230,0
DA:233,0
DA:236,0
DA:239,0
DA:242,0
DA:245,0
DA:248,0
DA:251,0
DA:254,0
DA:257,0
DA:260,0
DA:263,0
DA:266,0
DA:269,0
DA:272,0
DA:275,0
DA:278,0
DA:281,0
DA:284,0
DA:287,0
DA:290,0
DA:293,0
DA:296,0
DA:299,0
DA:302,0
DA:305,0
DA:308,0
DA:311,0
DA:314,0
DA:317,0
DA:320,0
DA:323,0
DA:325,0
DA:328,0
DA:330,0
DA:333,0
DA:335,0
DA:338,0
DA:340,0
DA:343,0
DA:345,0
DA:348,0
DA:350,0
DA:353,0
DA:356,0
DA:359,0
DA:362,0
DA:365,0
DA:368,0
DA:371,0
DA:374,0
DA:377,0
DA:380,0
DA:383,0
DA:386,0
DA:389,0
DA:393,0
DA:395,0
DA:398,0
DA:401,0
DA:404,0
DA:407,0
DA:410,0
DA:413,0
DA:415,0
DA:418,0
DA:422,0
DA:424,0
DA:427,0
DA:431,0
DA:434,0
DA:437,0
DA:440,0
DA:444,0
DA:447,0
DA:450,0
DA:453,0
DA:456,0
DA:459,0
DA:462,0
DA:465,0
DA:468,0
DA:471,0
DA:474,0
DA:478,0
DA:481,0
DA:484,0
DA:488,0
DA:491,0
DA:495,0
DA:498,0
DA:500,0
DA:503,0
DA:506,0
DA:509,0
DA:511,0
DA:514,0
DA:517,0
DA:520,0
DA:523,0
DA:527,0
DA:530,0
DA:533,0
DA:537,0
DA:541,0
DA:544,0
DA:547,0
DA:551,0
DA:554,0
DA:557,0
DA:560,0
DA:563,0
DA:566,0
DA:569,0
DA:572,0
DA:575,0
DA:578,0
DA:581,0
DA:584,0
DA:587,0
DA:590,0
DA:593,0
DA:596,0
DA:599,0
DA:602,0
DA:605,0
DA:608,0
DA:610,0
DA:612,0
DA:616,0
DA:619,0
DA:622,0
DA:624,0
DA:627,0
DA:630,0
DA:632,0
DA:635,0
DA:637,0
DA:640,0
DA:643,0
DA:646,0
DA:649,0
DA:652,0
DA:654,0
DA:657,0
DA:660,0
DA:664,0
DA:667,0
DA:671,0
DA:674,0
DA:678,0
DA:681,0
DA:685,0
DA:688,0
DA:692,0
DA:695,0
LF:230
LH:0
end_of_record
SF:lib\l10n\app_localizations_ru.dart
DA:9,0
DA:11,0
DA:14,0
DA:17,0
DA:20,0
DA:23,0
DA:26,0
DA:30,0
DA:33,0
DA:37,0
DA:40,0
DA:44,0
DA:47,0
DA:51,0
DA:54,0
DA:57,0
DA:60,0
DA:63,0
DA:66,0
DA:69,0
DA:72,0
DA:75,0
DA:78,0
DA:81,0
DA:84,0
DA:87,0
DA:89,0
DA:92,0
DA:95,0
DA:98,0
DA:101,0
DA:104,0
DA:108,0
DA:110,0
DA:113,0
DA:115,0
DA:118,0
DA:121,0
DA:124,0
DA:127,0
DA:130,0
DA:132,0
DA:135,0
DA:138,0
DA:142,0
DA:144,0
DA:147,0
DA:150,0
DA:153,0
DA:156,0
DA:159,0
DA:162,0
DA:165,0
DA:169,0
DA:172,0
DA:175,0
DA:178,0
DA:181,0
DA:184,0
DA:187,0
DA:189,0
DA:192,0
DA:195,0
DA:198,0
DA:201,0
DA:203,0
DA:205,0
DA:211,0
DA:214,0
DA:217,0
DA:220,0
DA:223,0
DA:226,0
DA:229,0
DA:232,0
DA:235,0
DA:238,0
DA:241,0
DA:244,0
DA:247,0
DA:250,0
DA:253,0
DA:256,0
DA:259,0
DA:262,0
DA:265,0
DA:268,0
DA:271,0
DA:274,0
DA:277,0
DA:280,0
DA:283,0
DA:286,0
DA:289,0
DA:292,0
DA:295,0
DA:298,0
DA:301,0
DA:304,0
DA:307,0
DA:310,0
DA:313,0
DA:316,0
DA:319,0
DA:322,0
DA:325,0
DA:327,0
DA:330,0
DA:332,0
DA:335,0
DA:337,0
DA:340,0
DA:342,0
DA:345,0
DA:347,0
DA:350,0
DA:352,0
DA:355,0
DA:358,0
DA:361,0
DA:364,0
DA:367,0
DA:370,0
DA:374,0
DA:377,0
DA:380,0
DA:383,0
DA:386,0
DA:389,0
DA:392,0
DA:396,0
DA:398,0
DA:401,0
DA:405,0
DA:408,0
DA:412,0
DA:415,0
DA:418,0
DA:420,0
DA:423,0
DA:426,0
DA:428,0
DA:431,0
DA:435,0
DA:438,0
DA:441,0
DA:444,0
DA:448,0
DA:451,0
DA:454,0
DA:457,0
DA:460,0
DA:463,0
DA:466,0
DA:469,0
DA:472,0
DA:475,0
DA:478,0
DA:482,0
DA:485,0
DA:488,0
DA:492,0
DA:495,0
DA:499,0
DA:502,0
DA:504,0
DA:507,0
DA:510,0
DA:513,0
DA:515,0
DA:518,0
DA:521,0
DA:524,0
DA:527,0
DA:531,0
DA:534,0
DA:537,0
DA:541,0
DA:545,0
DA:548,0
DA:551,0
DA:555,0
DA:558,0
DA:561,0
DA:564,0
DA:567,0
DA:570,0
DA:573,0
DA:576,0
DA:579,0
DA:582,0
DA:585,0
DA:588,0
DA:591,0
DA:594,0
DA:597,0
DA:600,0
DA:603,0
DA:606,0
DA:609,0
DA:612,0
DA:614,0
DA:616,0
DA:622,0
DA:625,0
DA:628,0
DA:630,0
DA:633,0
DA:636,0
DA:638,0
DA:641,0
DA:643,0
DA:646,0
DA:649,0
DA:652,0
DA:655,0
DA:658,0
DA:660,0
DA:663,0
DA:666,0
DA:670,0
DA:673,0
DA:677,0
DA:680,0
DA:684,0
DA:687,0
DA:691,0
DA:694,0
DA:698,0
DA:701,0
LF:230
LH:0
end_of_record
SF:lib\l10n\app_localizations_zh.dart
DA:9,0
DA:11,0
DA:14,0
DA:17,0
DA:20,0
DA:23,0
DA:26,0
DA:29,0
DA:32,0
DA:35,0
DA:38,0
DA:41,0
DA:44,0
DA:47,0
DA:50,0
DA:53,0
DA:56,0
DA:59,0
DA:62,0
DA:65,0
DA:68,0
DA:71,0
DA:74,0
DA:77,0
DA:80,0
DA:83,0
DA:85,0
DA:88,0
DA:91,0
DA:94,0
DA:97,0
DA:100,0
DA:103,0
DA:105,0
DA:108,0
DA:110,0
DA:113,0
DA:116,0
DA:119,0
DA:122,0
DA:125,0
DA:127,0
DA:130,0
DA:133,0
DA:136,0
DA:138,0
DA:141,0
DA:144,0
DA:147,0
DA:150,0
DA:153,0
DA:156,0
DA:159,0
DA:162,0
DA:165,0
DA:168,0
DA:171,0
DA:174,0
DA:177,0
DA:180,0
DA:182,0
DA:185,0
DA:188,0
DA:191,0
DA:194,0
DA:196,0
DA:199,0
DA:202,0
DA:205,0
DA:208,0
DA:211,0
DA:214,0
DA:217,0
DA:220,0
DA:223,0
DA:226,0
DA:229,0
DA:232,0
DA:235,0
DA:238,0
DA:241,0
DA:244,0
DA:247,0
DA:250,0
DA:253,0
DA:256,0
DA:259,0
DA:262,0
DA:265,0
DA:268,0
DA:271,0
DA:274,0
DA:277,0
DA:280,0
DA:283,0
DA:286,0
DA:289,0
DA:292,0
DA:295,0
DA:298,0
DA:301,0
DA:304,0
DA:307,0
DA:310,0
DA:312,0
DA:315,0
DA:317,0
DA:320,0
DA:322,0
DA:325,0
DA:327,0
DA:330,0
DA:332,0
DA:335,0
DA:337,0
DA:340,0
DA:343,0
DA:346,0
DA:349,0
DA:352,0
DA:355,0
DA:358,0
DA:361,0
DA:364,0
DA:367,0
DA:370,0
DA:373,0
DA:376,0
DA:379,0
DA:381,0
DA:384,0
DA:387,0
DA:390,0
DA:393,0
DA:396,0
DA:399,0
DA:401,0
DA:404,0
DA:407,0
DA:409,0
DA:412,0
DA:415,0
DA:418,0
DA:421,0
DA:424,0
DA:427,0
DA:430,0
DA:433,0
DA:436,0
DA:439,0
DA:442,0
DA:445,0
DA:448,0
DA:451,0
DA:454,0
DA:457,0
DA:460,0
DA:463,0
DA:466,0
DA:469,0
DA:472,0
DA:475,0
DA:478,0
DA:480,0
DA:483,0
DA:486,0
DA:489,0
DA:491,0
DA:494,0
DA:497,0
DA:500,0
DA:503,0
DA:506,0
DA:509,0
DA:512,0
DA:515,0
DA:518,0
DA:521,0
DA:524,0
DA:527,0
DA:530,0
DA:533,0
DA:536,0
DA:539,0
DA:542,0
DA:545,0
DA:548,0
DA:551,0
DA:554,0
DA:557,0
DA:560,0
DA:563,0
DA:566,0
DA:569,0
DA:572,0
DA:575,0
DA:578,0
DA:581,0
DA:584,0
DA:586,0
DA:589,0
DA:592,0
DA:594,0
DA:597,0
DA:600,0
DA:602,0
DA:605,0
DA:607,0
DA:610,0
DA:613,0
DA:616,0
DA:619,0
DA:622,0
DA:624,0
DA:627,0
DA:630,0
DA:633,0
DA:636,0
DA:640,0
DA:643,0
DA:647,0
DA:650,0
DA:654,0
DA:657,0
DA:660,0
DA:663,0
LF:226
LH:0
end_of_record
SF:lib\screens\article_list_screen.dart
DA:20,2
DA:23,2
DA:24,2
DA:54,2
DA:56,2
DA:57,2
DA:58,6
DA:61,2
DA:63,4
DA:64,4
DA:65,4
DA:66,2
DA:69,0
DA:70,0
DA:71,0
DA:72,0
DA:75,0
DA:78,0
DA:79,0
DA:80,0
DA:82,0
DA:84,0
DA:90,0
DA:91,0
DA:93,0
DA:96,0
DA:97,0
DA:98,0
DA:100,0
DA:101,0
DA:105,0
DA:107,0
DA:112,0
DA:113,0
DA:114,0
DA:117,0
DA:118,0
DA:119,0
DA:120,0
DA:122,0
DA:124,0
DA:125,0
DA:126,0
DA:127,0
DA:128,0
DA:129,0
DA:130,0
DA:138,2
DA:139,4
DA:140,2
DA:141,2
DA:144,4
DA:145,7
DA:146,1
DA:147,2
DA:151,0
DA:152,0
DA:153,0
DA:154,0
DA:155,0
DA:156,0
DA:157,0
DA:160,2
DA:161,4
DA:162,4
DA:163,2
DA:168,0
DA:169,0
DA:170,0
DA:172,0
DA:173,0
DA:174,0
DA:176,0
DA:178,0
DA:179,0
DA:180,0
DA:181,0
DA:182,0
DA:185,0
DA:186,0
DA:190,0
DA:191,0
DA:194,2
DA:195,2
DA:199,2
DA:200,2
DA:201,2
DA:203,2
DA:204,10
DA:206,2
DA:207,2
DA:209,8
DA:216,0
DA:217,0
DA:218,0
DA:222,0
DA:223,0
DA:224,0
DA:225,0
DA:226,0
DA:228,0
DA:230,0
DA:231,0
DA:232,0
DA:233,0
DA:235,0
DA:236,0
DA:238,0
DA:239,0
DA:241,0
DA:242,0
DA:243,0
DA:247,0
DA:248,0
DA:250,0
DA:251,0
DA:256,0
DA:257,0
DA:258,0
DA:259,0
DA:264,0
DA:265,0
DA:266,0
DA:267,0
DA:269,0
DA:270,0
DA:271,0
DA:272,0
DA:273,0
DA:274,0
DA:275,0
DA:277,0
DA:278,0
DA:279,0
DA:281,0
DA:282,0
DA:283,0
DA:298,0
DA:299,0
DA:300,0
DA:301,0
DA:303,0
DA:305,0
DA:310,0
DA:311,0
DA:312,0
DA:313,0
DA:318,0
DA:319,0
DA:322,0
DA:323,0
DA:324,0
DA:325,0
DA:329,0
DA:333,0
DA:335,0
DA:336,0
DA:337,0
DA:338,0
DA:339,0
DA:340,0
DA:343,0
DA:344,0
DA:346,0
DA:347,0
DA:349,0
DA:350,0
DA:351,0
DA:352,0
DA:353,0
DA:354,0
DA:355,0
DA:356,0
DA:361,0
DA:365,0
DA:368,0
DA:369,0
DA:370,0
DA:371,0
DA:376,0
DA:378,0
DA:381,0
DA:382,0
DA:383,0
DA:389,0
DA:390,0
DA:392,0
DA:394,0
DA:395,0
DA:400,0
DA:404,0
DA:408,0
DA:409,0
DA:411,0
DA:412,0
DA:413,0
DA:414,0
DA:418,0
DA:419,0
DA:420,0
DA:421,0
DA:426,0
DA:427,0
DA:428,0
DA:429,0
DA:430,0
DA:431,0
DA:432,0
DA:433,0
DA:438,0
DA:441,0
DA:444,0
DA:445,0
DA:447,0
DA:449,0
DA:451,0
DA:454,0
DA:457,0
DA:458,0
DA:459,0
DA:460,0
DA:461,0
DA:470,0
DA:471,0
DA:472,0
DA:473,0
DA:475,0
DA:485,0
DA:486,0
DA:487,0
DA:491,0
DA:495,0
DA:496,0
DA:497,0
DA:498,0
DA:499,0
DA:501,0
DA:511,0
DA:513,0
DA:514,0
DA:521,0
DA:528,0
DA:530,0
DA:531,0
DA:534,0
DA:535,0
DA:537,0
DA:538,0
DA:542,0
DA:549,0
DA:556,0
DA:558,0
DA:559,0
DA:562,0
DA:563,0
DA:565,0
DA:566,0
DA:570,0
DA:571,0
DA:578,0
DA:582,0
DA:583,0
DA:585,0
DA:586,0
DA:594,0
DA:596,0
DA:598,0
DA:599,0
DA:615,0
DA:616,0
DA:620,0
DA:621,0
DA:623,0
DA:624,0
DA:626,0
DA:627,0
DA:631,0
DA:646,2
DA:647,4
DA:650,0
DA:651,0
DA:652,0
DA:653,0
DA:654,0
DA:656,0
DA:659,0
DA:660,0
DA:661,0
DA:669,0
DA:670,0
DA:672,0
DA:678,2
DA:680,6
DA:681,2
DA:682,6
DA:683,0
DA:684,0
DA:686,4
DA:687,0
DA:690,2
DA:691,2
DA:692,0
DA:693,0
DA:695,0
DA:696,0
DA:697,0
DA:698,0
DA:699,0
DA:703,0
DA:704,0
DA:705,0
DA:707,0
DA:708,0
DA:711,0
DA:712,0
DA:713,0
DA:717,0
DA:718,0
DA:719,0
DA:721,0
DA:722,0
DA:723,0
DA:728,2
DA:729,6
DA:730,2
DA:731,2
DA:733,4
DA:734,0
DA:735,0
DA:736,0
DA:737,0
DA:739,0
DA:742,4
DA:743,2
DA:745,4
DA:746,4
DA:748,2
DA:750,2
DA:754,2
DA:755,2
DA:759,0
DA:760,0
DA:761,0
DA:762,0
DA:763,0
DA:768,0
DA:772,0
DA:773,0
DA:774,0
DA:775,0
DA:776,0
DA:783,0
DA:788,0
DA:789,0
DA:792,0
DA:796,0
DA:799,0
DA:800,0
DA:801,0
DA:802,0
DA:803,0
DA:808,0
DA:809,0
DA:811,0
DA:812,0
DA:813,0
DA:814,0
DA:817,0
DA:818,0
DA:820,0
DA:821,0
DA:822,0
DA:823,0
DA:824,0
DA:826,0
DA:827,0
DA:829,0
DA:830,0
DA:832,0
DA:838,0
DA:839,0
DA:840,0
DA:841,0
DA:842,0
DA:843,0
DA:844,0
DA:846,0
DA:847,0
DA:849,0
DA:850,0
DA:852,0
DA:853,0
DA:855,0
DA:860,0
DA:861,0
DA:862,0
DA:863,0
DA:868,0
DA:869,0
DA:870,0
DA:871,0
DA:872,0
DA:873,0
DA:874,0
DA:875,0
DA:880,0
DA:882,0
DA:883,0
DA:884,0
DA:885,0
DA:891,0
DA:892,0
DA:893,0
DA:896,0
DA:898,0
DA:899,0
DA:902,0
DA:909,0
DA:912,0
DA:913,0
DA:914,0
DA:915,0
DA:918,0
DA:921,0
DA:922,0
DA:924,0
DA:926,0
DA:927,0
DA:928,0
DA:929,0
DA:930,0
DA:931,0
DA:934,0
DA:935,0
DA:936,0
DA:937,0
DA:938,0
DA:941,0
DA:942,0
DA:943,0
DA:944,0
DA:947,0
DA:948,0
DA:949,0
DA:950,0
DA:953,0
DA:954,0
DA:955,0
DA:956,0
DA:957,0
DA:970,0
DA:972,0
DA:973,0
DA:975,0
DA:978,0
DA:979,0
DA:980,0
DA:981,0
DA:982,0
DA:983,0
DA:986,0
DA:987,0
DA:988,0
DA:993,0
DA:995,0
DA:996,0
DA:999,0
DA:1000,0
DA:1001,0
DA:1002,0
DA:1004,0
DA:1006,0
DA:1011,0
DA:1012,0
DA:1014,0
DA:1015,0
DA:1016,0
DA:1017,0
DA:1018,0
DA:1019,0
DA:1021,0
DA:1022,0
DA:1023,0
DA:1024,0
DA:1025,0
DA:1027,0
DA:1028,0
DA:1029,0
DA:1030,0
DA:1031,0
DA:1033,0
DA:1034,0
DA:1035,0
DA:1036,0
DA:1037,0
DA:1042,0
DA:1043,0
DA:1045,0
DA:1046,0
DA:1047,0
DA:1048,0
DA:1049,0
DA:1050,0
DA:1052,0
DA:1053,0
DA:1054,0
DA:1055,0
DA:1056,0
DA:1058,0
DA:1059,0
DA:1060,0
DA:1061,0
DA:1062,0
DA:1064,0
DA:1065,0
DA:1066,0
DA:1067,0
DA:1068,0
DA:1070,0
DA:1071,0
DA:1073,0
DA:1074,0
DA:1075,0
DA:1080,0
DA:1081,0
DA:1083,0
DA:1084,0
DA:1085,0
DA:1086,0
DA:1087,0
DA:1088,0
DA:1090,0
DA:1091,0
DA:1092,0
DA:1093,0
DA:1094,0
DA:1096,0
DA:1097,0
DA:1098,0
DA:1099,0
DA:1100,0
DA:1102,0
DA:1103,0
DA:1104,0
DA:1105,0
DA:1106,0
DA:1111,0
DA:1112,0
DA:1114,0
DA:1115,0
DA:1116,0
DA:1117,0
DA:1118,0
DA:1119,0
DA:1121,0
DA:1122,0
DA:1123,0
DA:1124,0
DA:1125,0
DA:1126,0
DA:1131,0
DA:1132,0
DA:1134,0
DA:1135,0
DA:1137,0
DA:1138,0
DA:1141,0
DA:1142,0
DA:1143,0
DA:1144,0
DA:1145,0
DA:1146,0
DA:1147,0
DA:1148,0
DA:1149,0
DA:1150,0
DA:1151,0
DA:1152,0
DA:1155,0
DA:1158,0
DA:1159,0
DA:1160,0
DA:1175,0
DA:1177,0
DA:1178,0
DA:1179,0
DA:1180,0
DA:1181,0
DA:1183,0
DA:1184,0
DA:1185,0
DA:1188,0
DA:1189,0
DA:1190,0
DA:1192,0
DA:1193,0
DA:1195,0
DA:1198,0
DA:1199,0
DA:1201,0
DA:1202,0
DA:1203,0
DA:1205,0
DA:1206,0
DA:1207,0
DA:1213,0
DA:1214,0
DA:1215,0
DA:1216,0
DA:1217,0
DA:1218,0
DA:1222,0
DA:1224,0
DA:1225,0
DA:1226,0
DA:1227,0
DA:1228,0
DA:1234,0
DA:1235,0
DA:1243,0
DA:1244,0
DA:1247,0
DA:1248,0
DA:1249,0
DA:1250,0
DA:1251,0
DA:1253,0
DA:1254,0
DA:1256,0
DA:1260,0
DA:1263,0
DA:1264,0
DA:1265,0
DA:1266,0
DA:1268,0
DA:1270,0
DA:1272,0
DA:1273,0
DA:1274,0
DA:1275,0
DA:1276,0
DA:1278,0
DA:1281,0
DA:1283,0
DA:1284,0
DA:1289,0
DA:1294,0
DA:1296,0
DA:1297,0
DA:1298,0
DA:1299,0
DA:1300,0
DA:1303,0
DA:1306,0
DA:1313,0
DA:1314,0
DA:1315,0
DA:1317,0
DA:1318,0
DA:1319,0
DA:1320,0
DA:1322,0
DA:1325,0
DA:1326,0
DA:1327,0
DA:1330,0
DA:1331,0
DA:1332,0
DA:1336,0
DA:1338,0
DA:1340,0
DA:1344,0
DA:1345,0
DA:1346,0
DA:1347,0
DA:1356,0
DA:1357,0
DA:1358,0
DA:1363,0
DA:1370,0
DA:1371,0
DA:1372,0
DA:1374,0
DA:1375,0
DA:1376,0
DA:1377,0
DA:1379,0
DA:1380,0
DA:1381,0
DA:1382,0
DA:1383,0
DA:1384,0
DA:1385,0
DA:1386,0
DA:1387,0
DA:1398,0
DA:1399,0
DA:1400,0
DA:1403,0
DA:1404,0
DA:1405,0
DA:1409,0
DA:1411,0
DA:1413,0
DA:1417,0
DA:1418,0
DA:1419,0
DA:1420,0
DA:1431,0
DA:1432,0
DA:1433,0
DA:1436,0
DA:1437,0
DA:1440,0
DA:1441,0
DA:1442,0
DA:1443,0
DA:1444,0
DA:1445,0
DA:1446,0
DA:1447,0
DA:1449,0
DA:1450,0
DA:1451,0
DA:1453,0
DA:1454,0
DA:1455,0
DA:1457,0
DA:1458,0
DA:1464,0
LF:730
LH:56
end_of_record
SF:lib\widgets\native_ad_tile.dart
DA:8,0
DA:10,0
DA:11,0
DA:20,0
DA:22,0
DA:23,0
DA:24,0
DA:25,0
DA:29,0
DA:30,0
DA:31,0
DA:32,0
DA:34,0
DA:35,0
DA:36,0
DA:37,0
DA:38,0
DA:39,0
DA:42,0
DA:43,0
DA:44,0
DA:45,0
DA:48,0
DA:50,0
DA:51,0
DA:52,0
DA:53,0
DA:57,0
DA:62,0
DA:63,0
DA:67,0
DA:68,0
DA:76,0
DA:78,0
DA:79,0
DA:82,0
DA:84,0
DA:87,0
DA:93,0
DA:94,0
DA:95,0
DA:97,0
DA:99,0
DA:104,0
DA:108,0
DA:109,0
DA:111,0
DA:112,0
DA:113,0
DA:114,0
DA:116,0
DA:117,0
DA:118,0
DA:120,0
LF:54
LH:0
end_of_record
SF:lib\screens\reader_screen.dart
DA:32,0
DA:35,0
DA:36,0
DA:74,0
DA:76,0
DA:77,0
DA:78,0
DA:79,0
DA:80,0
DA:81,0
DA:82,0
DA:84,0
DA:85,0
DA:88,0
DA:89,0
DA:90,0
DA:91,0
DA:92,0
DA:93,0
DA:95,0
DA:99,0
DA:101,0
DA:102,0
DA:103,0
DA:104,0
DA:105,0
DA:106,0
DA:108,0
DA:109,0
DA:110,0
DA:113,0
DA:114,0
DA:115,0
DA:116,0
DA:117,0
DA:118,0
DA:120,0
DA:125,0
DA:126,0
DA:127,0
DA:128,0
DA:129,0
DA:132,0
DA:133,0
DA:134,0
DA:135,0
DA:138,0
DA:139,0
DA:140,0
DA:141,0
DA:142,0
DA:146,0
DA:147,0
DA:148,0
DA:149,0
DA:151,0
DA:152,0
DA:153,0
DA:155,0
DA:158,0
DA:159,0
DA:160,0
DA:161,0
DA:162,0
DA:164,0
DA:165,0
DA:166,0
DA:167,0
DA:168,0
DA:169,0
DA:173,0
DA:174,0
DA:175,0
DA:176,0
DA:177,0
DA:178,0
DA:179,0
DA:180,0
DA:181,0
DA:182,0
DA:184,0
DA:185,0
DA:186,0
DA:191,0
DA:192,0
DA:193,0
DA:194,0
DA:195,0
DA:197,0
DA:198,0
DA:201,0
DA:202,0
DA:204,0
DA:206,0
DA:208,0
DA:209,0
DA:210,0
DA:211,0
DA:213,0
DA:214,0
DA:215,0
DA:219,0
DA:220,0
DA:221,0
DA:222,0
DA:223,0
DA:224,0
DA:225,0
DA:227,0
DA:228,0
DA:229,0
DA:233,0
DA:234,0
DA:235,0
DA:236,0
DA:238,0
DA:239,0
DA:240,0
DA:241,0
DA:242,0
DA:243,0
DA:246,0
DA:247,0
DA:248,0
DA:249,0
DA:250,0
DA:251,0
DA:252,0
DA:256,0
DA:257,0
DA:267,0
DA:268,0
DA:269,0
DA:270,0
DA:272,0
DA:276,0
DA:280,0
DA:281,0
DA:282,0
DA:283,0
DA:284,0
DA:285,0
DA:287,0
DA:288,0
DA:290,0
DA:291,0
DA:292,0
DA:293,0
DA:294,0
DA:295,0
DA:299,0
DA:300,0
DA:301,0
DA:302,0
DA:303,0
DA:304,0
DA:305,0
DA:306,0
DA:311,0
DA:312,0
DA:318,0
DA:319,0
DA:320,0
DA:321,0
DA:322,0
DA:323,0
DA:324,0
DA:329,0
DA:331,0
DA:332,0
DA:333,0
DA:334,0
DA:336,0
DA:340,0
DA:342,0
DA:343,0
DA:344,0
DA:345,0
DA:346,0
DA:347,0
DA:348,0
DA:351,0
DA:352,0
DA:353,0
DA:354,0
DA:356,0
DA:357,0
DA:358,0
DA:359,0
DA:360,0
DA:361,0
DA:362,0
DA:364,0
DA:365,0
DA:366,0
DA:367,0
DA:368,0
DA:369,0
DA:373,0
DA:374,0
DA:375,0
DA:376,0
DA:377,0
DA:379,0
DA:383,0
DA:385,0
DA:386,0
DA:387,0
DA:389,0
DA:390,0
DA:395,0
DA:396,0
DA:397,0
DA:399,0
DA:400,0
DA:403,0
DA:404,0
DA:405,0
DA:406,0
DA:407,0
DA:411,0
DA:412,0
DA:413,0
DA:417,0
DA:419,0
DA:420,0
DA:424,0
DA:425,0
DA:426,0
DA:427,0
DA:429,0
DA:430,0
DA:431,0
DA:432,0
DA:433,0
DA:435,0
DA:438,0
DA:439,0
DA:440,0
DA:443,0
DA:447,0
DA:450,0
DA:454,0
DA:455,0
DA:459,0
DA:460,0
DA:463,0
DA:465,0
DA:481,0
DA:484,0
DA:485,0
DA:486,0
DA:487,0
DA:488,0
DA:492,0
DA:493,0
DA:497,0
DA:498,0
DA:500,0
DA:506,0
DA:507,0
DA:510,0
DA:511,0
DA:512,0
DA:514,0
DA:515,0
DA:516,0
DA:517,0
DA:519,0
DA:522,0
DA:525,0
DA:527,0
DA:528,0
DA:530,0
DA:531,0
DA:532,0
DA:535,0
DA:537,0
DA:538,0
DA:539,0
DA:540,0
DA:542,0
DA:544,0
DA:546,0
DA:548,0
DA:550,0
DA:552,0
DA:554,0
DA:558,0
DA:560,0
DA:561,0
DA:564,0
DA:567,0
DA:568,0
DA:571,0
DA:572,0
DA:575,0
DA:576,0
DA:577,0
DA:609,0
DA:612,0
DA:613,0
DA:614,0
DA:615,0
DA:619,0
DA:620,0
DA:621,0
DA:622,0
DA:623,0
DA:624,0
DA:626,0
DA:629,0
DA:630,0
DA:631,0
DA:634,0
DA:635,0
DA:636,0
DA:639,0
DA:640,0
DA:643,0
DA:644,0
DA:645,0
DA:646,0
DA:649,0
DA:650,0
DA:651,0
DA:652,0
DA:653,0
DA:654,0
DA:657,0
DA:658,0
DA:659,0
DA:660,0
DA:663,0
DA:664,0
DA:665,0
DA:672,0
DA:673,0
DA:674,0
DA:675,0
DA:676,0
DA:677,0
DA:678,0
DA:679,0
DA:680,0
DA:687,0
DA:688,0
DA:689,0
DA:690,0
DA:691,0
DA:694,0
DA:698,0
DA:699,0
DA:700,0
DA:701,0
DA:702,0
DA:703,0
DA:705,0
DA:706,0
DA:711,0
DA:715,0
DA:718,0
DA:721,0
DA:722,0
DA:723,0
DA:727,0
DA:728,0
DA:734,0
DA:735,0
DA:738,0
DA:739,0
DA:742,0
DA:743,0
DA:744,0
DA:745,0
DA:746,0
DA:749,0
DA:751,0
DA:753,0
DA:755,0
DA:756,0
DA:758,0
DA:759,0
DA:762,0
DA:763,0
DA:764,0
DA:765,0
DA:767,0
DA:768,0
DA:769,0
DA:770,0
DA:771,0
DA:772,0
DA:774,0
DA:775,0
DA:777,0
DA:778,0
DA:779,0
DA:781,0
DA:782,0
DA:784,0
DA:785,0
DA:786,0
DA:787,0
DA:791,0
DA:792,0
DA:793,0
DA:796,0
DA:797,0
DA:798,0
DA:799,0
DA:800,0
DA:801,0
DA:808,0
DA:809,0
DA:811,0
DA:812,0
DA:813,0
DA:816,0
DA:817,0
DA:819,0
DA:821,0
DA:824,0
DA:825,0
DA:827,0
DA:829,0
DA:832,0
DA:833,0
DA:835,0
DA:837,0
DA:844,0
DA:845,0
DA:846,0
DA:847,0
DA:848,0
DA:851,0
DA:852,0
DA:853,0
DA:854,0
DA:855,0
DA:857,0
DA:858,0
DA:859,0
DA:860,0
DA:861,0
DA:863,0
DA:864,0
DA:866,0
DA:868,0
DA:869,0
DA:870,0
DA:871,0
DA:873,0
DA:877,0
DA:880,0
DA:881,0
DA:882,0
DA:884,0
DA:888,0
DA:889,0
DA:890,0
DA:891,0
DA:892,0
DA:893,0
DA:894,0
DA:898,0
DA:899,0
DA:902,0
DA:903,0
DA:909,0
DA:911,0
DA:912,0
DA:913,0
DA:914,0
DA:915,0
DA:922,0
DA:924,0
DA:925,0
DA:927,0
DA:928,0
DA:929,0
DA:933,0
DA:934,0
DA:935,0
DA:936,0
DA:938,0
DA:939,0
DA:941,0
DA:942,0
DA:947,0
DA:950,0
DA:951,0
DA:952,0
DA:953,0
DA:955,0
DA:956,0
DA:959,0
DA:960,0
DA:967,0
DA:968,0
DA:969,0
DA:970,0
DA:971,0
DA:973,0
DA:974,0
DA:975,0
DA:976,0
DA:977,0
DA:978,0
DA:981,0
DA:985,0
DA:986,0
DA:988,0
DA:990,0
DA:993,0
DA:1005,0
DA:1008,0
DA:1010,0
DA:1013,0
DA:1014,0
DA:1015,0
DA:1016,0
DA:1017,0
DA:1026,0
DA:1028,0
DA:1029,0
DA:1030,0
DA:1031,0
DA:1033,0
DA:1034,0
DA:1035,0
DA:1038,0
DA:1039,0
DA:1042,0
DA:1043,0
DA:1044,0
DA:1045,0
DA:1046,0
DA:1048,0
DA:1049,0
DA:1051,0
DA:1054,0
DA:1057,0
DA:1059,0
DA:1061,0
DA:1062,0
DA:1064,0
DA:1066,0
DA:1068,0
DA:1069,0
DA:1071,0
DA:1076,0
DA:1086,0
DA:1087,0
DA:1088,0
DA:1089,0
DA:1090,0
DA:1092,0
DA:1093,0
DA:1094,0
DA:1095,0
DA:1096,0
DA:1097,0
DA:1098,0
DA:1101,0
DA:1102,0
DA:1107,0
DA:1108,0
DA:1109,0
DA:1114,0
DA:1119,0
DA:1124,0
DA:1131,0
DA:1132,0
DA:1134,0
DA:1135,0
DA:1136,0
DA:1137,0
DA:1138,0
DA:1140,0
DA:1143,0
DA:1144,0
DA:1146,0
DA:1147,0
DA:1149,0
DA:1150,0
DA:1151,0
DA:1152,0
DA:1153,0
DA:1154,0
DA:1160,0
DA:1162,0
DA:1163,0
DA:1164,0
DA:1166,0
DA:1167,0
DA:1168,0
DA:1174,0
DA:1175,0
DA:1176,0
DA:1177,0
DA:1182,0
DA:1183,0
DA:1184,0
DA:1187,0
DA:1189,0
DA:1190,0
DA:1191,0
DA:1192,0
DA:1193,0
DA:1194,0
DA:1195,0
DA:1196,0
DA:1205,0
DA:1207,0
DA:1208,0
DA:1209,0
DA:1210,0
DA:1212,0
DA:1213,0
DA:1214,0
DA:1215,0
DA:1216,0
DA:1219,0
DA:1220,0
DA:1221,0
DA:1222,0
DA:1223,0
DA:1225,0
DA:1228,0
DA:1229,0
DA:1230,0
DA:1231,0
DA:1245,0
DA:1249,0
DA:1250,0
DA:1251,0
DA:1253,0
DA:1254,0
DA:1255,0
DA:1257,0
DA:1258,0
DA:1259,0
DA:1260,0
DA:1267,0
DA:1269,0
DA:1271,0
DA:1272,0
DA:1274,0
DA:1275,0
DA:1276,0
DA:1277,0
DA:1278,0
DA:1286,0
DA:1288,0
DA:1290,0
DA:1292,0
DA:1294,0
DA:1295,0
DA:1296,0
DA:1297,0
DA:1306,0
DA:1307,0
DA:1308,0
DA:1309,0
DA:1326,0
DA:1329,0
DA:1330,0
DA:1331,0
DA:1335,0
DA:1339,0
DA:1340,0
DA:1344,0
DA:1345,0
DA:1346,0
DA:1347,0
DA:1348,0
DA:1352,0
DA:1353,0
DA:1354,0
DA:1355,0
DA:1356,0
DA:1357,0
DA:1358,0
DA:1359,0
DA:1360,0
DA:1365,0
DA:1366,0
DA:1367,0
DA:1368,0
DA:1369,0
DA:1370,0
DA:1371,0
DA:1372,0
DA:1376,0
DA:1377,0
DA:1381,0
DA:1382,0
DA:1383,0
DA:1388,0
DA:1389,0
DA:1390,0
DA:1391,0
DA:1392,0
DA:1394,0
DA:1395,0
DA:1396,0
DA:1400,0
DA:1401,0
DA:1404,0
DA:1405,0
DA:1408,0
DA:1409,0
DA:1411,0
DA:1412,0
DA:1414,0
DA:1415,0
DA:1417,0
DA:1418,0
DA:1420,0
DA:1423,0
DA:1425,0
DA:1428,0
DA:1433,0
DA:1434,0
DA:1437,0
DA:1441,0
DA:1445,0
DA:1448,0
DA:1449,0
DA:1450,0
DA:1452,0
DA:1453,0
DA:1454,0
DA:1455,0
DA:1456,0
DA:1458,0
DA:1459,0
DA:1460,0
DA:1465,0
DA:1466,0
DA:1474,0
DA:1475,0
DA:1476,0
DA:1477,0
DA:1478,0
DA:1479,0
DA:1480,0
DA:1481,0
DA:1483,0
DA:1490,0
DA:1491,0
DA:1492,0
DA:1494,0
DA:1495,0
DA:1499,0
DA:1503,0
DA:1504,0
DA:1505,0
DA:1506,0
DA:1507,0
DA:1508,0
DA:1511,0
DA:1518,0
DA:1520,0
DA:1522,0
DA:1523,0
DA:1529,0
DA:1531,0
DA:1533,0
DA:1534,0
DA:1535,0
DA:1536,0
DA:1542,0
DA:1544,0
DA:1545,0
DA:1551,0
DA:1553,0
DA:1554,0
DA:1560,0
DA:1562,0
DA:1563,0
DA:1567,0
DA:1569,0
DA:1571,0
DA:1572,0
DA:1577,0
DA:1578,0
DA:1582,0
DA:1584,0
DA:1586,0
DA:1588,0
DA:1590,0
DA:1592,0
DA:1594,0
DA:1595,0
DA:1603,0
DA:1604,0
DA:1605,0
DA:1607,0
DA:1611,0
DA:1612,0
DA:1613,0
DA:1616,0
DA:1617,0
DA:1618,0
DA:1619,0
DA:1631,0
DA:1640,0
DA:1642,0
DA:1644,0
DA:1645,0
DA:1646,0
DA:1647,0
DA:1648,0
DA:1649,0
LF:816
LH:0
end_of_record
SF:lib\screens\home_screen.dart
DA:11,1
DA:13,1
DA:14,1
DA:28,1
DA:30,1
DA:31,3
DA:32,3
DA:36,1
DA:37,2
DA:38,1
DA:42,0
DA:43,0
DA:44,0
DA:46,0
DA:48,0
DA:49,0
DA:50,0
DA:51,0
DA:52,0
DA:53,0
DA:54,0
DA:55,0
DA:59,0
DA:61,0
DA:62,0
DA:63,0
DA:64,0
DA:66,0
DA:68,0
DA:69,0
DA:75,0
DA:82,0
DA:83,0
DA:85,0
DA:86,0
DA:87,0
DA:88,0
DA:89,0
DA:90,0
DA:91,0
DA:94,0
DA:95,0
DA:96,0
DA:100,0
DA:101,0
DA:107,1
DA:109,2
DA:110,1
DA:113,1
DA:115,1
DA:116,2
DA:117,1
DA:118,1
DA:119,1
DA:120,1
DA:121,2
DA:123,1
DA:124,1
DA:125,2
DA:127,1
DA:128,1
DA:129,2
DA:132,1
DA:133,1
LF:64
LH:29
end_of_record
SF:lib\widgets\feed_list.dart
DA:9,2
DA:11,2
DA:12,2
DA:19,0
DA:20,0
DA:21,0
DA:23,0
DA:25,0
DA:26,0
DA:27,0
DA:28,0
DA:29,0
DA:30,0
DA:33,0
DA:34,0
DA:35,0
DA:36,0
DA:38,0
DA:39,0
DA:40,0
DA:47,0
DA:48,0
DA:50,0
DA:51,0
DA:52,0
DA:54,0
DA:56,0
DA:58,0
DA:59,0
DA:65,2
DA:67,2
DA:68,2
DA:69,2
DA:71,4
DA:72,0
LF:35
LH:8
end_of_record
SF:lib\widgets\settings_screen.dart
DA:21,2
DA:23,0
DA:24,0
DA:55,0
DA:56,0
DA:57,0
DA:58,0
DA:60,0
DA:61,0
DA:64,0
DA:67,0
DA:69,0
DA:70,0
DA:71,0
DA:72,0
DA:74,0
DA:75,0
DA:77,0
DA:80,0
DA:81,0
DA:82,0
DA:85,0
DA:88,0
DA:90,0
DA:91,0
DA:94,0
DA:96,0
DA:97,0
DA:100,0
DA:101,0
DA:103,0
DA:106,0
DA:107,0
DA:108,0
DA:109,0
DA:111,0
DA:112,0
DA:113,0
DA:114,0
DA:115,0
DA:116,0
DA:117,0
DA:121,0
DA:122,0
DA:127,0
DA:128,0
DA:130,0
DA:131,0
DA:133,0
DA:137,0
DA:139,0
DA:141,0
DA:142,0
DA:143,0
DA:145,0
DA:146,0
DA:147,0
DA:148,0
DA:149,0
DA:154,0
DA:156,0
DA:157,0
DA:160,0
DA:161,0
DA:163,0
DA:167,0
DA:168,0
DA:169,0
DA:170,0
DA:171,0
DA:172,0
DA:173,0
DA:178,0
DA:179,0
DA:180,0
DA:185,0
DA:186,0
DA:187,0
DA:188,0
DA:189,0
DA:190,0
DA:191,0
DA:197,0
DA:198,0
DA:200,0
DA:201,0
DA:202,0
DA:204,0
DA:205,0
DA:206,0
DA:207,0
DA:210,0
DA:211,0
DA:212,0
DA:215,0
DA:216,0
DA:217,0
DA:222,0
DA:223,0
DA:224,0
DA:226,0
DA:228,0
DA:229,0
DA:230,0
DA:233,0
DA:234,0
DA:235,0
DA:236,0
DA:238,0
DA:239,0
DA:240,0
DA:242,0
DA:243,0
DA:244,0
DA:246,0
DA:248,0
DA:253,0
DA:254,0
DA:256,0
DA:257,0
DA:258,0
DA:259,0
DA:264,0
DA:265,0
DA:266,0
DA:267,0
DA:273,0
DA:275,0
DA:276,0
DA:277,0
DA:279,0
DA:280,0
DA:281,0
DA:282,0
DA:294,0
DA:296,0
DA:297,0
DA:298,0
DA:300,0
DA:302,0
DA:303,0
DA:304,0
DA:305,0
DA:307,0
DA:308,0
DA:309,0
DA:311,0
DA:314,0
DA:317,0
DA:318,0
DA:319,0
DA:320,0
DA:323,0
DA:325,0
DA:327,0
DA:329,0
DA:331,0
DA:332,0
DA:334,0
DA:335,0
DA:336,0
DA:338,0
DA:339,0
DA:340,0
DA:341,0
DA:349,0
DA:350,0
DA:351,0
DA:352,0
DA:360,0
DA:361,0
DA:362,0
DA:363,0
DA:364,0
DA:366,0
DA:371,0
DA:373,0
DA:374,0
DA:375,0
DA:377,0
DA:378,0
DA:379,0
DA:380,0
DA:381,0
DA:384,0
DA:387,0
DA:388,0
DA:389,0
DA:390,0
DA:391,0
DA:392,0
DA:395,0
DA:397,0
DA:398,0
DA:399,0
DA:401,0
DA:402,0
DA:403,0
DA:404,0
DA:406,0
DA:407,0
DA:408,0
DA:410,0
DA:412,0
DA:413,0
DA:414,0
DA:416,0
DA:417,0
DA:421,0
DA:422,0
DA:423,0
DA:424,0
DA:425,0
DA:426,0
DA:429,0
DA:430,0
DA:431,0
DA:438,0
DA:441,0
DA:442,0
DA:443,0
DA:444,0
DA:445,0
DA:446,0
DA:449,0
DA:451,0
DA:452,0
DA:453,0
DA:455,0
DA:456,0
DA:457,0
DA:458,0
DA:459,0
DA:460,0
DA:461,0
DA:463,0
DA:464,0
DA:465,0
DA:466,0
DA:468,0
DA:469,0
DA:470,0
DA:476,0
DA:478,0
DA:479,0
DA:484,0
DA:485,0
DA:486,0
DA:487,0
DA:489,0
DA:491,0
DA:494,0
DA:495,0
DA:496,0
DA:498,0
DA:500,0
DA:501,0
DA:502,0
DA:503,0
DA:504,0
DA:509,0
DA:510,0
DA:516,0
DA:517,0
DA:518,0
DA:519,0
DA:520,0
DA:521,0
DA:522,0
DA:525,0
DA:528,0
DA:529,0
DA:530,0
DA:531,0
DA:532,0
DA:533,0
DA:536,0
DA:538,0
DA:539,0
DA:540,0
DA:542,0
DA:543,0
DA:544,0
DA:545,0
DA:547,0
DA:549,0
DA:550,0
DA:551,0
DA:552,0
DA:553,0
DA:555,0
DA:556,0
DA:557,0
DA:560,0
DA:561,0
DA:562,0
DA:569,0
DA:572,0
DA:573,0
DA:574,0
DA:575,0
DA:576,0
DA:577,0
DA:580,0
DA:582,0
DA:583,0
DA:584,0
DA:585,0
DA:586,0
DA:590,0
DA:592,0
DA:593,0
DA:594,0
DA:596,0
DA:598,0
DA:599,0
DA:600,0
DA:603,0
DA:606,0
DA:607,0
DA:608,0
DA:609,0
DA:610,0
DA:611,0
DA:614,0
DA:615,0
DA:616,0
DA:617,0
DA:618,0
DA:620,0
DA:621,0
DA:622,0
DA:623,0
DA:624,0
DA:625,0
DA:627,0
DA:628,0
DA:630,0
DA:631,0
DA:632,0
DA:634,0
DA:638,0
DA:640,0
DA:641,0
DA:642,0
DA:644,0
DA:648,0
DA:650,0
DA:651,0
DA:652,0
DA:654,0
DA:667,0
DA:672,0
DA:675,0
DA:676,0
DA:677,0
DA:678,0
DA:679,0
DA:680,0
DA:683,0
DA:684,0
DA:685,0
DA:686,0
DA:687,0
DA:689,0
DA:690,0
DA:691,0
DA:692,0
DA:693,0
DA:695,0
DA:710,0
DA:712,0
DA:713,0
DA:714,0
DA:716,0
DA:717,0
DA:719,0
DA:723,0
DA:732,0
DA:737,0
DA:740,0
DA:741,0
DA:742,0
DA:743,0
DA:744,0
DA:745,0
DA:748,0
DA:750,0
DA:751,0
DA:752,0
DA:753,0
DA:757,0
DA:759,0
DA:760,0
DA:768,0
DA:771,0
DA:773,0
DA:774,0
DA:775,0
DA:776,0
DA:779,0
DA:783,0
LF:402
LH:1
end_of_record
SF:lib\screens\privacy_policy_screen.dart
DA:6,2
DA:8,1
DA:10,1
DA:11,1
DA:12,2
DA:14,1
DA:15,4
DA:16,1
DA:18,1
DA:20,1
DA:21,1
DA:22,2
DA:23,1
DA:26,1
DA:27,2
DA:28,2
DA:29,2
DA:33,1
DA:34,2
DA:35,2
DA:38,1
DA:39,2
DA:43,1
DA:44,2
DA:45,2
DA:48,1
DA:49,2
DA:52,1
DA:53,0
DA:54,0
DA:57,1
DA:59,1
DA:60,2
DA:66,1
DA:67,2
DA:68,2
DA:71,1
DA:72,2
DA:76,1
DA:77,2
DA:78,2
DA:81,1
DA:82,2
LF:43
LH:41
end_of_record
SF:lib\widgets\ad_banner.dart
DA:7,2
DA:9,0
DA:10,0
DA:17,0
DA:19,0
DA:20,0
DA:23,0
DA:24,0
DA:26,0
DA:27,0
DA:28,0
DA:29,0
DA:30,0
DA:33,0
DA:34,0
DA:39,0
DA:41,0
DA:42,0
DA:45,0
DA:47,0
DA:50,0
DA:51,0
DA:52,0
DA:53,0
LF:24
LH:1
end_of_record
SF:lib\screens\subscriptions_screen.dart
DA:10,2
DA:12,1
DA:13,1
DA:19,1
DA:21,1
DA:22,1
DA:23,3
DA:25,1
DA:26,1
DA:27,1
DA:28,1
DA:29,1
DA:30,3
DA:35,1
DA:36,1
DA:37,1
DA:38,3
DA:42,1
DA:43,1
DA:44,1
DA:45,1
DA:46,1
DA:49,1
DA:50,1
DA:51,0
DA:53,2
DA:54,1
DA:55,0
DA:56,0
DA:57,0
DA:58,0
DA:59,0
DA:61,1
DA:62,0
DA:64,0
DA:65,0
DA:66,0
DA:68,0
DA:69,0
DA:71,0
DA:72,0
DA:73,0
DA:74,0
DA:75,0
DA:76,0
DA:77,0
DA:78,0
DA:79,0
DA:81,0
DA:82,0
DA:83,0
DA:84,0
DA:89,0
DA:90,0
DA:91,0
DA:96,0
DA:97,0
DA:99,0
DA:101,0
DA:103,0
DA:107,0
LF:61
LH:27
end_of_record
SF:lib\services\ad_config.dart
DA:2,1
DA:10,3
DA:15,3
DA:20,1
DA:22,2
LF:5
LH:5
end_of_record
SF:lib\services\ad_service.dart
DA:6,1
DA:7,3
DA:11,1
DA:12,1
DA:14,2
DA:15,0
DA:17,2
DA:21,0
DA:26,0
DA:27,0
DA:30,0
DA:31,0
DA:36,0
DA:40,0
DA:45,0
DA:46,0
DA:49,0
DA:50,0
DA:54,0
LF:19
LH:6
end_of_record
SF:lib\services\opml_service.dart
DA:8,1
DA:9,1
DA:10,1
DA:13,2
DA:14,1
DA:15,2
DA:16,2
DA:20,1
DA:24,1
DA:25,1
DA:26,1
DA:27,1
DA:28,1
DA:29,1
DA:30,1
DA:31,1
DA:33,2
DA:34,2
DA:35,1
DA:36,2
DA:40,1
DA:41,1
DA:43,1
LF:23
LH:23
end_of_record
SF:lib\theme\app_theme.dart
DA:8,0
DA:10,1
DA:11,1
DA:16,1
DA:25,1
DA:28,1
DA:32,1
DA:33,1
DA:34,1
DA:35,1
DA:36,1
DA:37,1
DA:39,1
DA:41,1
DA:42,2
DA:44,1
DA:45,1
DA:47,2
DA:50,1
DA:51,1
DA:52,1
DA:53,1
DA:55,2
DA:59,1
DA:60,1
DA:61,1
DA:63,2
DA:65,2
DA:66,1
DA:67,1
DA:69,1
DA:70,1
DA:71,1
DA:72,1
DA:73,2
DA:74,1
DA:76,1
DA:77,1
DA:79,1
DA:80,2
DA:83,2
DA:87,1
DA:88,1
DA:93,1
DA:101,1
DA:104,1
DA:108,1
DA:109,1
DA:110,1
DA:111,1
DA:112,1
DA:113,1
DA:115,1
DA:117,1
DA:118,2
DA:120,1
DA:121,1
DA:123,2
DA:126,1
DA:127,1
DA:128,1
DA:129,1
DA:131,2
DA:135,1
DA:136,1
DA:137,1
DA:139,2
DA:141,2
DA:142,1
DA:143,1
DA:145,1
DA:146,1
DA:147,1
DA:148,1
DA:149,2
DA:150,1
DA:152,1
DA:153,1
DA:155,1
DA:156,2
DA:159,2
LF:81
LH:80
end_of_record
SF:lib\theme\colors.dart
DA:5,0
LF:1
LH:0
end_of_record
SF:lib\theme\text_styles.dart
DA:6,0
DA:8,1
DA:9,1
DA:10,1
DA:11,2
DA:16,2
DA:21,2
DA:25,2
DA:29,2
LF:9
LH:8
end_of_record
SF:lib\theme\spacing.dart
DA:3,0
LF:1
LH:0
end_of_record
SF:lib\screens\onboarding_screen.dart
DA:11,1
DA:13,1
DA:14,1
DA:40,1
DA:42,2
DA:43,1
DA:46,1
DA:48,4
DA:49,4
DA:50,0
DA:51,0
DA:56,1
DA:58,4
DA:59,4
DA:60,0
DA:61,0
DA:66,0
DA:67,0
DA:68,0
DA:69,0
DA:70,0
DA:71,0
DA:75,1
DA:77,2
DA:78,2
DA:80,1
DA:81,1
DA:82,1
DA:83,1
DA:84,1
DA:85,1
DA:86,1
DA:87,4
DA:88,1
DA:89,1
DA:90,1
DA:91,1
DA:93,1
DA:95,1
DA:96,1
DA:98,1
DA:99,2
DA:100,1
DA:102,3
DA:105,1
DA:106,1
DA:108,2
DA:113,1
DA:114,1
DA:116,2
DA:117,1
DA:121,2
DA:123,1
DA:124,1
DA:126,2
DA:141,1
DA:143,1
DA:144,1
DA:145,2
DA:147,1
DA:149,1
DA:153,3
DA:154,1
DA:155,1
DA:156,2
DA:158,1
DA:159,1
DA:161,1
DA:175,1
DA:177,1
DA:179,3
DA:180,1
DA:183,2
DA:185,1
DA:186,1
DA:187,2
DA:188,1
DA:189,2
DA:196,1
DA:198,1
DA:201,1
DA:202,0
DA:203,0
DA:204,0
DA:209,0
DA:212,1
DA:213,6
DA:218,4
DA:219,1
DA:220,1
DA:221,1
DA:222,2
DA:223,2
DA:227,0
DA:228,1
DA:240,1
LF:96
LH:81
end_of_record
SF:lib\services\background_feed_worker.dart
DA:17,0
DA:19,0
DA:20,0
DA:21,0
DA:23,0
DA:24,0
DA:25,0
DA:34,1
DA:37,0
DA:38,0
DA:40,1
DA:41,2
DA:43,5
DA:44,1
DA:46,2
DA:49,2
DA:50,1
DA:51,2
DA:54,1
DA:55,1
DA:59,1
DA:64,3
DA:65,1
DA:66,2
DA:67,2
DA:69,2
DA:70,2
DA:71,2
DA:72,1
DA:81,0
DA:83,0
DA:84,0
DA:85,0
DA:93,1
DA:94,1
DA:95,1
DA:97,0
DA:98,0
DA:99,0
DA:103,2
DA:105,0
DA:112,0
LF:42
LH:24
end_of_record
SF:lib\services\notification_service.dart
DA:5,4
DA:6,2
DA:12,2
DA:24,4
DA:33,0
DA:35,0
DA:37,0
DA:40,0
DA:41,0
DA:42,0
DA:47,0
DA:56,2
DA:57,2
DA:60,2
DA:67,0
DA:87,0
DA:94,0
LF:17
LH:7
end_of_record
SF:lib\main.dart
DA:28,0
DA:29,0
DA:32,0
DA:36,0
DA:37,0
DA:38,0
DA:39,0
DA:44,0
DA:46,0
DA:53,0
DA:54,0
DA:55,0
DA:59,0
DA:60,0
DA:61,0
DA:65,0
DA:67,0
DA:70,0
DA:72,0
DA:75,0
DA:77,0
DA:79,0
DA:80,0
DA:84,0
DA:91,1
DA:93,1
DA:95,1
DA:96,1
DA:97,3
DA:98,3
DA:99,3
DA:100,4
DA:101,3
DA:102,2
DA:103,1
DA:104,1
DA:105,1
DA:106,1
DA:107,1
DA:108,1
DA:110,1
DA:114,1
DA:115,1
DA:116,1
DA:118,1
DA:119,1
DA:120,1
DA:121,1
DA:130,1
DA:131,1
DA:132,1
DA:133,1
DA:134,1
LF:53
LH:29
end_of_record
SF:lib\screens\splash_screen.dart
DA:11,1
DA:13,1
DA:14,1
DA:18,1
DA:20,1
DA:21,1
DA:24,1
DA:25,1
DA:26,0
DA:28,0
DA:30,0
DA:31,0
DA:32,0
DA:35,0
DA:36,0
DA:41,1
DA:43,1
DA:44,1
DA:45,1
DA:46,1
DA:49,1
DA:50,3
DA:51,3
DA:55,1
DA:56,1
DA:58,1
DA:59,1
DA:62,3
DA:65,1
DA:66,2
DA:67,4
DA:68,3
DA:73,1
DA:74,2
DA:75,4
DA:76,1
DA:77,1
DA:78,1
DA:79,1
DA:83,1
DA:84,1
DA:85,3
LF:42
LH:35
end_of_record
