SF:lib\models\article.dart
DA:15,10
DA:30,3
DA:31,3
DA:32,3
DA:33,3
DA:34,3
DA:35,3
DA:36,3
DA:37,3
DA:38,3
DA:39,3
DA:40,3
DA:41,3
DA:42,3
DA:43,3
DA:47,2
DA:48,2
DA:49,2
DA:50,2
DA:51,2
DA:52,2
DA:53,2
DA:54,2
DA:55,2
DA:56,2
DA:57,2
DA:58,2
DA:59,2
DA:60,2
DA:64,4
DA:78,4
DA:79,4
DA:80,1
DA:81,4
DA:82,4
DA:83,4
DA:84,4
DA:85,4
DA:86,4
DA:87,4
DA:88,4
DA:89,4
DA:90,4
LF:43
LH:43
end_of_record
SF:lib\config.dart
DA:10,4
DA:15,1
DA:21,2
DA:23,8
DA:25,1
DA:34,1
DA:36,1
DA:37,1
DA:38,1
DA:39,1
DA:40,2
DA:41,1
DA:42,1
DA:48,2
LF:14
LH:14
end_of_record
SF:lib\models\feed.dart
DA:15,12
DA:30,3
DA:31,3
DA:32,3
DA:33,3
DA:34,3
DA:35,3
DA:36,3
DA:37,3
DA:38,3
DA:39,3
DA:40,3
DA:41,3
DA:42,3
DA:43,3
DA:47,3
DA:48,3
DA:49,3
DA:50,3
DA:51,3
DA:52,3
DA:53,3
DA:54,3
DA:55,3
DA:56,3
DA:57,6
DA:58,3
DA:59,3
DA:60,3
LF:29
LH:29
end_of_record
SF:lib\models\user_article_state.dart
DA:12,7
DA:24,2
DA:25,2
DA:26,2
DA:27,2
DA:28,2
DA:29,2
DA:30,2
DA:31,2
DA:32,2
DA:33,2
DA:34,2
DA:38,2
DA:39,2
DA:40,2
DA:41,2
DA:42,2
DA:43,2
DA:44,2
DA:45,2
DA:46,2
DA:47,2
DA:48,2
DA:50,2
LF:24
LH:24
end_of_record
SF:lib\providers\app_state.dart
DA:25,2
DA:33,1
DA:34,1
DA:35,6
DA:36,6
DA:37,6
DA:38,6
DA:39,6
DA:70,3
DA:71,3
DA:72,3
DA:73,3
DA:74,3
DA:77,2
DA:80,3
DA:81,3
DA:82,3
DA:83,3
DA:84,3
DA:85,6
DA:86,3
DA:87,3
DA:88,3
DA:89,3
DA:90,3
DA:91,3
DA:92,3
DA:93,6
DA:95,3
DA:97,1
DA:99,2
DA:100,1
DA:101,2
DA:102,1
DA:105,2
DA:106,1
DA:107,1
DA:108,1
DA:109,1
DA:110,1
DA:111,1
DA:112,1
DA:113,1
DA:114,1
DA:115,1
DA:116,1
DA:117,1
DA:119,2
DA:120,2
DA:121,2
DA:122,3
DA:125,3
DA:130,2
DA:131,4
DA:132,2
DA:133,1
DA:134,2
DA:135,2
DA:136,1
DA:137,1
DA:141,3
DA:142,3
DA:143,3
DA:146,3
DA:147,3
DA:148,1
DA:149,2
DA:150,1
DA:151,2
DA:152,1
DA:153,2
DA:154,1
DA:155,2
DA:156,1
DA:157,2
DA:158,1
DA:159,2
DA:160,3
DA:163,3
DA:164,3
DA:167,3
DA:168,3
DA:169,3
DA:170,3
DA:171,3
DA:172,3
DA:173,3
DA:174,1
DA:175,2
DA:178,4
DA:180,2
DA:182,6
DA:183,6
DA:184,6
DA:185,6
DA:186,6
DA:187,2
LF:97
LH:97
end_of_record
SF:lib\providers\article_provider.dart
DA:10,3
DA:14,3
DA:16,1
DA:17,2
DA:18,1
DA:19,1
DA:20,5
DA:23,1
DA:24,2
DA:27,1
DA:28,2
DA:31,1
DA:36,2
DA:43,1
DA:44,2
DA:47,1
DA:48,2
DA:49,1
DA:50,1
DA:52,2
DA:53,1
DA:54,1
DA:55,1
DA:56,1
DA:57,1
DA:58,1
DA:60,2
DA:61,2
DA:62,1
DA:65,1
DA:66,2
DA:67,1
DA:68,1
DA:70,1
DA:71,2
DA:72,1
DA:73,1
DA:74,1
DA:75,1
DA:76,1
DA:78,2
DA:79,2
DA:80,1
DA:83,1
DA:84,2
DA:85,1
DA:86,1
DA:88,1
DA:89,1
DA:90,2
DA:91,1
DA:92,1
DA:93,1
DA:94,1
DA:96,2
DA:97,2
DA:98,1
DA:101,1
DA:102,2
DA:103,1
DA:104,1
DA:106,1
DA:107,1
DA:108,1
DA:109,1
DA:110,2
DA:114,2
DA:115,2
DA:116,1
DA:119,1
DA:120,2
LF:71
LH:71
end_of_record
SF:lib\providers\auth_provider.dart
DA:11,3
DA:12,2
DA:16,2
DA:19,2
DA:21,2
DA:23,2
DA:25,2
DA:26,3
DA:27,3
DA:28,3
DA:29,1
DA:32,1
DA:33,1
DA:34,2
DA:35,2
DA:36,3
DA:37,1
DA:38,2
DA:39,3
DA:40,1
DA:41,3
DA:44,1
DA:47,1
DA:48,1
DA:49,1
DA:50,1
DA:51,2
DA:52,2
DA:53,1
LF:29
LH:29
end_of_record
SF:lib\providers\feed_provider.dart
DA:11,2
DA:14,1
DA:15,1
DA:18,2
DA:20,1
DA:21,3
DA:22,1
DA:25,1
DA:26,1
DA:27,2
DA:28,1
DA:30,4
DA:31,1
DA:33,2
DA:34,2
DA:35,2
DA:36,2
DA:37,3
DA:39,1
DA:42,1
DA:43,2
DA:44,1
DA:47,1
DA:48,2
DA:49,1
LF:25
LH:25
end_of_record
SF:lib\providers\settings_provider.dart
DA:24,4
DA:27,2
DA:28,4
DA:29,1
DA:30,1
DA:34,2
DA:37,2
DA:40,2
DA:43,2
DA:46,4
DA:49,4
DA:51,1
DA:52,2
DA:53,1
DA:54,1
DA:55,1
DA:58,2
DA:59,2
DA:61,1
DA:64,1
DA:65,1
DA:67,1
DA:68,1
DA:71,1
DA:75,1
DA:76,1
DA:78,2
DA:80,3
DA:86,2
DA:87,2
DA:88,2
DA:89,3
DA:90,3
DA:95,1
DA:96,1
DA:97,2
DA:99,2
DA:100,1
DA:104,1
DA:105,1
DA:106,1
DA:107,1
DA:109,1
DA:112,1
DA:113,1
DA:116,1
DA:117,2
DA:118,1
DA:119,2
DA:120,2
DA:121,1
DA:124,1
DA:125,1
DA:126,1
DA:128,1
DA:130,1
DA:132,1
DA:135,1
DA:136,1
DA:137,1
DA:138,1
DA:139,1
DA:142,1
DA:143,2
DA:144,1
DA:145,2
DA:146,1
DA:149,1
DA:150,1
DA:151,1
DA:152,1
DA:153,1
DA:156,1
DA:157,2
DA:158,1
DA:159,2
DA:160,1
LF:77
LH:77
end_of_record
SF:lib\providers\sync_provider.dart
DA:12,2
DA:13,1
DA:14,1
DA:17,2
DA:19,2
DA:21,1
DA:22,2
DA:23,1
DA:24,1
DA:26,2
DA:28,3
DA:29,3
DA:30,1
DA:32,3
DA:33,3
DA:34,1
DA:36,3
DA:37,1
DA:38,1
LF:19
LH:19
end_of_record
SF:lib\services\database_service.dart
DA:9,15
DA:10,10
DA:11,5
DA:16,3
DA:17,6
DA:18,6
DA:19,3
DA:22,3
DA:23,6
DA:24,3
DA:27,3
DA:28,3
DA:29,3
DA:33,1
DA:34,1
DA:51,1
DA:68,1
DA:84,1
DA:85,1
DA:86,1
DA:87,1
DA:88,1
DA:90,1
DA:93,1
DA:95,5
DA:97,1
DA:101,1
DA:103,1
DA:105,5
DA:107,1
DA:109,1
DA:111,1
DA:117,3
DA:119,3
DA:120,12
DA:122,1
DA:125,12
DA:127,1
DA:129,1
DA:131,1
DA:137,2
DA:138,2
DA:139,4
DA:143,2
DA:144,2
DA:145,4
DA:146,4
DA:149,2
DA:150,2
DA:151,2
DA:153,2
DA:155,2
DA:159,2
DA:160,2
DA:161,2
DA:162,10
DA:166,2
DA:167,2
DA:168,4
DA:172,1
DA:173,1
DA:175,2
DA:176,5
DA:179,1
DA:180,1
DA:183,1
DA:188,1
DA:190,1
DA:191,1
DA:195,1
DA:196,1
DA:197,5
DA:200,1
DA:201,1
DA:203,2
DA:204,1
DA:205,1
DA:208,1
DA:211,2
DA:212,2
DA:213,4
DA:214,8
DA:217,1
DA:218,1
DA:219,1
DA:220,1
DA:221,1
DA:222,1
DA:223,2
DA:224,2
DA:229,1
DA:230,1
DA:231,1
DA:232,2
DA:236,1
DA:237,1
DA:238,1
DA:239,1
DA:240,1
DA:241,2
DA:246,1
DA:247,1
DA:248,1
DA:249,1
DA:250,4
DA:253,1
DA:254,1
DA:255,1
DA:256,1
DA:258,1
DA:262,4
DA:265,1
DA:266,1
DA:267,1
DA:268,1
DA:276,5
DA:279,1
DA:280,1
DA:281,1
DA:282,1
DA:284,1
DA:288,4
DA:291,1
DA:292,1
DA:293,1
DA:295,5
DA:297,0
DA:301,5
DA:303,0
DA:305,0
DA:307,0
DA:311,1
DA:315,3
DA:317,6
DA:319,2
DA:320,4
DA:322,6
DA:325,6
DA:326,3
LF:139
LH:135
end_of_record
SF:lib\services\feed_service.dart
DA:19,0
DA:21,0
DA:28,3
DA:29,2
DA:30,2
DA:32,2
DA:33,2
DA:34,4
DA:35,2
DA:37,8
DA:38,2
DA:42,1
DA:43,1
DA:44,3
DA:45,2
DA:46,1
DA:49,2
DA:50,1
DA:51,2
DA:53,2
DA:54,2
DA:55,2
DA:57,1
DA:59,1
DA:65,2
DA:66,2
DA:67,6
DA:68,4
DA:69,2
DA:72,2
DA:73,1
DA:75,2
DA:76,2
DA:78,2
DA:79,2
DA:82,2
DA:83,2
DA:84,2
DA:85,1
DA:86,1
DA:87,1
DA:89,1
DA:90,2
DA:91,2
DA:92,1
DA:93,1
DA:94,1
DA:96,2
DA:98,2
DA:99,2
DA:100,2
DA:101,1
DA:102,2
DA:103,1
DA:105,1
DA:106,1
DA:107,4
DA:108,3
DA:110,1
DA:112,2
DA:113,1
DA:115,1
DA:117,1
DA:118,1
DA:119,1
DA:122,1
DA:124,1
DA:125,1
DA:126,1
DA:131,2
DA:134,1
DA:136,1
DA:141,1
DA:143,2
DA:144,3
DA:145,4
DA:146,2
DA:147,2
DA:148,1
DA:156,2
DA:157,2
DA:158,3
DA:159,4
DA:160,1
DA:163,2
DA:164,3
DA:167,2
DA:169,2
DA:173,2
DA:174,1
DA:175,1
DA:180,2
DA:181,3
DA:184,2
DA:185,1
DA:186,1
DA:187,1
DA:188,1
DA:190,1
DA:192,2
DA:194,2
DA:200,1
DA:201,1
DA:204,1
DA:205,1
DA:221,2
DA:223,3
DA:236,2
DA:238,2
DA:244,1
LF:110
LH:108
end_of_record
SF:lib\services\api_service.dart
DA:9,5
DA:11,2
DA:13,2
DA:15,1
DA:16,2
DA:17,2
DA:18,3
DA:19,1
DA:20,2
DA:22,2
DA:23,3
DA:25,2
DA:28,1
DA:29,2
DA:30,2
DA:31,3
DA:32,1
DA:33,2
DA:35,2
DA:36,3
DA:38,2
DA:41,1
DA:42,2
DA:44,5
DA:45,2
DA:48,1
DA:50,3
DA:51,2
DA:52,1
DA:53,2
DA:55,2
DA:58,1
DA:59,2
DA:60,5
DA:61,1
DA:64,1
DA:69,2
DA:70,2
DA:71,3
DA:72,1
DA:74,1
DA:76,2
DA:78,2
DA:81,1
DA:83,3
DA:84,5
DA:85,1
DA:88,4
DA:89,2
LF:49
LH:49
end_of_record
SF:lib\services\storage_service.dart
DA:6,4
DA:15,4
DA:23,6
DA:24,6
DA:29,0
DA:31,4
DA:34,2
DA:35,2
DA:37,4
DA:40,4
DA:43,3
DA:44,3
DA:46,6
DA:50,6
DA:53,2
DA:54,2
DA:56,4
DA:60,4
LF:18
LH:17
end_of_record
SF:lib\screens\marketplace_screen.dart
DA:13,1
DA:15,2
DA:16,2
DA:30,2
DA:32,2
DA:33,2
DA:36,2
DA:38,4
DA:39,4
DA:40,2
DA:43,1
DA:44,1
DA:45,1
DA:47,1
DA:49,1
DA:50,1
DA:51,3
DA:52,1
DA:53,1
DA:54,3
DA:57,1
DA:58,1
DA:59,3
DA:60,3
DA:62,1
DA:63,3
DA:64,3
DA:71,1
DA:72,3
DA:74,4
DA:75,1
DA:76,2
DA:77,5
DA:79,1
DA:80,6
DA:82,1
DA:83,3
DA:89,1
DA:90,1
DA:91,3
DA:92,2
DA:95,2
DA:97,4
DA:98,1
DA:100,1
DA:102,2
DA:104,1
DA:105,3
DA:107,1
DA:108,2
DA:113,1
DA:114,2
DA:116,1
DA:117,1
DA:118,6
DA:119,2
DA:121,1
DA:122,1
DA:123,1
DA:124,1
DA:125,1
DA:127,1
DA:129,2
DA:130,1
DA:131,3
DA:132,1
DA:135,3
DA:136,3
DA:140,1
DA:142,1
DA:143,2
DA:144,1
DA:145,4
DA:150,1
DA:151,6
DA:153,1
DA:154,3
DA:155,2
DA:156,1
DA:157,3
DA:158,2
DA:159,3
DA:160,3
DA:161,3
DA:162,3
DA:163,1
DA:164,1
DA:165,1
DA:166,1
DA:172,2
DA:174,4
DA:175,4
DA:177,2
DA:178,2
DA:180,2
DA:182,2
DA:183,6
DA:184,2
DA:185,4
DA:186,2
DA:187,4
DA:191,2
DA:192,2
DA:194,4
DA:195,2
DA:199,2
DA:200,2
DA:201,2
DA:202,6
DA:205,1
DA:206,1
DA:207,1
DA:209,1
DA:211,1
DA:212,1
DA:214,1
DA:215,3
DA:217,1
DA:219,1
DA:220,2
DA:221,4
DA:222,3
DA:227,1
DA:228,1
DA:229,1
DA:230,1
DA:231,1
DA:239,1
DA:240,2
DA:241,2
DA:243,6
DA:245,1
DA:249,1
DA:250,1
DA:251,1
DA:252,2
DA:253,2
DA:258,1
DA:260,1
DA:262,1
DA:263,1
DA:265,1
DA:266,2
DA:267,1
DA:269,1
DA:271,1
DA:276,1
DA:277,1
DA:279,1
DA:280,1
DA:281,2
DA:282,1
DA:283,1
DA:286,1
DA:287,2
DA:288,2
DA:289,1
DA:293,1
DA:295,1
DA:296,1
DA:297,5
DA:298,4
DA:309,1
DA:310,2
DA:311,1
DA:314,1
DA:315,1
DA:316,1
DA:317,3
DA:318,1
DA:319,1
DA:320,2
DA:326,1
DA:328,1
DA:329,2
DA:331,1
DA:332,1
DA:333,1
DA:339,1
DA:340,2
DA:341,1
DA:343,1
DA:344,1
DA:345,1
DA:346,2
DA:348,2
DA:349,1
DA:351,1
DA:352,2
DA:353,3
DA:358,2
DA:359,1
DA:360,1
DA:365,4
DA:370,1
DA:371,2
DA:372,3
DA:373,5
DA:374,1
DA:377,1
DA:378,1
DA:379,1
DA:381,1
DA:382,4
DA:385,2
DA:386,3
DA:387,1
DA:389,1
DA:390,2
DA:392,2
DA:393,2
DA:394,1
DA:396,1
DA:397,2
DA:398,1
DA:399,3
DA:402,1
DA:403,4
DA:412,1
DA:413,1
DA:414,3
DA:415,1
DA:416,3
DA:417,1
DA:418,5
DA:420,2
DA:421,4
DA:422,3
DA:423,1
DA:424,3
DA:425,3
DA:426,1
DA:428,1
DA:429,1
DA:431,2
DA:432,1
DA:433,1
DA:434,1
DA:435,1
DA:436,3
DA:439,1
DA:440,1
DA:441,1
DA:444,1
DA:445,2
DA:446,1
DA:448,4
DA:450,1
DA:451,1
DA:452,2
DA:454,1
DA:455,5
DA:456,3
DA:459,5
DA:464,1
DA:467,1
DA:468,1
DA:469,1
DA:470,6
DA:471,1
DA:472,2
DA:473,2
DA:475,1
DA:478,1
DA:479,1
DA:481,2
DA:482,1
DA:483,1
DA:484,1
DA:485,1
DA:486,2
DA:487,1
DA:488,1
DA:489,1
DA:490,1
DA:497,1
DA:499,1
DA:500,1
DA:501,1
DA:504,2
DA:509,1
DA:510,1
DA:511,1
DA:512,2
DA:513,2
DA:514,1
DA:520,1
DA:522,1
DA:523,1
DA:524,3
DA:525,1
DA:526,1
DA:527,3
DA:529,1
DA:530,1
DA:533,1
DA:534,1
DA:536,2
DA:537,3
DA:538,1
DA:539,3
DA:540,1
DA:541,1
DA:542,3
DA:543,3
DA:545,1
DA:546,3
DA:547,3
DA:552,1
DA:553,6
DA:554,1
DA:555,2
DA:561,1
DA:563,1
DA:564,3
DA:565,1
DA:568,1
DA:570,2
DA:573,1
DA:574,3
DA:575,1
DA:577,2
DA:579,1
DA:580,1
DA:583,3
DA:585,1
DA:586,5
DA:588,2
DA:589,1
DA:590,1
DA:591,1
DA:592,1
DA:593,3
DA:597,1
DA:598,1
DA:599,2
DA:600,2
DA:601,1
DA:602,2
DA:605,1
DA:606,5
DA:614,1
DA:615,3
DA:617,1
DA:618,1
DA:621,2
DA:622,1
DA:626,1
DA:627,1
DA:628,1
DA:629,1
DA:632,1
DA:635,1
DA:636,1
DA:637,3
DA:640,2
DA:641,1
DA:656,1
DA:657,1
DA:658,4
DA:659,3
DA:660,3
DA:661,5
DA:662,5
DA:663,3
DA:664,4
DA:665,5
DA:666,3
DA:667,4
DA:668,2
DA:669,4
DA:670,3
DA:671,3
DA:672,3
DA:673,3
DA:674,3
DA:675,3
DA:676,3
DA:677,2
DA:678,3
DA:679,3
DA:680,1
DA:681,2
DA:682,1
DA:686,1
DA:687,3
DA:696,1
DA:704,2
DA:705,2
DA:706,6
DA:707,4
LF:391
LH:391
end_of_record
SF:lib\screens\home_screen.dart
DA:11,0
DA:13,3
DA:14,3
DA:26,3
DA:28,3
DA:29,9
DA:30,9
DA:34,1
DA:35,2
DA:36,1
DA:40,3
DA:42,3
DA:45,3
DA:47,3
DA:48,6
DA:49,3
DA:50,3
DA:51,3
DA:52,3
DA:53,6
DA:55,3
DA:56,3
DA:57,6
DA:59,3
DA:60,3
DA:61,6
DA:64,3
DA:65,3
LF:28
LH:27
end_of_record
SF:lib\l10n\app_localizations.dart
DA:75,10
DA:76,20
DA:80,10
DA:81,10
DA:1336,1
DA:1338,10
DA:1340,20
DA:1343,10
DA:1344,10
DA:1357,20
DA:1359,0
DA:1363,10
DA:1365,10
DA:1366,10
DA:1367,0
DA:1368,10
DA:1369,0
DA:1370,10
DA:1371,10
DA:1372,0
DA:1373,0
DA:1374,0
DA:1375,0
DA:1376,0
DA:1377,0
DA:1378,0
DA:1379,0
DA:1380,0
DA:1381,0
DA:1382,0
DA:1383,0
DA:1384,0
DA:1385,0
DA:1386,0
DA:1387,0
DA:1388,0
DA:1389,0
DA:1392,0
LF:38
LH:16
end_of_record
SF:lib\widgets\feed_list.dart
DA:9,1
DA:11,4
DA:12,4
DA:19,1
DA:20,1
DA:21,1
DA:23,1
DA:25,1
DA:26,1
DA:27,3
DA:28,1
DA:29,1
DA:30,3
DA:33,1
DA:34,1
DA:35,3
DA:36,3
DA:38,1
DA:39,3
DA:40,3
DA:47,1
DA:48,3
DA:50,4
DA:51,1
DA:52,2
DA:54,1
DA:56,6
DA:58,1
DA:59,3
DA:65,4
DA:67,4
DA:68,4
DA:69,4
DA:71,8
DA:72,2
LF:35
LH:35
end_of_record
SF:lib\widgets\settings_screen.dart
DA:21,1
DA:23,2
DA:24,2
DA:55,1
DA:56,3
DA:57,1
DA:58,1
DA:60,1
DA:61,1
DA:64,1
DA:67,1
DA:69,2
DA:70,1
DA:71,3
DA:72,2
DA:74,2
DA:75,1
DA:77,2
DA:80,2
DA:81,2
DA:82,2
DA:85,2
DA:88,2
DA:90,2
DA:91,2
DA:94,2
DA:96,4
DA:97,2
DA:100,2
DA:101,6
DA:103,4
DA:106,1
DA:107,3
DA:108,2
DA:109,2
DA:111,4
DA:112,1
DA:113,1
DA:114,5
DA:115,1
DA:116,2
DA:117,2
DA:121,1
DA:122,3
DA:127,1
DA:128,3
DA:130,0
DA:131,0
DA:133,0
DA:137,0
DA:139,0
DA:141,0
DA:142,0
DA:143,0
DA:145,0
DA:146,0
DA:147,0
DA:148,0
DA:149,0
DA:154,0
DA:156,0
DA:157,0
DA:160,0
DA:161,0
DA:163,0
DA:167,0
DA:168,0
DA:169,0
DA:170,0
DA:171,0
DA:172,0
DA:173,0
DA:178,0
DA:179,0
DA:180,0
DA:185,1
DA:186,2
DA:187,1
DA:188,1
DA:189,1
DA:190,3
DA:191,5
DA:197,2
DA:198,1
DA:200,5
DA:201,1
DA:202,1
DA:204,0
DA:205,0
DA:206,0
DA:207,0
DA:210,0
DA:211,0
DA:212,0
DA:215,0
DA:216,0
DA:217,0
DA:222,2
DA:223,2
DA:224,2
DA:226,2
DA:228,2
DA:229,2
DA:230,6
DA:233,2
DA:234,2
DA:235,2
DA:236,2
DA:238,2
DA:239,2
DA:240,2
DA:242,2
DA:243,2
DA:244,2
DA:246,2
DA:248,2
DA:253,2
DA:254,2
DA:256,2
DA:257,2
DA:258,4
DA:259,6
DA:264,2
DA:265,4
DA:266,6
DA:267,2
DA:273,2
DA:275,2
DA:276,2
DA:277,2
DA:279,2
DA:280,4
DA:281,6
DA:282,2
DA:294,1
DA:296,1
DA:297,1
DA:298,1
DA:300,1
DA:302,1
DA:303,1
DA:304,1
DA:305,1
DA:307,1
DA:308,1
DA:309,2
DA:311,3
DA:314,1
DA:317,1
DA:318,1
DA:319,2
DA:320,1
DA:323,3
DA:325,3
DA:327,3
DA:329,3
DA:331,1
DA:332,1
DA:334,1
DA:335,1
DA:336,1
DA:338,1
DA:339,2
DA:340,1
DA:341,1
DA:349,1
DA:350,1
DA:351,3
DA:352,3
DA:360,1
DA:361,3
DA:362,1
DA:363,1
DA:364,2
DA:366,2
DA:371,2
DA:373,2
DA:374,2
DA:375,6
DA:377,2
DA:378,2
DA:379,2
DA:380,2
DA:381,2
DA:384,2
DA:387,2
DA:388,4
DA:389,2
DA:390,2
DA:391,2
DA:392,2
DA:395,2
DA:397,6
DA:398,2
DA:399,4
DA:401,2
DA:402,6
DA:403,2
DA:404,4
DA:406,6
DA:407,1
DA:408,2
DA:410,2
DA:412,6
DA:413,2
DA:414,4
DA:416,2
DA:417,2
DA:421,4
DA:422,4
DA:423,2
DA:424,1
DA:425,1
DA:426,2
DA:429,2
DA:430,8
DA:431,6
DA:438,2
DA:441,2
DA:442,4
DA:443,2
DA:444,2
DA:445,2
DA:446,2
DA:449,2
DA:451,6
DA:452,2
DA:453,4
DA:455,2
DA:456,2
DA:457,2
DA:458,2
DA:459,2
DA:460,4
DA:461,4
DA:463,2
DA:464,6
DA:465,1
DA:466,2
DA:468,2
DA:469,8
DA:470,6
DA:476,2
DA:478,8
DA:479,2
DA:484,1
DA:485,1
DA:486,1
DA:487,1
DA:489,4
DA:491,5
DA:494,3
DA:495,1
DA:496,1
DA:498,3
DA:500,4
DA:501,2
DA:502,2
DA:503,1
DA:504,3
DA:509,1
DA:510,2
DA:516,2
DA:517,6
DA:518,2
DA:519,4
DA:520,6
DA:521,1
DA:522,2
DA:525,2
DA:528,2
DA:529,4
DA:530,2
DA:531,2
DA:532,2
DA:533,2
DA:536,2
DA:538,6
DA:539,2
DA:540,4
DA:542,2
DA:543,2
DA:544,2
DA:545,2
DA:547,8
DA:549,2
DA:550,2
DA:551,8
DA:552,1
DA:553,2
DA:555,2
DA:556,4
DA:557,6
DA:560,2
DA:561,4
DA:562,6
DA:569,2
DA:572,2
DA:573,4
DA:574,2
DA:575,2
DA:576,2
DA:577,2
DA:580,2
DA:582,6
DA:583,6
DA:584,1
DA:585,3
DA:586,1
DA:590,2
DA:592,6
DA:593,6
DA:594,2
DA:596,2
DA:598,6
DA:599,6
DA:600,2
DA:603,2
DA:606,2
DA:607,4
DA:608,2
DA:609,2
DA:610,2
DA:611,2
DA:614,2
DA:615,6
DA:616,6
DA:617,1
DA:618,1
DA:620,1
DA:621,1
DA:622,3
DA:623,1
DA:624,1
DA:625,1
DA:627,1
DA:628,1
DA:630,1
DA:631,3
DA:632,1
DA:634,2
DA:638,1
DA:640,1
DA:641,3
DA:642,1
DA:644,2
DA:648,1
DA:650,1
DA:651,3
DA:652,1
DA:654,2
DA:667,2
DA:672,2
DA:675,2
DA:676,4
DA:677,2
DA:678,2
DA:679,2
DA:680,2
DA:683,2
DA:684,6
DA:685,6
DA:686,1
DA:687,1
DA:689,1
DA:690,1
DA:691,3
DA:692,1
DA:693,1
DA:695,2
DA:710,1
DA:711,1
DA:713,3
DA:714,1
DA:715,1
DA:717,2
DA:718,1
DA:720,2
DA:724,1
DA:734,2
DA:739,2
DA:742,2
DA:743,4
DA:744,2
DA:745,2
DA:746,2
DA:747,2
DA:750,2
DA:752,6
DA:753,1
DA:754,3
DA:755,1
DA:759,2
DA:761,6
DA:762,2
DA:770,2
DA:773,2
DA:775,2
DA:776,2
DA:777,2
DA:778,2
DA:781,2
DA:785,2
LF:403
LH:364
end_of_record
SF:lib\screens\privacy_policy_screen.dart
DA:6,1
DA:8,2
DA:10,2
DA:11,2
DA:12,4
DA:14,2
DA:15,8
DA:16,2
DA:18,2
DA:20,2
DA:21,2
DA:22,4
DA:23,2
DA:26,2
DA:27,4
DA:28,4
DA:29,4
DA:33,2
DA:34,4
DA:35,4
DA:38,2
DA:39,4
DA:43,2
DA:44,4
DA:45,4
DA:48,2
DA:49,4
DA:52,2
DA:53,2
DA:54,1
DA:57,2
DA:59,2
DA:60,4
DA:66,2
DA:67,4
DA:68,4
DA:71,2
DA:72,4
DA:76,2
DA:77,4
DA:78,4
DA:81,2
DA:82,4
LF:43
LH:43
end_of_record
SF:lib\screens\subscriptions_screen.dart
DA:10,1
DA:12,2
DA:13,2
DA:19,2
DA:21,2
DA:22,2
DA:23,6
DA:25,2
DA:26,2
DA:27,2
DA:28,1
DA:29,1
DA:30,3
DA:35,2
DA:36,2
DA:37,2
DA:38,6
DA:42,1
DA:43,1
DA:44,1
DA:45,1
DA:46,1
DA:49,1
DA:50,1
DA:51,2
DA:53,2
DA:54,1
DA:55,3
DA:56,1
DA:57,1
DA:58,1
DA:59,3
DA:61,1
DA:62,1
DA:64,1
DA:65,4
DA:66,1
DA:68,1
DA:69,1
DA:71,2
DA:72,3
DA:73,1
DA:74,3
DA:75,1
DA:76,1
DA:77,1
DA:78,2
DA:79,3
DA:81,1
DA:82,1
DA:83,2
DA:84,3
DA:89,1
DA:90,3
DA:91,1
DA:96,2
DA:97,1
DA:99,6
DA:101,1
DA:103,3
DA:107,1
LF:61
LH:61
end_of_record
SF:lib\services\opml_service.dart
DA:8,1
DA:9,1
DA:10,1
DA:13,2
DA:14,1
DA:15,2
DA:16,2
DA:20,1
DA:24,2
DA:25,2
DA:26,2
DA:27,2
DA:28,2
DA:29,2
DA:30,2
DA:31,2
DA:33,4
DA:34,4
DA:35,2
DA:36,4
DA:40,2
DA:41,2
DA:43,2
LF:23
LH:23
end_of_record
SF:lib\screens\article_list_screen.dart
DA:20,4
DA:23,5
DA:24,5
DA:54,5
DA:56,5
DA:57,5
DA:58,15
DA:61,5
DA:63,10
DA:64,10
DA:65,10
DA:66,5
DA:69,2
DA:70,8
DA:71,8
DA:72,1
DA:75,2
DA:78,2
DA:79,2
DA:80,4
DA:82,6
DA:84,4
DA:90,6
DA:91,4
DA:93,2
DA:96,4
DA:97,4
DA:98,2
DA:100,8
DA:101,2
DA:105,2
DA:107,0
DA:112,4
DA:113,4
DA:114,4
DA:117,4
DA:118,6
DA:119,2
DA:120,2
DA:122,2
DA:124,4
DA:125,4
DA:126,8
DA:127,6
DA:128,4
DA:129,2
DA:130,1
DA:138,5
DA:139,10
DA:140,5
DA:141,5
DA:144,10
DA:145,18
DA:146,3
DA:147,6
DA:151,3
DA:152,6
DA:153,3
DA:154,3
DA:155,3
DA:156,15
DA:157,3
DA:160,2
DA:161,4
DA:162,4
DA:163,2
DA:168,1
DA:169,2
DA:170,3
DA:172,2
DA:173,1
DA:174,2
DA:176,2
DA:178,1
DA:179,2
DA:180,2
DA:181,5
DA:182,1
DA:185,1
DA:186,3
DA:190,1
DA:191,1
DA:194,5
DA:195,5
DA:199,5
DA:200,2
DA:201,2
DA:203,2
DA:204,10
DA:206,2
DA:207,2
DA:209,8
DA:216,6
DA:217,3
DA:218,12
DA:222,4
DA:223,2
DA:224,2
DA:225,2
DA:226,4
DA:228,4
DA:230,6
DA:231,2
DA:232,2
DA:233,2
DA:235,2
DA:236,2
DA:238,8
DA:239,8
DA:241,2
DA:242,2
DA:243,2
DA:247,2
DA:248,2
DA:250,8
DA:251,2
DA:256,2
DA:257,2
DA:258,4
DA:259,2
DA:264,2
DA:265,2
DA:266,2
DA:267,6
DA:269,2
DA:270,2
DA:271,2
DA:272,2
DA:273,2
DA:274,8
DA:275,2
DA:277,2
DA:278,2
DA:279,2
DA:281,3
DA:282,1
DA:283,4
DA:298,4
DA:299,6
DA:300,2
DA:301,2
DA:303,2
DA:305,2
DA:310,2
DA:311,6
DA:312,2
DA:313,8
DA:318,2
DA:319,2
DA:322,4
DA:323,2
DA:324,4
DA:325,8
DA:329,4
DA:333,6
DA:335,4
DA:336,2
DA:337,2
DA:338,2
DA:339,2
DA:340,2
DA:343,2
DA:344,4
DA:346,2
DA:347,4
DA:349,2
DA:350,8
DA:351,2
DA:352,4
DA:353,2
DA:354,2
DA:355,2
DA:356,2
DA:361,2
DA:365,2
DA:368,2
DA:369,2
DA:370,2
DA:371,2
DA:376,2
DA:378,2
DA:381,1
DA:382,1
DA:383,1
DA:389,1
DA:390,1
DA:392,1
DA:394,2
DA:395,2
DA:400,2
DA:404,2
DA:408,2
DA:409,2
DA:411,2
DA:412,2
DA:413,2
DA:414,2
DA:418,6
DA:419,2
DA:420,2
DA:421,2
DA:426,2
DA:427,2
DA:428,2
DA:429,1
DA:430,1
DA:431,1
DA:432,2
DA:433,2
DA:438,2
DA:441,2
DA:444,2
DA:445,2
DA:447,2
DA:449,2
DA:451,2
DA:454,2
DA:457,2
DA:458,2
DA:459,2
DA:460,2
DA:461,4
DA:470,2
DA:471,4
DA:472,2
DA:473,2
DA:475,2
DA:485,2
DA:486,2
DA:487,2
DA:491,2
DA:495,2
DA:496,2
DA:497,2
DA:498,2
DA:499,2
DA:501,2
DA:511,2
DA:513,2
DA:514,2
DA:521,2
DA:528,2
DA:530,2
DA:531,2
DA:534,2
DA:535,2
DA:537,2
DA:538,2
DA:542,2
DA:549,2
DA:556,2
DA:558,2
DA:559,2
DA:562,2
DA:563,2
DA:565,2
DA:566,2
DA:570,2
DA:571,1
DA:578,1
DA:582,1
DA:583,1
DA:585,1
DA:586,1
DA:594,2
DA:596,2
DA:598,2
DA:599,2
DA:615,2
DA:616,2
DA:620,2
DA:621,2
DA:623,2
DA:624,4
DA:626,2
DA:627,2
DA:631,4
DA:646,5
DA:647,10
DA:650,2
DA:651,2
DA:652,6
DA:653,4
DA:654,8
DA:656,2
DA:659,4
DA:660,4
DA:661,4
DA:669,2
DA:670,2
DA:672,6
DA:678,5
DA:680,15
DA:681,5
DA:682,15
DA:683,4
DA:684,8
DA:686,10
DA:687,2
DA:690,5
DA:691,5
DA:692,1
DA:693,1
DA:695,1
DA:696,2
DA:697,1
DA:698,2
DA:699,1
DA:703,1
DA:704,1
DA:705,1
DA:707,1
DA:708,2
DA:711,1
DA:712,2
DA:713,4
DA:717,1
DA:718,3
DA:719,1
DA:721,1
DA:722,2
DA:723,3
DA:728,5
DA:729,15
DA:730,5
DA:731,5
DA:733,10
DA:734,1
DA:735,2
DA:736,1
DA:737,1
DA:739,2
DA:742,10
DA:743,4
DA:745,8
DA:746,8
DA:748,5
DA:750,5
DA:754,5
DA:755,5
DA:759,1
DA:760,1
DA:761,3
DA:762,1
DA:763,1
DA:768,2
DA:772,4
DA:773,2
DA:774,2
DA:775,2
DA:776,2
DA:783,1
DA:788,2
DA:789,1
DA:792,4
DA:796,4
DA:799,2
DA:800,4
DA:802,8
DA:803,3
DA:804,2
DA:805,2
DA:808,4
DA:809,2
DA:810,2
DA:811,6
DA:812,2
DA:813,2
DA:814,2
DA:815,2
DA:816,2
DA:817,2
DA:818,2
DA:819,2
DA:824,6
DA:825,2
DA:826,1
DA:827,2
DA:828,2
DA:829,2
DA:830,1
DA:832,2
DA:833,1
DA:835,2
DA:836,1
DA:838,2
DA:839,1
DA:841,2
DA:846,2
DA:847,2
DA:848,2
DA:849,2
DA:854,8
DA:855,4
DA:856,2
DA:857,2
DA:858,2
DA:859,2
DA:860,2
DA:861,8
DA:866,2
DA:868,4
DA:869,2
DA:870,3
DA:871,2
DA:877,2
DA:878,4
DA:879,8
DA:882,1
DA:884,2
DA:885,6
DA:888,2
DA:895,2
DA:898,2
DA:899,2
DA:900,2
DA:901,4
DA:904,6
DA:907,2
DA:908,2
DA:910,2
DA:912,2
DA:913,2
DA:914,6
DA:915,2
DA:916,1
DA:917,3
DA:920,2
DA:921,6
DA:922,2
DA:923,1
DA:924,3
DA:927,2
DA:928,6
DA:929,2
DA:930,5
DA:933,2
DA:934,6
DA:935,2
DA:936,5
DA:939,2
DA:940,6
DA:941,4
DA:942,4
DA:943,2
DA:956,2
DA:958,2
DA:959,4
DA:961,2
DA:964,2
DA:965,2
DA:966,2
DA:967,1
DA:968,1
DA:969,1
DA:972,2
DA:973,2
DA:974,2
DA:979,8
DA:981,2
DA:982,2
DA:985,2
DA:986,2
DA:987,2
DA:988,8
DA:990,2
DA:992,3
DA:997,8
DA:998,2
DA:1000,2
DA:1001,2
DA:1002,6
DA:1003,2
DA:1004,1
DA:1005,3
DA:1007,2
DA:1008,6
DA:1009,2
DA:1010,1
DA:1011,3
DA:1013,2
DA:1014,6
DA:1015,2
DA:1016,1
DA:1017,4
DA:1019,2
DA:1020,6
DA:1021,2
DA:1022,1
DA:1023,4
DA:1028,8
DA:1029,2
DA:1031,2
DA:1032,2
DA:1033,6
DA:1034,4
DA:1035,1
DA:1036,3
DA:1038,2
DA:1039,6
DA:1040,4
DA:1041,2
DA:1042,2
DA:1044,2
DA:1045,6
DA:1046,4
DA:1047,2
DA:1048,2
DA:1050,2
DA:1051,6
DA:1052,4
DA:1053,2
DA:1054,2
DA:1056,2
DA:1057,6
DA:1059,4
DA:1060,3
DA:1061,1
DA:1066,8
DA:1067,2
DA:1069,2
DA:1070,2
DA:1071,6
DA:1072,4
DA:1073,1
DA:1074,3
DA:1076,2
DA:1077,6
DA:1078,4
DA:1079,1
DA:1080,3
DA:1082,2
DA:1083,6
DA:1084,4
DA:1085,1
DA:1086,3
DA:1088,2
DA:1089,6
DA:1090,4
DA:1091,1
DA:1092,3
DA:1097,8
DA:1098,2
DA:1100,2
DA:1101,2
DA:1102,6
DA:1103,2
DA:1104,1
DA:1105,3
DA:1107,2
DA:1108,2
DA:1109,2
DA:1110,4
DA:1111,1
DA:1112,3
DA:1117,8
DA:1118,2
DA:1120,2
DA:1121,4
DA:1123,4
DA:1124,3
DA:1127,2
DA:1128,2
DA:1129,2
DA:1130,1
DA:1131,2
DA:1132,1
DA:1133,1
DA:1134,1
DA:1135,1
DA:1136,1
DA:1137,1
DA:1138,1
DA:1141,6
DA:1144,2
DA:1145,3
DA:1146,6
DA:1161,2
DA:1163,2
DA:1164,4
DA:1165,2
DA:1166,2
DA:1167,6
DA:1169,4
DA:1170,6
DA:1171,10
DA:1174,2
DA:1175,2
DA:1178,2
DA:1179,4
DA:1181,10
DA:1182,3
DA:1183,1
DA:1185,2
DA:1186,3
DA:1187,1
DA:1193,1
DA:1194,1
DA:1195,2
DA:1196,1
DA:1197,1
DA:1198,1
DA:1202,1
DA:1204,3
DA:1205,3
DA:1206,1
DA:1207,2
DA:1208,1
DA:1214,3
DA:1215,2
DA:1223,2
DA:1224,10
DA:1227,2
DA:1228,2
DA:1229,2
DA:1230,8
DA:1231,2
DA:1233,8
DA:1234,8
DA:1236,2
DA:1240,12
DA:1243,2
DA:1244,2
DA:1245,4
DA:1246,4
DA:1248,4
DA:1250,8
DA:1252,4
DA:1253,3
DA:1254,2
DA:1255,3
DA:1256,3
DA:1258,12
DA:1261,2
DA:1263,4
DA:1264,8
DA:1269,2
DA:1274,5
DA:1276,4
DA:1277,2
DA:1278,10
DA:1279,2
DA:1280,2
DA:1283,0
DA:1286,2
DA:1293,2
DA:1294,3
DA:1295,2
DA:1297,4
DA:1298,4
DA:1299,2
DA:1300,2
DA:1302,2
DA:1305,2
DA:1306,2
DA:1307,2
DA:1310,2
DA:1311,2
DA:1312,2
DA:1316,2
DA:1318,4
DA:1320,2
DA:1324,2
DA:1325,4
DA:1326,4
DA:1327,2
DA:1336,2
DA:1337,4
DA:1338,6
DA:1343,2
DA:1350,2
DA:1351,3
DA:1352,2
DA:1354,4
DA:1355,4
DA:1356,2
DA:1357,2
DA:1359,2
DA:1360,2
DA:1361,2
DA:1362,2
DA:1363,2
DA:1364,4
DA:1365,2
DA:1366,2
DA:1367,4
DA:1378,2
DA:1379,2
DA:1380,2
DA:1383,2
DA:1384,2
DA:1385,2
DA:1389,2
DA:1391,4
DA:1393,2
DA:1397,2
DA:1398,4
DA:1399,4
DA:1400,2
DA:1411,2
DA:1412,4
DA:1413,3
DA:1416,2
DA:1417,4
DA:1420,4
DA:1421,6
DA:1422,4
DA:1423,5
DA:1424,4
DA:1425,5
DA:1426,4
DA:1427,10
DA:1429,3
DA:1430,1
DA:1431,4
DA:1433,3
DA:1434,1
DA:1435,4
DA:1437,3
DA:1438,4
DA:1444,10
LF:721
LH:719
end_of_record
SF:lib\l10n\app_localizations_ar.dart
DA:9,0
DA:11,0
DA:14,0
DA:17,0
DA:20,0
DA:23,0
DA:26,0
DA:29,0
DA:32,0
DA:36,0
DA:39,0
DA:43,0
DA:46,0
DA:50,0
DA:53,0
DA:56,0
DA:59,0
DA:62,0
DA:65,0
DA:68,0
DA:71,0
DA:74,0
DA:77,0
DA:80,0
DA:83,0
DA:86,0
DA:88,0
DA:91,0
DA:94,0
DA:97,0
DA:100,0
DA:103,0
DA:107,0
DA:109,0
DA:112,0
DA:114,0
DA:117,0
DA:120,0
DA:123,0
DA:126,0
DA:129,0
DA:131,0
DA:134,0
DA:137,0
DA:141,0
DA:143,0
DA:146,0
DA:149,0
DA:152,0
DA:155,0
DA:158,0
DA:161,0
DA:164,0
DA:167,0
DA:170,0
DA:173,0
DA:176,0
DA:179,0
DA:182,0
DA:185,0
DA:187,0
DA:190,0
DA:193,0
DA:196,0
DA:199,0
DA:201,0
DA:203,0
DA:207,0
DA:210,0
DA:213,0
DA:216,0
DA:219,0
DA:222,0
DA:225,0
DA:228,0
DA:231,0
DA:234,0
DA:237,0
DA:240,0
DA:243,0
DA:246,0
DA:249,0
DA:252,0
DA:255,0
DA:258,0
DA:261,0
DA:264,0
DA:267,0
DA:270,0
DA:273,0
DA:276,0
DA:279,0
DA:282,0
DA:285,0
DA:288,0
DA:291,0
DA:294,0
DA:297,0
DA:300,0
DA:303,0
DA:306,0
DA:309,0
DA:312,0
DA:315,0
DA:318,0
DA:321,0
DA:323,0
DA:326,0
DA:328,0
DA:331,0
DA:333,0
DA:336,0
DA:338,0
DA:341,0
DA:343,0
DA:346,0
DA:348,0
DA:351,0
DA:354,0
DA:357,0
DA:360,0
DA:363,0
DA:366,0
DA:369,0
DA:372,0
DA:375,0
DA:378,0
DA:381,0
DA:384,0
DA:387,0
DA:391,0
DA:393,0
DA:396,0
DA:399,0
DA:402,0
DA:405,0
DA:408,0
DA:411,0
DA:413,0
DA:416,0
DA:420,0
DA:422,0
DA:425,0
DA:429,0
DA:432,0
DA:435,0
DA:438,0
DA:441,0
DA:444,0
DA:447,0
DA:450,0
DA:453,0
DA:456,0
DA:459,0
DA:462,0
DA:465,0
DA:468,0
DA:471,0
DA:474,0
DA:477,0
DA:480,0
DA:484,0
DA:487,0
DA:491,0
DA:494,0
DA:496,0
DA:499,0
DA:502,0
DA:505,0
DA:507,0
DA:510,0
DA:513,0
DA:516,0
DA:519,0
DA:523,0
DA:526,0
DA:529,0
DA:533,0
DA:536,0
DA:539,0
DA:542,0
DA:546,0
DA:549,0
DA:552,0
DA:555,0
DA:558,0
DA:561,0
DA:564,0
DA:567,0
DA:570,0
DA:573,0
DA:576,0
DA:579,0
DA:582,0
DA:585,0
DA:588,0
DA:591,0
DA:594,0
DA:597,0
DA:600,0
DA:603,0
DA:605,0
DA:607,0
DA:611,0
DA:614,0
DA:617,0
DA:619,0
DA:622,0
DA:625,0
DA:627,0
DA:630,0
DA:632,0
DA:635,0
DA:638,0
DA:641,0
DA:644,0
DA:647,0
DA:649,0
DA:652,0
DA:655,0
DA:658,0
DA:661,0
DA:665,0
DA:668,0
DA:672,0
DA:675,0
DA:679,0
DA:682,0
DA:686,0
DA:689,0
LF:230
LH:0
end_of_record
SF:lib\l10n\app_localizations_de.dart
DA:9,0
DA:11,0
DA:14,0
DA:17,0
DA:20,0
DA:23,0
DA:26,0
DA:30,0
DA:33,0
DA:37,0
DA:40,0
DA:44,0
DA:47,0
DA:51,0
DA:54,0
DA:57,0
DA:60,0
DA:63,0
DA:66,0
DA:69,0
DA:72,0
DA:75,0
DA:78,0
DA:81,0
DA:84,0
DA:87,0
DA:89,0
DA:92,0
DA:95,0
DA:98,0
DA:101,0
DA:105,0
DA:109,0
DA:111,0
DA:114,0
DA:116,0
DA:119,0
DA:122,0
DA:125,0
DA:128,0
DA:131,0
DA:133,0
DA:136,0
DA:139,0
DA:143,0
DA:145,0
DA:148,0
DA:151,0
DA:154,0
DA:157,0
DA:160,0
DA:163,0
DA:166,0
DA:170,0
DA:173,0
DA:176,0
DA:179,0
DA:182,0
DA:185,0
DA:188,0
DA:190,0
DA:193,0
DA:196,0
DA:199,0
DA:202,0
DA:204,0
DA:206,0
DA:210,0
DA:213,0
DA:216,0
DA:219,0
DA:222,0
DA:225,0
DA:228,0
DA:231,0
DA:234,0
DA:237,0
DA:240,0
DA:243,0
DA:246,0
DA:249,0
DA:252,0
DA:255,0
DA:258,0
DA:261,0
DA:264,0
DA:267,0
DA:270,0
DA:273,0
DA:276,0
DA:279,0
DA:282,0
DA:285,0
DA:288,0
DA:291,0
DA:295,0
DA:298,0
DA:301,0
DA:304,0
DA:307,0
DA:310,0
DA:313,0
DA:316,0
DA:319,0
DA:322,0
DA:325,0
DA:327,0
DA:330,0
DA:332,0
DA:335,0
DA:337,0
DA:340,0
DA:342,0
DA:345,0
DA:347,0
DA:350,0
DA:352,0
DA:355,0
DA:358,0
DA:361,0
DA:364,0
DA:367,0
DA:370,0
DA:373,0
DA:376,0
DA:379,0
DA:382,0
DA:385,0
DA:388,0
DA:391,0
DA:395,0
DA:397,0
DA:400,0
DA:404,0
DA:407,0
DA:410,0
DA:413,0
DA:416,0
DA:418,0
DA:421,0
DA:425,0
DA:427,0
DA:430,0
DA:434,0
DA:437,0
DA:440,0
DA:443,0
DA:447,0
DA:450,0
DA:453,0
DA:456,0
DA:459,0
DA:462,0
DA:465,0
DA:468,0
DA:471,0
DA:474,0
DA:477,0
DA:481,0
DA:484,0
DA:487,0
DA:491,0
DA:494,0
DA:498,0
DA:501,0
DA:503,0
DA:506,0
DA:509,0
DA:512,0
DA:514,0
DA:517,0
DA:520,0
DA:523,0
DA:526,0
DA:530,0
DA:533,0
DA:536,0
DA:540,0
DA:544,0
DA:547,0
DA:550,0
DA:554,0
DA:557,0
DA:560,0
DA:563,0
DA:566,0
DA:569,0
DA:572,0
DA:575,0
DA:578,0
DA:581,0
DA:584,0
DA:587,0
DA:590,0
DA:593,0
DA:596,0
DA:599,0
DA:602,0
DA:605,0
DA:608,0
DA:611,0
DA:613,0
DA:615,0
DA:619,0
DA:622,0
DA:625,0
DA:627,0
DA:630,0
DA:633,0
DA:635,0
DA:638,0
DA:640,0
DA:643,0
DA:646,0
DA:649,0
DA:652,0
DA:655,0
DA:657,0
DA:660,0
DA:663,0
DA:666,0
DA:669,0
DA:673,0
DA:676,0
DA:680,0
DA:683,0
DA:687,0
DA:690,0
DA:694,0
DA:697,0
LF:230
LH:0
end_of_record
SF:lib\l10n\app_localizations_en.dart
DA:9,20
DA:11,2
DA:14,0
DA:17,0
DA:20,2
DA:23,2
DA:26,2
DA:30,1
DA:33,1
DA:37,1
DA:40,1
DA:44,1
DA:47,1
DA:51,2
DA:54,1
DA:57,2
DA:60,4
DA:63,3
DA:66,3
DA:69,5
DA:72,0
DA:75,2
DA:78,3
DA:81,2
DA:84,1
DA:87,2
DA:89,2
DA:92,0
DA:95,2
DA:98,2
DA:101,1
DA:104,1
DA:108,1
DA:110,1
DA:113,1
DA:115,1
DA:118,1
DA:121,0
DA:124,1
DA:127,1
DA:130,1
DA:132,1
DA:135,1
DA:138,1
DA:142,1
DA:144,1
DA:147,0
DA:150,0
DA:153,0
DA:156,0
DA:159,0
DA:162,2
DA:165,2
DA:169,0
DA:172,1
DA:175,1
DA:178,1
DA:181,2
DA:184,2
DA:187,2
DA:189,2
DA:192,0
DA:195,0
DA:198,0
DA:201,0
DA:203,0
DA:205,0
DA:209,0
DA:212,2
DA:215,2
DA:218,2
DA:221,2
DA:224,2
DA:227,2
DA:230,2
DA:233,2
DA:236,2
DA:239,2
DA:242,2
DA:245,2
DA:248,2
DA:251,2
DA:254,2
DA:257,2
DA:260,2
DA:263,2
DA:266,2
DA:269,2
DA:272,2
DA:275,2
DA:278,2
DA:281,5
DA:284,2
DA:287,3
DA:290,2
DA:293,1
DA:296,1
DA:299,1
DA:302,2
DA:305,1
DA:308,1
DA:311,1
DA:314,0
DA:317,1
DA:320,2
DA:323,1
DA:325,1
DA:328,1
DA:330,1
DA:333,2
DA:335,2
DA:338,1
DA:340,1
DA:343,1
DA:345,1
DA:348,1
DA:350,1
DA:353,2
DA:356,2
DA:359,0
DA:362,0
DA:365,0
DA:368,0
DA:371,0
DA:374,0
DA:377,0
DA:380,0
DA:383,0
DA:386,0
DA:389,0
DA:393,0
DA:395,0
DA:398,0
DA:401,0
DA:404,1
DA:407,1
DA:410,1
DA:413,0
DA:415,0
DA:418,1
DA:422,1
DA:424,1
DA:427,0
DA:431,0
DA:434,2
DA:437,2
DA:440,2
DA:443,2
DA:446,1
DA:449,1
DA:452,1
DA:455,1
DA:458,1
DA:461,1
DA:464,1
DA:467,1
DA:470,0
DA:473,0
DA:477,2
DA:480,2
DA:483,2
DA:487,2
DA:490,2
DA:494,2
DA:497,2
DA:499,2
DA:502,2
DA:505,2
DA:508,2
DA:510,2
DA:513,2
DA:516,1
DA:519,2
DA:522,2
DA:526,2
DA:529,2
DA:532,2
DA:536,2
DA:539,2
DA:542,2
DA:545,2
DA:549,2
DA:552,2
DA:555,2
DA:558,2
DA:561,2
DA:564,2
DA:567,2
DA:570,1
DA:573,1
DA:576,1
DA:579,1
DA:582,2
DA:585,2
DA:588,2
DA:591,1
DA:594,2
DA:597,2
DA:600,2
DA:603,0
DA:606,0
DA:608,0
DA:610,0
DA:614,0
DA:617,0
DA:620,0
DA:622,0
DA:625,1
DA:628,0
DA:630,0
DA:633,0
DA:635,0
DA:638,0
DA:641,0
DA:644,0
DA:647,0
DA:650,2
DA:652,2
DA:655,2
DA:658,2
DA:661,2
DA:664,2
DA:668,2
DA:671,2
DA:675,2
DA:678,2
DA:682,2
DA:685,2
DA:689,2
DA:692,2
LF:230
LH:174
end_of_record
SF:lib\l10n\app_localizations_es.dart
DA:9,0
DA:11,0
DA:14,0
DA:17,0
DA:20,0
DA:23,0
DA:26,0
DA:30,0
DA:33,0
DA:37,0
DA:40,0
DA:44,0
DA:47,0
DA:51,0
DA:54,0
DA:57,0
DA:60,0
DA:63,0
DA:66,0
DA:69,0
DA:72,0
DA:75,0
DA:78,0
DA:81,0
DA:84,0
DA:87,0
DA:89,0
DA:92,0
DA:95,0
DA:98,0
DA:101,0
DA:104,0
DA:108,0
DA:110,0
DA:113,0
DA:115,0
DA:118,0
DA:121,0
DA:124,0
DA:127,0
DA:130,0
DA:132,0
DA:135,0
DA:138,0
DA:142,0
DA:144,0
DA:147,0
DA:150,0
DA:153,0
DA:156,0
DA:159,0
DA:162,0
DA:165,0
DA:169,0
DA:172,0
DA:175,0
DA:178,0
DA:181,0
DA:184,0
DA:187,0
DA:189,0
DA:192,0
DA:195,0
DA:198,0
DA:201,0
DA:203,0
DA:205,0
DA:209,0
DA:212,0
DA:215,0
DA:218,0
DA:221,0
DA:224,0
DA:227,0
DA:230,0
DA:233,0
DA:236,0
DA:239,0
DA:242,0
DA:245,0
DA:248,0
DA:251,0
DA:254,0
DA:257,0
DA:260,0
DA:263,0
DA:266,0
DA:269,0
DA:272,0
DA:275,0
DA:278,0
DA:281,0
DA:284,0
DA:287,0
DA:290,0
DA:294,0
DA:297,0
DA:300,0
DA:303,0
DA:306,0
DA:309,0
DA:312,0
DA:315,0
DA:318,0
DA:321,0
DA:324,0
DA:326,0
DA:329,0
DA:331,0
DA:334,0
DA:336,0
DA:339,0
DA:341,0
DA:344,0
DA:346,0
DA:349,0
DA:351,0
DA:354,0
DA:357,0
DA:360,0
DA:363,0
DA:366,0
DA:369,0
DA:373,0
DA:376,0
DA:379,0
DA:382,0
DA:385,0
DA:388,0
DA:391,0
DA:395,0
DA:397,0
DA:400,0
DA:403,0
DA:406,0
DA:409,0
DA:412,0
DA:415,0
DA:417,0
DA:420,0
DA:424,0
DA:426,0
DA:429,0
DA:433,0
DA:436,0
DA:439,0
DA:442,0
DA:446,0
DA:449,0
DA:452,0
DA:455,0
DA:458,0
DA:461,0
DA:464,0
DA:467,0
DA:470,0
DA:473,0
DA:476,0
DA:480,0
DA:483,0
DA:486,0
DA:490,0
DA:493,0
DA:497,0
DA:500,0
DA:502,0
DA:505,0
DA:508,0
DA:511,0
DA:513,0
DA:516,0
DA:519,0
DA:522,0
DA:525,0
DA:529,0
DA:532,0
DA:535,0
DA:539,0
DA:543,0
DA:546,0
DA:549,0
DA:553,0
DA:556,0
DA:559,0
DA:562,0
DA:565,0
DA:568,0
DA:571,0
DA:574,0
DA:577,0
DA:580,0
DA:583,0
DA:586,0
DA:589,0
DA:592,0
DA:595,0
DA:598,0
DA:601,0
DA:604,0
DA:607,0
DA:610,0
DA:612,0
DA:614,0
DA:618,0
DA:621,0
DA:624,0
DA:626,0
DA:629,0
DA:632,0
DA:634,0
DA:637,0
DA:639,0
DA:642,0
DA:645,0
DA:648,0
DA:651,0
DA:654,0
DA:656,0
DA:659,0
DA:662,0
DA:666,0
DA:669,0
DA:673,0
DA:676,0
DA:680,0
DA:683,0
DA:687,0
DA:690,0
DA:694,0
DA:697,0
LF:230
LH:0
end_of_record
SF:lib\l10n\app_localizations_fr.dart
DA:9,0
DA:11,0
DA:14,0
DA:17,0
DA:20,0
DA:23,0
DA:26,0
DA:30,0
DA:33,0
DA:37,0
DA:40,0
DA:44,0
DA:47,0
DA:51,0
DA:54,0
DA:57,0
DA:60,0
DA:63,0
DA:66,0
DA:69,0
DA:72,0
DA:75,0
DA:78,0
DA:81,0
DA:84,0
DA:87,0
DA:89,0
DA:92,0
DA:95,0
DA:98,0
DA:101,0
DA:104,0
DA:108,0
DA:110,0
DA:113,0
DA:115,0
DA:118,0
DA:121,0
DA:124,0
DA:127,0
DA:130,0
DA:132,0
DA:135,0
DA:138,0
DA:142,0
DA:144,0
DA:147,0
DA:150,0
DA:153,0
DA:156,0
DA:159,0
DA:162,0
DA:165,0
DA:169,0
DA:172,0
DA:175,0
DA:178,0
DA:181,0
DA:184,0
DA:187,0
DA:189,0
DA:192,0
DA:195,0
DA:198,0
DA:201,0
DA:203,0
DA:205,0
DA:209,0
DA:212,0
DA:215,0
DA:218,0
DA:221,0
DA:224,0
DA:227,0
DA:230,0
DA:233,0
DA:236,0
DA:239,0
DA:242,0
DA:245,0
DA:248,0
DA:251,0
DA:254,0
DA:257,0
DA:260,0
DA:263,0
DA:266,0
DA:269,0
DA:272,0
DA:275,0
DA:278,0
DA:281,0
DA:284,0
DA:287,0
DA:290,0
DA:294,0
DA:297,0
DA:300,0
DA:303,0
DA:306,0
DA:309,0
DA:312,0
DA:315,0
DA:318,0
DA:321,0
DA:324,0
DA:326,0
DA:329,0
DA:331,0
DA:334,0
DA:336,0
DA:339,0
DA:341,0
DA:344,0
DA:346,0
DA:349,0
DA:351,0
DA:354,0
DA:357,0
DA:360,0
DA:363,0
DA:366,0
DA:369,0
DA:373,0
DA:376,0
DA:379,0
DA:382,0
DA:385,0
DA:388,0
DA:391,0
DA:395,0
DA:397,0
DA:400,0
DA:403,0
DA:406,0
DA:409,0
DA:412,0
DA:415,0
DA:417,0
DA:420,0
DA:424,0
DA:426,0
DA:429,0
DA:433,0
DA:436,0
DA:439,0
DA:442,0
DA:446,0
DA:449,0
DA:452,0
DA:455,0
DA:458,0
DA:461,0
DA:465,0
DA:468,0
DA:471,0
DA:474,0
DA:477,0
DA:481,0
DA:484,0
DA:487,0
DA:491,0
DA:494,0
DA:498,0
DA:501,0
DA:503,0
DA:506,0
DA:509,0
DA:512,0
DA:514,0
DA:517,0
DA:520,0
DA:523,0
DA:526,0
DA:530,0
DA:533,0
DA:536,0
DA:540,0
DA:543,0
DA:546,0
DA:549,0
DA:553,0
DA:556,0
DA:559,0
DA:562,0
DA:565,0
DA:568,0
DA:571,0
DA:574,0
DA:577,0
DA:580,0
DA:583,0
DA:586,0
DA:589,0
DA:592,0
DA:595,0
DA:598,0
DA:601,0
DA:604,0
DA:607,0
DA:610,0
DA:612,0
DA:614,0
DA:618,0
DA:621,0
DA:624,0
DA:626,0
DA:629,0
DA:632,0
DA:634,0
DA:637,0
DA:639,0
DA:642,0
DA:645,0
DA:648,0
DA:651,0
DA:654,0
DA:656,0
DA:659,0
DA:662,0
DA:665,0
DA:668,0
DA:672,0
DA:675,0
DA:679,0
DA:682,0
DA:686,0
DA:689,0
DA:693,0
DA:696,0
LF:230
LH:0
end_of_record
SF:lib\l10n\app_localizations_hi.dart
DA:9,0
DA:11,0
DA:14,0
DA:17,0
DA:20,0
DA:23,0
DA:26,0
DA:30,0
DA:33,0
DA:37,0
DA:40,0
DA:44,0
DA:47,0
DA:51,0
DA:54,0
DA:57,0
DA:60,0
DA:63,0
DA:66,0
DA:69,0
DA:72,0
DA:75,0
DA:78,0
DA:81,0
DA:84,0
DA:87,0
DA:89,0
DA:92,0
DA:95,0
DA:98,0
DA:101,0
DA:104,0
DA:108,0
DA:110,0
DA:113,0
DA:115,0
DA:118,0
DA:121,0
DA:124,0
DA:127,0
DA:130,0
DA:132,0
DA:135,0
DA:138,0
DA:142,0
DA:144,0
DA:147,0
DA:150,0
DA:153,0
DA:156,0
DA:159,0
DA:162,0
DA:165,0
DA:169,0
DA:172,0
DA:175,0
DA:178,0
DA:181,0
DA:184,0
DA:187,0
DA:189,0
DA:192,0
DA:195,0
DA:198,0
DA:201,0
DA:203,0
DA:205,0
DA:209,0
DA:212,0
DA:215,0
DA:218,0
DA:221,0
DA:224,0
DA:227,0
DA:230,0
DA:233,0
DA:236,0
DA:239,0
DA:242,0
DA:245,0
DA:248,0
DA:251,0
DA:254,0
DA:257,0
DA:260,0
DA:263,0
DA:266,0
DA:269,0
DA:272,0
DA:275,0
DA:278,0
DA:281,0
DA:284,0
DA:287,0
DA:291,0
DA:294,0
DA:297,0
DA:300,0
DA:303,0
DA:306,0
DA:309,0
DA:312,0
DA:315,0
DA:318,0
DA:321,0
DA:324,0
DA:326,0
DA:329,0
DA:331,0
DA:334,0
DA:336,0
DA:339,0
DA:341,0
DA:344,0
DA:346,0
DA:349,0
DA:351,0
DA:354,0
DA:357,0
DA:360,0
DA:363,0
DA:366,0
DA:369,0
DA:372,0
DA:375,0
DA:378,0
DA:381,0
DA:384,0
DA:387,0
DA:390,0
DA:394,0
DA:396,0
DA:399,0
DA:402,0
DA:405,0
DA:408,0
DA:411,0
DA:414,0
DA:416,0
DA:419,0
DA:423,0
DA:425,0
DA:428,0
DA:432,0
DA:435,0
DA:438,0
DA:441,0
DA:444,0
DA:447,0
DA:450,0
DA:453,0
DA:456,0
DA:459,0
DA:462,0
DA:465,0
DA:468,0
DA:471,0
DA:474,0
DA:478,0
DA:481,0
DA:484,0
DA:488,0
DA:491,0
DA:495,0
DA:498,0
DA:500,0
DA:503,0
DA:506,0
DA:509,0
DA:511,0
DA:514,0
DA:517,0
DA:520,0
DA:523,0
DA:526,0
DA:529,0
DA:532,0
DA:536,0
DA:539,0
DA:542,0
DA:545,0
DA:549,0
DA:552,0
DA:555,0
DA:558,0
DA:562,0
DA:565,0
DA:568,0
DA:571,0
DA:574,0
DA:577,0
DA:580,0
DA:583,0
DA:586,0
DA:589,0
DA:592,0
DA:595,0
DA:598,0
DA:601,0
DA:604,0
DA:607,0
DA:609,0
DA:611,0
DA:615,0
DA:618,0
DA:621,0
DA:623,0
DA:626,0
DA:630,0
DA:632,0
DA:635,0
DA:637,0
DA:640,0
DA:643,0
DA:646,0
DA:649,0
DA:652,0
DA:654,0
DA:657,0
DA:660,0
DA:663,0
DA:666,0
DA:670,0
DA:673,0
DA:677,0
DA:680,0
DA:684,0
DA:687,0
DA:691,0
DA:694,0
LF:230
LH:0
end_of_record
SF:lib\l10n\app_localizations_it.dart
DA:9,0
DA:11,0
DA:14,0
DA:17,0
DA:20,0
DA:23,0
DA:26,0
DA:30,0
DA:33,0
DA:37,0
DA:40,0
DA:44,0
DA:47,0
DA:51,0
DA:54,0
DA:57,0
DA:60,0
DA:63,0
DA:66,0
DA:69,0
DA:72,0
DA:75,0
DA:78,0
DA:81,0
DA:84,0
DA:87,0
DA:89,0
DA:92,0
DA:95,0
DA:98,0
DA:101,0
DA:104,0
DA:108,0
DA:110,0
DA:113,0
DA:115,0
DA:118,0
DA:121,0
DA:124,0
DA:127,0
DA:130,0
DA:132,0
DA:135,0
DA:138,0
DA:142,0
DA:144,0
DA:147,0
DA:150,0
DA:153,0
DA:156,0
DA:159,0
DA:162,0
DA:165,0
DA:169,0
DA:172,0
DA:175,0
DA:178,0
DA:181,0
DA:184,0
DA:187,0
DA:189,0
DA:192,0
DA:195,0
DA:198,0
DA:201,0
DA:203,0
DA:205,0
DA:209,0
DA:212,0
DA:215,0
DA:218,0
DA:221,0
DA:224,0
DA:227,0
DA:230,0
DA:233,0
DA:236,0
DA:239,0
DA:242,0
DA:245,0
DA:248,0
DA:251,0
DA:254,0
DA:257,0
DA:260,0
DA:263,0
DA:266,0
DA:269,0
DA:272,0
DA:275,0
DA:278,0
DA:281,0
DA:284,0
DA:287,0
DA:290,0
DA:294,0
DA:297,0
DA:300,0
DA:303,0
DA:306,0
DA:309,0
DA:312,0
DA:315,0
DA:318,0
DA:321,0
DA:324,0
DA:326,0
DA:329,0
DA:331,0
DA:334,0
DA:336,0
DA:339,0
DA:341,0
DA:344,0
DA:346,0
DA:349,0
DA:351,0
DA:354,0
DA:357,0
DA:360,0
DA:363,0
DA:366,0
DA:369,0
DA:372,0
DA:375,0
DA:378,0
DA:381,0
DA:384,0
DA:387,0
DA:390,0
DA:394,0
DA:396,0
DA:399,0
DA:402,0
DA:405,0
DA:408,0
DA:411,0
DA:414,0
DA:416,0
DA:419,0
DA:423,0
DA:425,0
DA:428,0
DA:432,0
DA:435,0
DA:438,0
DA:441,0
DA:445,0
DA:448,0
DA:451,0
DA:454,0
DA:457,0
DA:460,0
DA:463,0
DA:466,0
DA:469,0
DA:472,0
DA:475,0
DA:479,0
DA:482,0
DA:485,0
DA:489,0
DA:492,0
DA:496,0
DA:499,0
DA:501,0
DA:504,0
DA:507,0
DA:510,0
DA:512,0
DA:515,0
DA:518,0
DA:521,0
DA:524,0
DA:528,0
DA:531,0
DA:534,0
DA:538,0
DA:541,0
DA:544,0
DA:547,0
DA:551,0
DA:554,0
DA:557,0
DA:560,0
DA:563,0
DA:566,0
DA:569,0
DA:572,0
DA:575,0
DA:578,0
DA:581,0
DA:584,0
DA:587,0
DA:590,0
DA:593,0
DA:596,0
DA:599,0
DA:602,0
DA:605,0
DA:608,0
DA:610,0
DA:612,0
DA:616,0
DA:619,0
DA:622,0
DA:624,0
DA:627,0
DA:630,0
DA:632,0
DA:635,0
DA:637,0
DA:640,0
DA:643,0
DA:646,0
DA:649,0
DA:652,0
DA:654,0
DA:657,0
DA:660,0
DA:663,0
DA:666,0
DA:670,0
DA:673,0
DA:677,0
DA:680,0
DA:684,0
DA:687,0
DA:691,0
DA:694,0
LF:230
LH:0
end_of_record
SF:lib\l10n\app_localizations_ja.dart
DA:9,0
DA:11,0
DA:14,0
DA:17,0
DA:20,0
DA:23,0
DA:26,0
DA:29,0
DA:32,0
DA:35,0
DA:38,0
DA:42,0
DA:45,0
DA:48,0
DA:51,0
DA:54,0
DA:57,0
DA:60,0
DA:63,0
DA:66,0
DA:69,0
DA:72,0
DA:75,0
DA:78,0
DA:81,0
DA:84,0
DA:86,0
DA:89,0
DA:92,0
DA:95,0
DA:98,0
DA:101,0
DA:105,0
DA:107,0
DA:110,0
DA:112,0
DA:115,0
DA:118,0
DA:121,0
DA:124,0
DA:127,0
DA:129,0
DA:132,0
DA:135,0
DA:138,0
DA:140,0
DA:143,0
DA:146,0
DA:149,0
DA:152,0
DA:155,0
DA:158,0
DA:161,0
DA:164,0
DA:167,0
DA:170,0
DA:173,0
DA:176,0
DA:179,0
DA:182,0
DA:184,0
DA:187,0
DA:190,0
DA:193,0
DA:196,0
DA:198,0
DA:201,0
DA:204,0
DA:207,0
DA:210,0
DA:213,0
DA:216,0
DA:219,0
DA:222,0
DA:225,0
DA:228,0
DA:231,0
DA:234,0
DA:237,0
DA:240,0
DA:243,0
DA:246,0
DA:249,0
DA:252,0
DA:255,0
DA:258,0
DA:261,0
DA:264,0
DA:267,0
DA:270,0
DA:273,0
DA:276,0
DA:279,0
DA:282,0
DA:285,0
DA:288,0
DA:291,0
DA:294,0
DA:297,0
DA:300,0
DA:303,0
DA:306,0
DA:309,0
DA:312,0
DA:314,0
DA:317,0
DA:319,0
DA:322,0
DA:324,0
DA:327,0
DA:329,0
DA:332,0
DA:334,0
DA:337,0
DA:339,0
DA:342,0
DA:345,0
DA:348,0
DA:351,0
DA:354,0
DA:357,0
DA:360,0
DA:363,0
DA:366,0
DA:369,0
DA:372,0
DA:375,0
DA:378,0
DA:382,0
DA:384,0
DA:387,0
DA:390,0
DA:393,0
DA:396,0
DA:399,0
DA:402,0
DA:404,0
DA:407,0
DA:410,0
DA:412,0
DA:415,0
DA:418,0
DA:421,0
DA:424,0
DA:427,0
DA:430,0
DA:433,0
DA:436,0
DA:439,0
DA:442,0
DA:445,0
DA:448,0
DA:451,0
DA:454,0
DA:457,0
DA:460,0
DA:463,0
DA:466,0
DA:469,0
DA:472,0
DA:475,0
DA:478,0
DA:481,0
DA:483,0
DA:486,0
DA:489,0
DA:492,0
DA:494,0
DA:497,0
DA:500,0
DA:503,0
DA:506,0
DA:509,0
DA:512,0
DA:515,0
DA:518,0
DA:521,0
DA:524,0
DA:527,0
DA:530,0
DA:533,0
DA:536,0
DA:539,0
DA:542,0
DA:545,0
DA:548,0
DA:551,0
DA:554,0
DA:557,0
DA:560,0
DA:563,0
DA:566,0
DA:569,0
DA:572,0
DA:575,0
DA:578,0
DA:581,0
DA:584,0
DA:587,0
DA:589,0
DA:592,0
DA:595,0
DA:597,0
DA:600,0
DA:603,0
DA:605,0
DA:608,0
DA:610,0
DA:613,0
DA:616,0
DA:619,0
DA:622,0
DA:625,0
DA:627,0
DA:630,0
DA:633,0
DA:636,0
DA:639,0
DA:643,0
DA:646,0
DA:650,0
DA:653,0
DA:657,0
DA:660,0
DA:664,0
DA:667,0
LF:226
LH:0
end_of_record
SF:lib\l10n\app_localizations_ko.dart
DA:9,0
DA:11,0
DA:14,0
DA:17,0
DA:20,0
DA:23,0
DA:26,0
DA:29,0
DA:32,0
DA:35,0
DA:38,0
DA:42,0
DA:45,0
DA:49,0
DA:52,0
DA:55,0
DA:58,0
DA:61,0
DA:64,0
DA:67,0
DA:70,0
DA:73,0
DA:76,0
DA:79,0
DA:82,0
DA:85,0
DA:87,0
DA:90,0
DA:93,0
DA:96,0
DA:99,0
DA:102,0
DA:106,0
DA:108,0
DA:111,0
DA:113,0
DA:116,0
DA:119,0
DA:122,0
DA:125,0
DA:128,0
DA:130,0
DA:133,0
DA:136,0
DA:139,0
DA:141,0
DA:144,0
DA:147,0
DA:150,0
DA:153,0
DA:156,0
DA:159,0
DA:162,0
DA:165,0
DA:168,0
DA:171,0
DA:174,0
DA:177,0
DA:180,0
DA:183,0
DA:185,0
DA:188,0
DA:191,0
DA:194,0
DA:197,0
DA:199,0
DA:202,0
DA:205,0
DA:208,0
DA:211,0
DA:214,0
DA:217,0
DA:220,0
DA:223,0
DA:226,0
DA:229,0
DA:232,0
DA:235,0
DA:238,0
DA:241,0
DA:244,0
DA:247,0
DA:250,0
DA:253,0
DA:256,0
DA:259,0
DA:262,0
DA:265,0
DA:268,0
DA:271,0
DA:274,0
DA:277,0
DA:280,0
DA:283,0
DA:286,0
DA:289,0
DA:292,0
DA:295,0
DA:298,0
DA:301,0
DA:304,0
DA:307,0
DA:310,0
DA:313,0
DA:315,0
DA:318,0
DA:320,0
DA:323,0
DA:325,0
DA:328,0
DA:330,0
DA:333,0
DA:335,0
DA:338,0
DA:340,0
DA:343,0
DA:346,0
DA:349,0
DA:352,0
DA:355,0
DA:358,0
DA:361,0
DA:364,0
DA:367,0
DA:370,0
DA:373,0
DA:376,0
DA:379,0
DA:383,0
DA:385,0
DA:388,0
DA:391,0
DA:394,0
DA:397,0
DA:400,0
DA:403,0
DA:405,0
DA:408,0
DA:411,0
DA:413,0
DA:416,0
DA:419,0
DA:422,0
DA:425,0
DA:428,0
DA:431,0
DA:434,0
DA:437,0
DA:440,0
DA:443,0
DA:446,0
DA:449,0
DA:452,0
DA:455,0
DA:458,0
DA:461,0
DA:464,0
DA:467,0
DA:470,0
DA:473,0
DA:476,0
DA:479,0
DA:482,0
DA:484,0
DA:487,0
DA:490,0
DA:493,0
DA:495,0
DA:498,0
DA:501,0
DA:504,0
DA:507,0
DA:510,0
DA:513,0
DA:516,0
DA:519,0
DA:522,0
DA:525,0
DA:528,0
DA:531,0
DA:534,0
DA:537,0
DA:540,0
DA:543,0
DA:546,0
DA:549,0
DA:552,0
DA:555,0
DA:558,0
DA:561,0
DA:564,0
DA:567,0
DA:570,0
DA:573,0
DA:576,0
DA:579,0
DA:582,0
DA:585,0
DA:588,0
DA:590,0
DA:593,0
DA:596,0
DA:598,0
DA:601,0
DA:604,0
DA:606,0
DA:609,0
DA:611,0
DA:614,0
DA:617,0
DA:620,0
DA:623,0
DA:626,0
DA:628,0
DA:631,0
DA:634,0
DA:637,0
DA:640,0
DA:644,0
DA:647,0
DA:651,0
DA:654,0
DA:658,0
DA:661,0
DA:665,0
DA:668,0
LF:226
LH:0
end_of_record
SF:lib\l10n\app_localizations_pt.dart
DA:9,0
DA:11,0
DA:14,0
DA:17,0
DA:20,0
DA:23,0
DA:26,0
DA:30,0
DA:33,0
DA:37,0
DA:40,0
DA:44,0
DA:47,0
DA:51,0
DA:54,0
DA:57,0
DA:60,0
DA:63,0
DA:66,0
DA:69,0
DA:72,0
DA:75,0
DA:78,0
DA:81,0
DA:84,0
DA:87,0
DA:89,0
DA:92,0
DA:95,0
DA:98,0
DA:101,0
DA:104,0
DA:108,0
DA:110,0
DA:113,0
DA:115,0
DA:118,0
DA:121,0
DA:124,0
DA:127,0
DA:130,0
DA:132,0
DA:135,0
DA:138,0
DA:142,0
DA:144,0
DA:147,0
DA:150,0
DA:153,0
DA:156,0
DA:159,0
DA:162,0
DA:165,0
DA:169,0
DA:172,0
DA:175,0
DA:178,0
DA:181,0
DA:184,0
DA:187,0
DA:189,0
DA:192,0
DA:195,0
DA:198,0
DA:201,0
DA:203,0
DA:205,0
DA:209,0
DA:212,0
DA:215,0
DA:218,0
DA:221,0
DA:224,0
DA:227,0
DA:230,0
DA:233,0
DA:236,0
DA:239,0
DA:242,0
DA:245,0
DA:248,0
DA:251,0
DA:254,0
DA:257,0
DA:260,0
DA:263,0
DA:266,0
DA:269,0
DA:272,0
DA:275,0
DA:278,0
DA:281,0
DA:284,0
DA:287,0
DA:290,0
DA:293,0
DA:296,0
DA:299,0
DA:302,0
DA:305,0
DA:308,0
DA:311,0
DA:314,0
DA:317,0
DA:320,0
DA:323,0
DA:325,0
DA:328,0
DA:330,0
DA:333,0
DA:335,0
DA:338,0
DA:340,0
DA:343,0
DA:345,0
DA:348,0
DA:350,0
DA:353,0
DA:356,0
DA:359,0
DA:362,0
DA:365,0
DA:368,0
DA:371,0
DA:374,0
DA:377,0
DA:380,0
DA:383,0
DA:386,0
DA:389,0
DA:393,0
DA:395,0
DA:398,0
DA:401,0
DA:404,0
DA:407,0
DA:410,0
DA:413,0
DA:415,0
DA:418,0
DA:422,0
DA:424,0
DA:427,0
DA:431,0
DA:434,0
DA:437,0
DA:440,0
DA:444,0
DA:447,0
DA:450,0
DA:453,0
DA:456,0
DA:459,0
DA:462,0
DA:465,0
DA:468,0
DA:471,0
DA:474,0
DA:478,0
DA:481,0
DA:484,0
DA:488,0
DA:491,0
DA:495,0
DA:498,0
DA:500,0
DA:503,0
DA:506,0
DA:509,0
DA:511,0
DA:514,0
DA:517,0
DA:520,0
DA:523,0
DA:527,0
DA:530,0
DA:533,0
DA:537,0
DA:541,0
DA:544,0
DA:547,0
DA:551,0
DA:554,0
DA:557,0
DA:560,0
DA:563,0
DA:566,0
DA:569,0
DA:572,0
DA:575,0
DA:578,0
DA:581,0
DA:584,0
DA:587,0
DA:590,0
DA:593,0
DA:596,0
DA:599,0
DA:602,0
DA:605,0
DA:608,0
DA:610,0
DA:612,0
DA:616,0
DA:619,0
DA:622,0
DA:624,0
DA:627,0
DA:630,0
DA:632,0
DA:635,0
DA:637,0
DA:640,0
DA:643,0
DA:646,0
DA:649,0
DA:652,0
DA:654,0
DA:657,0
DA:660,0
DA:664,0
DA:667,0
DA:671,0
DA:674,0
DA:678,0
DA:681,0
DA:685,0
DA:688,0
DA:692,0
DA:695,0
LF:230
LH:0
end_of_record
SF:lib\l10n\app_localizations_ru.dart
DA:9,0
DA:11,0
DA:14,0
DA:17,0
DA:20,0
DA:23,0
DA:26,0
DA:30,0
DA:33,0
DA:37,0
DA:40,0
DA:44,0
DA:47,0
DA:51,0
DA:54,0
DA:57,0
DA:60,0
DA:63,0
DA:66,0
DA:69,0
DA:72,0
DA:75,0
DA:78,0
DA:81,0
DA:84,0
DA:87,0
DA:89,0
DA:92,0
DA:95,0
DA:98,0
DA:101,0
DA:104,0
DA:108,0
DA:110,0
DA:113,0
DA:115,0
DA:118,0
DA:121,0
DA:124,0
DA:127,0
DA:130,0
DA:132,0
DA:135,0
DA:138,0
DA:142,0
DA:144,0
DA:147,0
DA:150,0
DA:153,0
DA:156,0
DA:159,0
DA:162,0
DA:165,0
DA:169,0
DA:172,0
DA:175,0
DA:178,0
DA:181,0
DA:184,0
DA:187,0
DA:189,0
DA:192,0
DA:195,0
DA:198,0
DA:201,0
DA:203,0
DA:205,0
DA:211,0
DA:214,0
DA:217,0
DA:220,0
DA:223,0
DA:226,0
DA:229,0
DA:232,0
DA:235,0
DA:238,0
DA:241,0
DA:244,0
DA:247,0
DA:250,0
DA:253,0
DA:256,0
DA:259,0
DA:262,0
DA:265,0
DA:268,0
DA:271,0
DA:274,0
DA:277,0
DA:280,0
DA:283,0
DA:286,0
DA:289,0
DA:292,0
DA:295,0
DA:298,0
DA:301,0
DA:304,0
DA:307,0
DA:310,0
DA:313,0
DA:316,0
DA:319,0
DA:322,0
DA:325,0
DA:327,0
DA:330,0
DA:332,0
DA:335,0
DA:337,0
DA:340,0
DA:342,0
DA:345,0
DA:347,0
DA:350,0
DA:352,0
DA:355,0
DA:358,0
DA:361,0
DA:364,0
DA:367,0
DA:370,0
DA:374,0
DA:377,0
DA:380,0
DA:383,0
DA:386,0
DA:389,0
DA:392,0
DA:396,0
DA:398,0
DA:401,0
DA:405,0
DA:408,0
DA:412,0
DA:415,0
DA:418,0
DA:420,0
DA:423,0
DA:426,0
DA:428,0
DA:431,0
DA:435,0
DA:438,0
DA:441,0
DA:444,0
DA:448,0
DA:451,0
DA:454,0
DA:457,0
DA:460,0
DA:463,0
DA:466,0
DA:469,0
DA:472,0
DA:475,0
DA:478,0
DA:482,0
DA:485,0
DA:488,0
DA:492,0
DA:495,0
DA:499,0
DA:502,0
DA:504,0
DA:507,0
DA:510,0
DA:513,0
DA:515,0
DA:518,0
DA:521,0
DA:524,0
DA:527,0
DA:531,0
DA:534,0
DA:537,0
DA:541,0
DA:545,0
DA:548,0
DA:551,0
DA:555,0
DA:558,0
DA:561,0
DA:564,0
DA:567,0
DA:570,0
DA:573,0
DA:576,0
DA:579,0
DA:582,0
DA:585,0
DA:588,0
DA:591,0
DA:594,0
DA:597,0
DA:600,0
DA:603,0
DA:606,0
DA:609,0
DA:612,0
DA:614,0
DA:616,0
DA:622,0
DA:625,0
DA:628,0
DA:630,0
DA:633,0
DA:636,0
DA:638,0
DA:641,0
DA:643,0
DA:646,0
DA:649,0
DA:652,0
DA:655,0
DA:658,0
DA:660,0
DA:663,0
DA:666,0
DA:670,0
DA:673,0
DA:677,0
DA:680,0
DA:684,0
DA:687,0
DA:691,0
DA:694,0
DA:698,0
DA:701,0
LF:230
LH:0
end_of_record
SF:lib\l10n\app_localizations_zh.dart
DA:9,0
DA:11,0
DA:14,0
DA:17,0
DA:20,0
DA:23,0
DA:26,0
DA:29,0
DA:32,0
DA:35,0
DA:38,0
DA:41,0
DA:44,0
DA:47,0
DA:50,0
DA:53,0
DA:56,0
DA:59,0
DA:62,0
DA:65,0
DA:68,0
DA:71,0
DA:74,0
DA:77,0
DA:80,0
DA:83,0
DA:85,0
DA:88,0
DA:91,0
DA:94,0
DA:97,0
DA:100,0
DA:103,0
DA:105,0
DA:108,0
DA:110,0
DA:113,0
DA:116,0
DA:119,0
DA:122,0
DA:125,0
DA:127,0
DA:130,0
DA:133,0
DA:136,0
DA:138,0
DA:141,0
DA:144,0
DA:147,0
DA:150,0
DA:153,0
DA:156,0
DA:159,0
DA:162,0
DA:165,0
DA:168,0
DA:171,0
DA:174,0
DA:177,0
DA:180,0
DA:182,0
DA:185,0
DA:188,0
DA:191,0
DA:194,0
DA:196,0
DA:199,0
DA:202,0
DA:205,0
DA:208,0
DA:211,0
DA:214,0
DA:217,0
DA:220,0
DA:223,0
DA:226,0
DA:229,0
DA:232,0
DA:235,0
DA:238,0
DA:241,0
DA:244,0
DA:247,0
DA:250,0
DA:253,0
DA:256,0
DA:259,0
DA:262,0
DA:265,0
DA:268,0
DA:271,0
DA:274,0
DA:277,0
DA:280,0
DA:283,0
DA:286,0
DA:289,0
DA:292,0
DA:295,0
DA:298,0
DA:301,0
DA:304,0
DA:307,0
DA:310,0
DA:312,0
DA:315,0
DA:317,0
DA:320,0
DA:322,0
DA:325,0
DA:327,0
DA:330,0
DA:332,0
DA:335,0
DA:337,0
DA:340,0
DA:343,0
DA:346,0
DA:349,0
DA:352,0
DA:355,0
DA:358,0
DA:361,0
DA:364,0
DA:367,0
DA:370,0
DA:373,0
DA:376,0
DA:379,0
DA:381,0
DA:384,0
DA:387,0
DA:390,0
DA:393,0
DA:396,0
DA:399,0
DA:401,0
DA:404,0
DA:407,0
DA:409,0
DA:412,0
DA:415,0
DA:418,0
DA:421,0
DA:424,0
DA:427,0
DA:430,0
DA:433,0
DA:436,0
DA:439,0
DA:442,0
DA:445,0
DA:448,0
DA:451,0
DA:454,0
DA:457,0
DA:460,0
DA:463,0
DA:466,0
DA:469,0
DA:472,0
DA:475,0
DA:478,0
DA:480,0
DA:483,0
DA:486,0
DA:489,0
DA:491,0
DA:494,0
DA:497,0
DA:500,0
DA:503,0
DA:506,0
DA:509,0
DA:512,0
DA:515,0
DA:518,0
DA:521,0
DA:524,0
DA:527,0
DA:530,0
DA:533,0
DA:536,0
DA:539,0
DA:542,0
DA:545,0
DA:548,0
DA:551,0
DA:554,0
DA:557,0
DA:560,0
DA:563,0
DA:566,0
DA:569,0
DA:572,0
DA:575,0
DA:578,0
DA:581,0
DA:584,0
DA:586,0
DA:589,0
DA:592,0
DA:594,0
DA:597,0
DA:600,0
DA:602,0
DA:605,0
DA:607,0
DA:610,0
DA:613,0
DA:616,0
DA:619,0
DA:622,0
DA:624,0
DA:627,0
DA:630,0
DA:633,0
DA:636,0
DA:640,0
DA:643,0
DA:647,0
DA:650,0
DA:654,0
DA:657,0
DA:660,0
DA:663,0
LF:226
LH:0
end_of_record
SF:lib\widgets\native_ad_tile.dart
DA:8,2
DA:10,2
DA:11,2
DA:20,2
DA:22,2
DA:23,2
DA:24,2
DA:25,2
DA:29,2
DA:30,4
DA:31,4
DA:32,2
DA:34,4
DA:35,0
DA:36,0
DA:37,0
DA:38,0
DA:39,0
DA:42,0
DA:43,0
DA:44,0
DA:45,0
DA:48,2
DA:50,0
DA:51,2
DA:52,2
DA:53,2
DA:57,2
DA:62,2
DA:63,2
DA:67,2
DA:68,2
DA:76,2
DA:78,2
DA:79,2
DA:82,2
DA:84,2
DA:87,2
DA:93,0
DA:94,0
DA:95,0
DA:97,0
DA:99,0
DA:104,0
DA:108,0
DA:109,0
DA:111,0
DA:112,0
DA:113,0
DA:114,0
DA:116,0
DA:117,0
DA:118,0
DA:120,0
LF:54
LH:28
end_of_record
SF:lib\screens\reader_screen.dart
DA:32,1
DA:35,1
DA:36,1
DA:74,1
DA:76,1
DA:77,10
DA:78,3
DA:79,4
DA:80,2
DA:81,2
DA:82,2
DA:84,4
DA:85,1
DA:88,3
DA:89,1
DA:90,0
DA:91,0
DA:92,0
DA:93,0
DA:95,0
DA:99,1
DA:101,2
DA:102,1
DA:103,2
DA:104,1
DA:105,3
DA:106,1
DA:108,2
DA:109,2
DA:110,1
DA:113,0
DA:114,0
DA:115,0
DA:116,0
DA:117,0
DA:118,0
DA:120,0
DA:125,0
DA:126,0
DA:127,0
DA:128,0
DA:129,0
DA:132,0
DA:133,0
DA:134,0
DA:135,0
DA:138,0
DA:139,0
DA:140,0
DA:141,0
DA:142,0
DA:146,1
DA:147,2
DA:148,2
DA:149,1
DA:151,0
DA:152,0
DA:153,0
DA:155,0
DA:158,1
DA:159,2
DA:160,0
DA:161,0
DA:162,0
DA:164,0
DA:165,0
DA:166,0
DA:167,0
DA:168,0
DA:169,0
DA:173,0
DA:174,0
DA:175,0
DA:176,0
DA:177,0
DA:178,0
DA:179,0
DA:180,0
DA:181,0
DA:182,0
DA:184,0
DA:185,0
DA:186,0
DA:191,1
DA:192,1
DA:193,3
DA:194,1
DA:195,0
DA:197,2
DA:198,1
DA:201,1
DA:202,1
DA:204,11
DA:206,3
DA:208,0
DA:209,0
DA:210,0
DA:211,0
DA:213,0
DA:214,0
DA:215,0
DA:219,2
DA:220,2
DA:221,2
DA:222,2
DA:223,2
DA:224,2
DA:225,2
DA:227,2
DA:228,1
DA:229,0
DA:233,0
DA:234,0
DA:235,0
DA:236,0
DA:238,0
DA:239,0
DA:240,0
DA:241,0
DA:242,0
DA:243,0
DA:246,0
DA:247,0
DA:248,0
DA:249,0
DA:250,0
DA:251,0
DA:252,0
DA:256,0
DA:257,0
DA:267,0
DA:268,0
DA:269,0
DA:270,0
DA:272,0
DA:276,0
DA:280,0
DA:281,0
DA:282,0
DA:283,0
DA:284,0
DA:285,0
DA:287,0
DA:288,0
DA:290,0
DA:291,0
DA:292,0
DA:293,0
DA:294,0
DA:295,0
DA:299,0
DA:300,0
DA:301,0
DA:302,0
DA:303,0
DA:304,0
DA:305,0
DA:306,0
DA:311,0
DA:312,0
DA:318,0
DA:319,0
DA:320,0
DA:321,0
DA:322,0
DA:323,0
DA:324,0
DA:329,0
DA:331,0
DA:332,0
DA:333,0
DA:334,0
DA:336,0
DA:340,0
DA:342,0
DA:343,0
DA:344,0
DA:345,0
DA:346,0
DA:347,0
DA:348,0
DA:351,0
DA:352,0
DA:353,0
DA:354,0
DA:356,0
DA:357,0
DA:358,0
DA:359,0
DA:360,0
DA:361,0
DA:362,0
DA:364,0
DA:365,0
DA:366,0
DA:367,0
DA:368,0
DA:369,0
DA:373,0
DA:374,0
DA:375,0
DA:376,0
DA:377,0
DA:379,0
DA:383,0
DA:385,0
DA:386,0
DA:387,0
DA:389,0
DA:390,0
DA:395,0
DA:396,0
DA:397,0
DA:399,0
DA:400,0
DA:403,0
DA:404,0
DA:405,0
DA:406,0
DA:407,0
DA:411,0
DA:412,0
DA:413,0
DA:417,0
DA:419,0
DA:420,0
DA:424,0
DA:425,0
DA:426,0
DA:427,0
DA:429,0
DA:430,0
DA:431,0
DA:432,0
DA:433,0
DA:435,0
DA:438,0
DA:439,0
DA:440,0
DA:443,0
DA:447,0
DA:450,0
DA:454,0
DA:455,0
DA:459,0
DA:460,0
DA:463,0
DA:465,0
DA:481,0
DA:484,0
DA:485,0
DA:486,0
DA:487,0
DA:488,0
DA:492,0
DA:493,0
DA:497,0
DA:498,0
DA:500,0
DA:506,0
DA:507,0
DA:510,0
DA:511,0
DA:512,0
DA:514,0
DA:515,0
DA:516,0
DA:517,0
DA:519,0
DA:522,0
DA:525,0
DA:527,0
DA:528,0
DA:530,0
DA:531,0
DA:532,0
DA:535,0
DA:537,0
DA:538,0
DA:539,0
DA:540,0
DA:542,0
DA:544,0
DA:546,0
DA:548,0
DA:550,0
DA:552,0
DA:554,0
DA:558,0
DA:560,0
DA:561,0
DA:564,0
DA:567,0
DA:568,0
DA:571,0
DA:572,0
DA:575,0
DA:576,0
DA:577,0
DA:609,0
DA:612,0
DA:613,0
DA:614,0
DA:615,0
DA:619,0
DA:620,0
DA:621,0
DA:622,0
DA:623,0
DA:624,0
DA:626,0
DA:629,0
DA:630,0
DA:631,0
DA:634,0
DA:635,0
DA:636,0
DA:639,0
DA:640,0
DA:643,0
DA:644,0
DA:645,0
DA:646,0
DA:649,0
DA:650,0
DA:651,0
DA:652,0
DA:653,0
DA:654,0
DA:657,0
DA:658,0
DA:659,0
DA:660,0
DA:663,0
DA:664,0
DA:665,0
DA:672,0
DA:673,0
DA:674,0
DA:675,0
DA:676,0
DA:677,0
DA:678,0
DA:679,0
DA:680,0
DA:687,0
DA:688,0
DA:689,0
DA:690,0
DA:691,0
DA:694,0
DA:698,0
DA:699,0
DA:700,0
DA:701,0
DA:702,0
DA:703,0
DA:705,0
DA:706,0
DA:711,0
DA:715,0
DA:718,0
DA:721,0
DA:722,0
DA:723,0
DA:727,0
DA:728,0
DA:734,0
DA:735,0
DA:738,0
DA:739,0
DA:742,0
DA:743,0
DA:744,0
DA:745,0
DA:746,0
DA:749,1
DA:751,3
DA:753,2
DA:755,3
DA:756,4
DA:758,4
DA:759,1
DA:762,1
DA:763,4
DA:764,2
DA:765,1
DA:767,1
DA:768,1
DA:769,2
DA:770,1
DA:771,1
DA:772,0
DA:774,0
DA:775,0
DA:777,0
DA:778,0
DA:779,0
DA:781,0
DA:782,0
DA:784,0
DA:785,0
DA:786,0
DA:787,0
DA:791,0
DA:792,0
DA:793,0
DA:796,0
DA:797,0
DA:798,0
DA:799,0
DA:800,0
DA:801,0
DA:808,0
DA:809,0
DA:811,0
DA:812,0
DA:813,0
DA:816,0
DA:817,0
DA:819,0
DA:821,0
DA:824,0
DA:825,0
DA:827,0
DA:829,0
DA:832,0
DA:833,0
DA:835,0
DA:837,0
DA:844,1
DA:845,1
DA:846,1
DA:847,1
DA:848,3
DA:851,0
DA:852,0
DA:853,0
DA:854,0
DA:855,0
DA:857,0
DA:858,0
DA:859,0
DA:860,0
DA:861,0
DA:863,0
DA:864,0
DA:866,0
DA:868,0
DA:869,0
DA:870,0
DA:871,0
DA:873,0
DA:877,0
DA:880,1
DA:881,3
DA:882,2
DA:884,1
DA:888,1
DA:889,0
DA:890,0
DA:891,0
DA:892,0
DA:893,0
DA:894,0
DA:898,0
DA:899,0
DA:902,0
DA:903,0
DA:909,1
DA:911,0
DA:912,0
DA:913,0
DA:914,0
DA:915,0
DA:922,1
DA:924,2
DA:925,2
DA:927,1
DA:928,1
DA:929,1
DA:933,1
DA:934,0
DA:935,0
DA:936,1
DA:938,1
DA:939,1
DA:941,1
DA:942,1
DA:947,1
DA:950,1
DA:951,1
DA:952,0
DA:953,0
DA:955,0
DA:956,0
DA:959,0
DA:960,0
DA:967,1
DA:968,1
DA:969,1
DA:970,1
DA:971,1
DA:973,1
DA:974,1
DA:975,0
DA:976,0
DA:977,0
DA:978,0
DA:981,1
DA:985,1
DA:986,0
DA:988,0
DA:990,0
DA:993,1
DA:1005,1
DA:1008,1
DA:1010,1
DA:1013,1
DA:1014,3
DA:1015,1
DA:1016,1
DA:1017,3
DA:1026,1
DA:1028,1
DA:1029,1
DA:1030,1
DA:1031,3
DA:1033,1
DA:1034,1
DA:1035,1
DA:1038,1
DA:1039,0
DA:1042,0
DA:1043,0
DA:1044,0
DA:1045,0
DA:1046,0
DA:1048,0
DA:1049,0
DA:1051,0
DA:1054,0
DA:1057,3
DA:1059,1
DA:1061,2
DA:1062,2
DA:1064,2
DA:1066,1
DA:1068,6
DA:1069,0
DA:1071,2
DA:1076,1
DA:1086,0
DA:1087,0
DA:1088,0
DA:1089,0
DA:1090,0
DA:1092,0
DA:1093,0
DA:1094,0
DA:1095,0
DA:1096,0
DA:1097,0
DA:1098,0
DA:1101,0
DA:1102,0
DA:1107,0
DA:1108,0
DA:1109,0
DA:1114,0
DA:1119,0
DA:1124,0
DA:1131,0
DA:1132,0
DA:1134,0
DA:1135,0
DA:1136,0
DA:1137,0
DA:1138,0
DA:1140,0
DA:1143,0
DA:1144,0
DA:1146,0
DA:1147,0
DA:1149,0
DA:1150,0
DA:1151,0
DA:1152,0
DA:1153,0
DA:1154,0
DA:1160,0
DA:1162,0
DA:1163,0
DA:1164,0
DA:1166,0
DA:1167,0
DA:1168,0
DA:1174,0
DA:1175,0
DA:1176,0
DA:1177,0
DA:1182,0
DA:1183,0
DA:1184,0
DA:1187,0
DA:1189,0
DA:1190,0
DA:1191,0
DA:1192,0
DA:1193,0
DA:1194,0
DA:1195,0
DA:1196,0
DA:1205,0
DA:1207,0
DA:1208,0
DA:1209,0
DA:1210,0
DA:1212,0
DA:1213,0
DA:1214,0
DA:1215,0
DA:1216,0
DA:1219,0
DA:1220,0
DA:1221,0
DA:1222,0
DA:1223,0
DA:1225,0
DA:1228,0
DA:1229,0
DA:1230,0
DA:1231,0
DA:1245,1
DA:1249,2
DA:1250,0
DA:1251,3
DA:1253,2
DA:1254,1
DA:1255,1
DA:1257,0
DA:1258,3
DA:1259,1
DA:1260,1
DA:1267,0
DA:1269,0
DA:1271,0
DA:1272,0
DA:1274,0
DA:1275,0
DA:1276,0
DA:1277,0
DA:1278,0
DA:1286,0
DA:1288,0
DA:1290,0
DA:1292,0
DA:1294,0
DA:1295,0
DA:1296,0
DA:1297,0
DA:1306,1
DA:1307,2
DA:1308,3
DA:1309,1
DA:1326,3
DA:1329,1
DA:1330,1
DA:1331,1
DA:1335,1
DA:1339,1
DA:1340,0
DA:1344,1
DA:1345,1
DA:1346,2
DA:1347,1
DA:1348,0
DA:1352,2
DA:1353,0
DA:1354,0
DA:1355,0
DA:1356,0
DA:1357,0
DA:1358,0
DA:1359,0
DA:1360,0
DA:1365,4
DA:1366,0
DA:1367,0
DA:1368,0
DA:1369,0
DA:1370,0
DA:1371,0
DA:1372,0
DA:1376,1
DA:1377,0
DA:1381,0
DA:1382,0
DA:1383,0
DA:1388,1
DA:1389,0
DA:1390,0
DA:1391,0
DA:1392,0
DA:1394,0
DA:1395,0
DA:1396,0
DA:1400,2
DA:1401,1
DA:1404,1
DA:1405,2
DA:1408,0
DA:1409,0
DA:1411,0
DA:1412,0
DA:1414,0
DA:1415,0
DA:1417,0
DA:1418,0
DA:1420,0
DA:1423,0
DA:1425,0
DA:1428,0
DA:1433,0
DA:1434,0
DA:1437,0
DA:1441,0
DA:1445,0
DA:1448,1
DA:1449,2
DA:1450,1
DA:1452,1
DA:1453,1
DA:1454,1
DA:1455,1
DA:1456,1
DA:1458,1
DA:1459,1
DA:1460,0
DA:1465,1
DA:1466,1
DA:1474,0
DA:1475,0
DA:1476,0
DA:1477,0
DA:1478,0
DA:1479,0
DA:1480,0
DA:1481,0
DA:1483,0
DA:1490,1
DA:1491,1
DA:1492,2
DA:1494,0
DA:1495,0
DA:1499,5
DA:1503,0
DA:1504,0
DA:1505,0
DA:1506,0
DA:1507,0
DA:1508,0
DA:1511,4
DA:1518,2
DA:1520,0
DA:1522,0
DA:1523,0
DA:1529,2
DA:1531,0
DA:1533,0
DA:1534,0
DA:1535,0
DA:1536,0
DA:1542,0
DA:1544,0
DA:1545,0
DA:1551,0
DA:1553,0
DA:1554,0
DA:1560,0
DA:1562,0
DA:1563,0
DA:1567,0
DA:1569,0
DA:1571,0
DA:1572,0
DA:1577,0
DA:1578,0
DA:1582,0
DA:1584,0
DA:1586,0
DA:1588,0
DA:1590,0
DA:1592,0
DA:1594,0
DA:1595,0
DA:1603,0
DA:1604,0
DA:1605,0
DA:1607,0
DA:1611,0
DA:1612,0
DA:1613,0
DA:1616,0
DA:1617,0
DA:1618,0
DA:1619,0
DA:1631,0
DA:1640,1
DA:1642,1
DA:1644,1
DA:1645,2
DA:1646,4
DA:1647,1
DA:1648,1
DA:1649,4
LF:816
LH:186
end_of_record
SF:lib\services\reader_audio_service.dart
DA:14,4
DA:18,1
DA:19,1
DA:30,2
DA:40,1
DA:49,2
DA:58,2
DA:59,1
DA:60,1
DA:61,1
DA:62,1
DA:64,1
DA:65,1
DA:66,1
DA:76,1
DA:84,0
DA:86,0
DA:88,0
DA:92,0
DA:93,0
DA:97,0
DA:99,0
DA:131,2
DA:132,1
DA:133,2
DA:136,2
DA:138,2
DA:139,6
DA:140,4
DA:141,3
DA:142,2
DA:143,2
DA:145,1
DA:146,0
DA:147,0
DA:148,0
DA:159,3
DA:160,0
DA:161,0
DA:162,0
DA:165,3
DA:166,1
DA:167,1
DA:168,3
DA:171,8
DA:173,2
DA:177,10
DA:178,4
DA:179,4
DA:180,2
DA:181,4
DA:182,2
DA:185,4
DA:186,2
DA:187,8
DA:189,2
DA:191,2
DA:192,2
DA:193,2
DA:194,6
DA:195,2
DA:197,2
DA:199,2
DA:201,10
DA:204,1
DA:210,6
DA:211,3
DA:212,1
DA:213,1
DA:217,2
DA:218,5
DA:219,3
DA:220,1
DA:221,1
DA:222,5
DA:223,1
DA:225,2
DA:227,0
DA:228,0
DA:229,0
DA:230,0
DA:231,0
DA:232,0
DA:238,1
DA:243,4
DA:244,1
DA:246,4
DA:247,5
DA:248,1
DA:249,2
DA:252,2
DA:253,3
DA:256,1
DA:259,3
DA:261,3
DA:268,1
DA:269,2
DA:270,3
DA:271,4
DA:272,3
DA:273,1
DA:274,1
DA:278,3
DA:280,1
DA:285,6
DA:286,2
DA:287,3
DA:291,1
DA:292,2
DA:293,5
DA:295,3
DA:299,3
DA:300,2
DA:302,4
DA:305,1
DA:306,2
DA:308,1
DA:310,4
DA:311,1
DA:312,1
DA:313,1
DA:314,1
DA:316,4
DA:317,1
DA:318,1
DA:319,1
DA:320,3
DA:324,3
DA:325,5
DA:326,1
DA:327,1
DA:328,1
DA:334,3
DA:335,1
DA:336,2
DA:340,1
DA:341,4
DA:342,1
DA:345,1
DA:347,7
DA:348,1
DA:349,3
DA:350,1
DA:353,5
DA:354,2
DA:357,1
DA:359,7
DA:360,2
DA:361,3
DA:362,1
DA:363,1
DA:364,1
DA:365,1
DA:367,1
DA:368,3
DA:371,2
DA:372,1
DA:373,1
DA:374,1
DA:375,1
DA:376,3
DA:379,1
DA:381,3
DA:382,1
DA:383,2
DA:384,1
DA:385,1
DA:386,1
DA:387,1
DA:388,4
DA:389,1
DA:390,3
DA:393,1
DA:395,1
DA:396,5
DA:397,2
DA:398,3
DA:402,1
DA:403,5
DA:404,2
DA:406,4
DA:410,4
DA:411,2
DA:412,2
DA:414,1
DA:415,4
DA:416,1
DA:419,1
DA:421,8
DA:422,5
DA:423,3
DA:426,1
DA:427,2
DA:428,1
DA:433,1
DA:435,6
DA:436,2
DA:437,3
DA:440,2
DA:441,1
DA:443,1
DA:448,1
DA:449,5
DA:450,1
DA:451,2
DA:452,3
DA:453,1
DA:454,1
DA:455,1
DA:459,4
DA:460,6
DA:462,3
DA:463,0
DA:464,0
DA:466,0
DA:470,1
DA:471,1
DA:472,1
DA:473,1
DA:474,1
DA:475,3
DA:476,1
DA:477,1
DA:479,2
DA:482,1
DA:484,3
DA:486,2
DA:487,2
DA:488,5
DA:489,2
DA:491,4
DA:492,1
DA:493,1
DA:494,1
DA:495,1
DA:496,1
DA:498,3
DA:501,1
DA:502,5
DA:503,2
DA:506,1
DA:507,3
DA:508,3
DA:509,1
DA:510,1
DA:511,1
DA:512,1
DA:513,1
DA:516,3
DA:517,1
DA:518,2
DA:519,3
DA:523,5
DA:524,3
DA:525,1
DA:526,3
DA:528,1
DA:529,2
DA:530,2
DA:531,1
DA:538,2
DA:539,0
DA:542,1
DA:543,1
DA:544,1
DA:546,1
DA:548,1
DA:551,3
DA:552,5
DA:553,1
DA:555,3
DA:559,2
DA:560,6
DA:561,3
DA:562,4
DA:563,1
DA:567,3
DA:568,1
DA:569,1
DA:570,1
DA:571,1
DA:572,1
DA:574,6
DA:575,3
DA:576,3
DA:580,3
DA:581,3
DA:582,1
DA:583,1
DA:584,1
DA:585,1
DA:586,1
DA:587,1
DA:588,1
DA:594,3
DA:595,3
DA:596,1
DA:597,1
DA:598,1
DA:599,1
DA:602,3
DA:603,3
DA:604,1
DA:605,1
DA:606,1
DA:607,1
DA:611,2
DA:612,4
DA:613,4
DA:615,1
DA:616,4
DA:618,2
DA:620,2
DA:621,2
DA:622,2
DA:623,2
DA:627,2
DA:631,1
DA:633,4
DA:634,1
DA:635,4
DA:636,3
DA:637,3
DA:640,2
DA:641,4
DA:642,8
DA:645,1
DA:646,2
DA:647,2
DA:648,3
DA:651,1
DA:652,2
DA:653,2
DA:654,4
DA:655,2
DA:658,1
DA:659,2
DA:660,2
DA:661,2
DA:662,2
DA:663,1
DA:666,1
DA:673,1
DA:674,1
DA:676,4
DA:677,2
DA:678,1
DA:681,4
DA:683,5
DA:684,1
DA:687,2
DA:688,3
DA:689,1
DA:691,1
DA:692,2
DA:697,1
DA:699,3
DA:702,2
DA:711,6
DA:712,2
DA:713,2
DA:714,2
DA:715,1
DA:716,1
DA:717,5
DA:718,1
DA:720,22
DA:721,4
DA:724,2
DA:727,2
DA:729,1
DA:730,8
DA:731,2
DA:732,6
DA:735,4
DA:736,8
DA:737,2
DA:739,5
DA:740,2
DA:752,1
DA:754,2
DA:757,2
DA:761,6
LF:383
LH:360
end_of_record
SF:lib\widgets\ad_banner.dart
DA:7,1
DA:9,1
DA:10,1
DA:17,1
DA:19,1
DA:20,1
DA:23,1
DA:24,2
DA:26,0
DA:27,0
DA:28,0
DA:29,0
DA:30,0
DA:33,0
DA:34,0
DA:39,1
DA:41,1
DA:42,1
DA:45,1
DA:47,1
DA:50,0
DA:51,0
DA:52,0
DA:53,0
LF:24
LH:13
end_of_record
SF:lib\services\ad_config.dart
DA:2,3
DA:10,9
DA:15,3
DA:20,3
DA:22,6
LF:5
LH:5
end_of_record
SF:lib\services\ad_service.dart
DA:7,3
DA:8,9
DA:12,1
DA:13,1
DA:15,2
DA:16,1
DA:18,2
DA:22,1
DA:24,2
DA:27,3
DA:32,3
DA:33,6
DA:36,3
DA:37,0
DA:42,3
DA:46,2
DA:51,2
DA:52,4
DA:55,2
DA:56,0
DA:60,2
LF:21
LH:19
end_of_record
SF:lib\theme\app_theme.dart
DA:9,1
DA:10,1
DA:15,1
DA:24,1
DA:27,1
DA:31,1
DA:32,1
DA:33,1
DA:34,1
DA:35,1
DA:36,1
DA:38,1
DA:40,1
DA:41,2
DA:43,1
DA:44,1
DA:46,2
DA:49,1
DA:50,1
DA:51,1
DA:52,1
DA:54,2
DA:58,1
DA:59,1
DA:60,1
DA:62,2
DA:64,2
DA:65,1
DA:66,1
DA:68,1
DA:69,1
DA:70,1
DA:71,1
DA:72,2
DA:73,1
DA:75,1
DA:76,1
DA:78,1
DA:79,2
DA:82,2
DA:86,1
DA:87,1
DA:92,1
DA:100,1
DA:103,1
DA:107,1
DA:108,1
DA:109,1
DA:110,1
DA:111,1
DA:112,1
DA:114,1
DA:116,1
DA:117,2
DA:119,1
DA:120,1
DA:122,2
DA:125,1
DA:126,1
DA:127,1
DA:128,1
DA:130,2
DA:134,1
DA:135,1
DA:136,1
DA:138,2
DA:140,2
DA:141,1
DA:142,1
DA:144,1
DA:145,1
DA:146,1
DA:147,1
DA:148,2
DA:149,1
DA:151,1
DA:152,1
DA:154,1
DA:155,2
DA:158,2
LF:80
LH:80
end_of_record
SF:lib\theme\text_styles.dart
DA:7,1
DA:8,1
DA:9,1
DA:10,2
DA:15,2
DA:20,2
DA:24,2
DA:28,2
LF:8
LH:8
end_of_record
SF:lib\screens\onboarding_screen.dart
DA:11,1
DA:13,2
DA:14,2
DA:40,2
DA:42,4
DA:43,2
DA:46,2
DA:48,8
DA:49,4
DA:50,4
DA:51,4
DA:56,2
DA:58,8
DA:59,4
DA:60,4
DA:61,4
DA:66,1
DA:67,1
DA:68,1
DA:69,1
DA:70,3
DA:71,2
DA:75,2
DA:77,4
DA:78,4
DA:80,2
DA:81,2
DA:82,2
DA:83,2
DA:84,2
DA:85,2
DA:86,2
DA:87,4
DA:88,2
DA:89,2
DA:90,2
DA:91,2
DA:93,2
DA:95,2
DA:96,2
DA:98,2
DA:99,4
DA:100,2
DA:102,6
DA:105,2
DA:106,2
DA:108,4
DA:113,2
DA:114,2
DA:116,4
DA:117,2
DA:121,4
DA:123,2
DA:124,2
DA:126,4
DA:141,2
DA:143,2
DA:144,2
DA:145,4
DA:147,2
DA:149,2
DA:153,6
DA:154,2
DA:155,2
DA:156,4
DA:158,2
DA:159,1
DA:161,1
DA:175,2
DA:177,2
DA:179,6
DA:180,2
DA:183,4
DA:185,2
DA:186,2
DA:187,4
DA:188,2
DA:189,4
DA:196,2
DA:198,2
DA:201,2
DA:202,1
DA:203,4
DA:204,2
DA:209,1
DA:212,2
DA:213,14
DA:218,8
DA:219,2
DA:220,2
DA:221,2
DA:222,4
DA:223,4
DA:227,1
DA:228,2
DA:240,1
LF:96
LH:96
end_of_record
SF:lib\screens\splash_screen.dart
DA:11,1
DA:13,2
DA:14,2
DA:18,2
DA:20,2
DA:21,2
DA:24,2
DA:25,2
DA:26,1
DA:28,1
DA:30,1
DA:31,3
DA:32,2
DA:35,3
DA:36,2
DA:41,2
DA:43,2
DA:44,2
DA:45,2
DA:46,2
DA:49,2
DA:50,6
DA:51,6
DA:55,2
DA:56,2
DA:58,2
DA:59,2
DA:62,6
DA:65,2
DA:66,4
DA:67,8
DA:68,6
DA:73,2
DA:74,4
DA:75,8
DA:76,2
DA:77,2
DA:78,2
DA:79,2
DA:83,2
DA:84,2
DA:85,6
LF:42
LH:42
end_of_record
SF:lib\services\background_feed_worker.dart
DA:17,0
DA:19,0
DA:20,0
DA:21,0
DA:23,0
DA:24,0
DA:25,0
DA:34,1
DA:37,1
DA:38,1
DA:40,1
DA:41,2
DA:43,5
DA:44,1
DA:46,2
DA:49,2
DA:50,1
DA:51,2
DA:54,1
DA:55,1
DA:59,1
DA:64,3
DA:65,1
DA:66,2
DA:67,2
DA:69,2
DA:70,2
DA:71,2
DA:72,1
DA:81,0
DA:83,0
DA:84,0
DA:85,0
DA:93,1
DA:95,1
DA:96,1
DA:99,1
DA:100,1
DA:101,1
DA:103,0
DA:106,2
DA:108,0
DA:115,0
LF:43
LH:29
end_of_record
SF:lib\services\notification_service.dart
DA:5,4
DA:6,2
DA:12,2
DA:24,4
DA:33,2
DA:35,2
DA:37,2
DA:40,1
DA:41,1
DA:42,0
DA:47,0
DA:56,2
DA:57,2
DA:60,2
DA:67,2
DA:87,2
DA:94,3
DA:98,1
LF:18
LH:16
end_of_record
SF:lib\main.dart
DA:28,0
DA:29,0
DA:32,0
DA:36,0
DA:37,0
DA:38,0
DA:39,0
DA:44,0
DA:46,0
DA:53,0
DA:54,0
DA:55,0
DA:59,0
DA:60,0
DA:61,0
DA:65,0
DA:67,0
DA:70,0
DA:72,0
DA:75,0
DA:77,0
DA:79,0
DA:80,0
DA:84,0
DA:91,1
DA:93,1
DA:95,1
DA:96,1
DA:97,3
DA:98,3
DA:99,3
DA:100,4
DA:101,3
DA:102,2
DA:103,1
DA:104,1
DA:105,1
DA:106,1
DA:107,1
DA:108,1
DA:110,1
DA:114,1
DA:115,1
DA:116,1
DA:118,1
DA:119,1
DA:120,1
DA:121,1
DA:130,1
DA:131,1
DA:132,1
DA:133,1
DA:134,1
LF:53
LH:29
end_of_record
